2023-03-17 15:46:10,829 - root INFO - Main - acquire a child logger and then log messages in the child
2023-03-17 15:46:10,829 - DiscoveryAppln DEBUG - Main: parse command line arguments
2023-03-17 15:46:10,878 - DiscoveryAppln DEBUG - Main: resetting log level to 10
2023-03-17 15:46:10,878 - DiscoveryAppln DEBUG - Main: effective log level is 10
2023-03-17 15:46:10,878 - DiscoveryAppln DEBUG - Main: obtain a discovery application object
2023-03-17 15:46:10,878 - DiscoveryAppln DEBUG - Main: configure the discovery application object
2023-03-17 15:46:10,879 - DiscoveryAppln INFO - DiscoveryAppln::configure
2023-03-17 15:46:10,879 - DiscoveryAppln DEBUG - DiscoveryAppln::configure - parsing config.ini
2023-03-17 15:46:10,883 - DiscoveryAppln DEBUG - DiscoveryAppln::configure - setup underlying middleware object
2023-03-17 15:46:10,883 - DiscoveryAppln DEBUG - DiscoveryAppln::configure - getting hash and finger table
2023-03-17 15:46:10,883 - DiscoveryAppln INFO - DiscoveryMW::configure
2023-03-17 15:46:10,883 - DiscoveryAppln DEBUG - DiscoveryMW::configure: obtain ZMQ context
2023-03-17 15:46:10,884 - DiscoveryAppln DEBUG - DiscoveryMW::configure: create ZMQ POLLER
2023-03-17 15:46:10,884 - DiscoveryAppln DEBUG - DiscoveryMW::configure: create ZMQ REP socket
2023-03-17 15:46:10,886 - DiscoveryAppln DEBUG - DiscoveryMW::configure: register poller
2023-03-17 15:46:10,888 - DiscoveryAppln DEBUG - DiscoveryMW::configure: bind REP socket to address
2023-03-17 15:46:10,889 - DiscoveryAppln DEBUG - DiscoveryMW::configure: reading hash to ip json
2023-03-17 15:46:10,889 - DiscoveryAppln INFO - DiscoveryMW::configure completed
2023-03-17 15:46:10,889 - DiscoveryAppln DEBUG - DiscoveryAppln::configure - generating table for node
2023-03-17 15:46:10,896 - DiscoveryAppln DEBUG - DiscoveryMW::connectTable: connecting to all nodes in finger table
2023-03-17 15:46:10,896 - DiscoveryAppln DEBUG - DiscoveryMW::connectTable: 53174729515853 - <zmq.Socket(zmq.DEALER) at 0x7f856e741540> connected to disc3
2023-03-17 15:46:10,897 - DiscoveryAppln DEBUG - DiscoveryMW::connectTable: 75339516044248 - <zmq.Socket(zmq.DEALER) at 0x7f856e7415a0> connected to disc20
2023-03-17 15:46:10,897 - DiscoveryAppln DEBUG - DiscoveryMW::connectTable: 92788796846446 - <zmq.Socket(zmq.DEALER) at 0x7f856e741600> connected to disc10
2023-03-17 15:46:10,897 - DiscoveryAppln DEBUG - DiscoveryMW::connectTable: 121357477861072 - <zmq.Socket(zmq.DEALER) at 0x7f856e741660> connected to disc12
2023-03-17 15:46:10,897 - DiscoveryAppln DEBUG - DiscoveryMW::connectTable: 200736216270761 - <zmq.Socket(zmq.DEALER) at 0x7f856e7416c0> connected to disc6
2023-03-17 15:46:10,897 - DiscoveryAppln DEBUG - DiscoveryMW::connectTable: connected in dictionary self.req
2023-03-17 15:46:10,898 - DiscoveryAppln INFO - DiscoveryAppln::configure completed
2023-03-17 15:46:10,898 - DiscoveryAppln DEBUG - Main: invoke the discovery application driver
2023-03-17 15:46:10,898 - DiscoveryAppln INFO - DiscoveryAppln::driver
2023-03-17 15:46:10,898 - DiscoveryAppln INFO - **********************************
2023-03-17 15:46:10,898 - DiscoveryAppln INFO - DiscoveryAppln::dump
2023-03-17 15:46:10,898 - DiscoveryAppln INFO - ------------------------------
2023-03-17 15:46:10,898 - DiscoveryAppln INFO -      Lookup: Distributed
2023-03-17 15:46:10,898 - DiscoveryAppln INFO -      Dissemination: Direct
2023-03-17 15:46:10,901 - DiscoveryAppln INFO -      Expected Subscribers: 5
2023-03-17 15:46:10,902 - DiscoveryAppln INFO -      Expected Publishers: 5
2023-03-17 15:46:10,902 - DiscoveryAppln INFO - **********************************
2023-03-17 15:46:10,902 - DiscoveryAppln DEBUG - DiscoveryAppln::driver - setting upcall handle
2023-03-17 15:46:10,902 - DiscoveryAppln INFO - DiscoveryMW::event_loop: start
2023-03-17 15:46:10,902 - DiscoveryAppln DEBUG - waiting for events...
2023-03-17 15:46:10,902 - DiscoveryAppln DEBUG - {}
2023-03-17 15:46:10,902 - DiscoveryAppln INFO - DiscoveryAppln::invoke_operation
2023-03-17 15:46:10,902 - DiscoveryAppln INFO - control back to event loop
2023-03-17 15:46:10,902 - DiscoveryAppln DEBUG - waiting for events...
2023-03-17 15:46:11,028 - DiscoveryAppln DEBUG - {<zmq.Socket(zmq.ROUTER) at 0x7f856e7414e0>: 1}
2023-03-17 15:46:11,028 - DiscoveryAppln DEBUG - Calling handle_request()
2023-03-17 15:46:11,028 - DiscoveryAppln INFO - DiscoveryMW::handle_request:
2023-03-17 15:46:11,028 - DiscoveryAppln DEBUG - [b'43131617558264', b'16229785994540', b'261274528407611', b'245206622529518', b'216848632664479', b'\x00k\x8bEg', b'', b'\x08\x062\x0c\x08\x01\x10\x01\x18\x9f\xa3\xe1\x8d\x90\xa71']
2023-03-17 15:46:11,028 - DiscoveryAppln INFO - [b'43131617558264', b'16229785994540', b'261274528407611', b'245206622529518', b'216848632664479', b'\x00k\x8bEg']
2023-03-17 15:46:11,029 - DiscoveryAppln INFO - msg_type: TYPE_ISREADY_DHT
isready_req_dht {
  count_sub: 1
  count_pub: 1
  src: 216848632664479
}

2023-03-17 15:46:11,029 - DiscoveryAppln DEBUG - DiscoveryAppln::isready_loop src = 216848632664479
2023-03-17 15:46:11,029 - DiscoveryAppln DEBUG - DiscoveryAppln::isready_loop current node = 49112187787524
2023-03-17 15:46:11,029 - DiscoveryAppln INFO - DiscoveryMW::propagateIsReady: building dht request to send to disc3 from src disc18
2023-03-17 15:46:11,029 - DiscoveryAppln DEBUG - DiscoveryMW::propagateIsReaedy: done building dht request
2023-03-17 15:46:11,029 - DiscoveryAppln DEBUG - Stringified serialized buffer = [b'43131617558264', b'16229785994540', b'261274528407611', b'245206622529518', b'216848632664479', b'\x00k\x8bEg', b'', b'\x08\x062\x0c\x08\x01\x10\x01\x18\x9f\xa3\xe1\x8d\x90\xa71']
2023-03-17 15:46:11,029 - DiscoveryAppln DEBUG - DiscoveryMW::handle_request: done handling request with timeout = None
2023-03-17 15:46:11,029 - DiscoveryAppln INFO - control back to event loop
2023-03-17 15:46:11,029 - DiscoveryAppln DEBUG - waiting for events...
2023-03-17 15:46:11,156 - DiscoveryAppln DEBUG - {<zmq.Socket(zmq.ROUTER) at 0x7f856e7414e0>: 1}
2023-03-17 15:46:11,156 - DiscoveryAppln DEBUG - Calling handle_request()
2023-03-17 15:46:11,157 - DiscoveryAppln INFO - DiscoveryMW::handle_request:
2023-03-17 15:46:11,157 - DiscoveryAppln DEBUG - [b'43131617558264', b'16229785994540', b'261274528407611', b'245206622529518', b'216848632664479', b'200736216270761', b'179284730639870', b'177038261674044', b'166891747590864', b'\x00k\x8bEg', b'', b'\x08\x062\x0c\x08\x02\x10\x01\x18\xd0\x85\xd3\x9a\x98\xf9%']
2023-03-17 15:46:11,157 - DiscoveryAppln INFO - [b'43131617558264', b'16229785994540', b'261274528407611', b'245206622529518', b'216848632664479', b'200736216270761', b'179284730639870', b'177038261674044', b'166891747590864', b'\x00k\x8bEg']
2023-03-17 15:46:11,157 - DiscoveryAppln INFO - msg_type: TYPE_ISREADY_DHT
isready_req_dht {
  count_sub: 2
  count_pub: 1
  src: 166891747590864
}

2023-03-17 15:46:11,157 - DiscoveryAppln DEBUG - DiscoveryAppln::isready_loop src = 166891747590864
2023-03-17 15:46:11,157 - DiscoveryAppln DEBUG - DiscoveryAppln::isready_loop current node = 49112187787524
2023-03-17 15:46:11,157 - DiscoveryAppln INFO - DiscoveryMW::propagateIsReady: building dht request to send to disc3 from src disc11
2023-03-17 15:46:11,157 - DiscoveryAppln DEBUG - DiscoveryMW::propagateIsReaedy: done building dht request
2023-03-17 15:46:11,157 - DiscoveryAppln DEBUG - Stringified serialized buffer = [b'43131617558264', b'16229785994540', b'261274528407611', b'245206622529518', b'216848632664479', b'200736216270761', b'179284730639870', b'177038261674044', b'166891747590864', b'\x00k\x8bEg', b'', b'\x08\x062\x0c\x08\x02\x10\x01\x18\xd0\x85\xd3\x9a\x98\xf9%']
2023-03-17 15:46:11,157 - DiscoveryAppln DEBUG - DiscoveryMW::handle_request: done handling request with timeout = None
2023-03-17 15:46:11,157 - DiscoveryAppln INFO - control back to event loop
2023-03-17 15:46:11,157 - DiscoveryAppln DEBUG - waiting for events...
2023-03-17 15:46:11,220 - DiscoveryAppln DEBUG - {<zmq.Socket(zmq.ROUTER) at 0x7f856e7414e0>: 1}
2023-03-17 15:46:11,220 - DiscoveryAppln DEBUG - Calling handle_request()
2023-03-17 15:46:11,220 - DiscoveryAppln INFO - DiscoveryMW::handle_request:
2023-03-17 15:46:11,220 - DiscoveryAppln DEBUG - [b'43131617558264', b'16229785994540', b'261274528407611', b'245206622529518', b'216848632664479', b'200736216270761', b'179284730639870', b'177038261674044', b'166891747590864', b'149057202460357', b'129858881772006', b'121357477861072', b'117261750833392', b'114878299796286', b'110977344024584', b'92788796846446', b'80647304915107', b'75339516044248', b'\x00k\x8bEg', b'', b'\x08\x062\x0c\x08\x03\x10\x04\x18\xd8\xc7\xdd\xc8\xd5\x90\x11']
2023-03-17 15:46:11,220 - DiscoveryAppln INFO - [b'43131617558264', b'16229785994540', b'261274528407611', b'245206622529518', b'216848632664479', b'200736216270761', b'179284730639870', b'177038261674044', b'166891747590864', b'149057202460357', b'129858881772006', b'121357477861072', b'117261750833392', b'114878299796286', b'110977344024584', b'92788796846446', b'80647304915107', b'75339516044248', b'\x00k\x8bEg']
2023-03-17 15:46:11,220 - DiscoveryAppln INFO - msg_type: TYPE_ISREADY_DHT
isready_req_dht {
  count_sub: 3
  count_pub: 4
  src: 75339516044248
}

2023-03-17 15:46:11,221 - DiscoveryAppln DEBUG - DiscoveryAppln::isready_loop src = 75339516044248
2023-03-17 15:46:11,221 - DiscoveryAppln DEBUG - DiscoveryAppln::isready_loop current node = 49112187787524
2023-03-17 15:46:11,221 - DiscoveryAppln INFO - DiscoveryMW::propagateIsReady: building dht request to send to disc3 from src disc20
2023-03-17 15:46:11,221 - DiscoveryAppln DEBUG - DiscoveryMW::propagateIsReaedy: done building dht request
2023-03-17 15:46:11,221 - DiscoveryAppln DEBUG - Stringified serialized buffer = [b'43131617558264', b'16229785994540', b'261274528407611', b'245206622529518', b'216848632664479', b'200736216270761', b'179284730639870', b'177038261674044', b'166891747590864', b'149057202460357', b'129858881772006', b'121357477861072', b'117261750833392', b'114878299796286', b'110977344024584', b'92788796846446', b'80647304915107', b'75339516044248', b'\x00k\x8bEg', b'', b'\x08\x062\x0c\x08\x03\x10\x04\x18\xd8\xc7\xdd\xc8\xd5\x90\x11']
2023-03-17 15:46:11,222 - DiscoveryAppln DEBUG - DiscoveryMW::handle_request: done handling request with timeout = None
2023-03-17 15:46:11,222 - DiscoveryAppln INFO - control back to event loop
2023-03-17 15:46:11,222 - DiscoveryAppln DEBUG - waiting for events...
2023-03-17 15:46:11,228 - DiscoveryAppln DEBUG - {<zmq.Socket(zmq.ROUTER) at 0x7f856e7414e0>: 1}
2023-03-17 15:46:11,228 - DiscoveryAppln DEBUG - Calling handle_request()
2023-03-17 15:46:11,228 - DiscoveryAppln INFO - DiscoveryMW::handle_request:
2023-03-17 15:46:11,228 - DiscoveryAppln DEBUG - [b'43131617558264', b'\x00k\x8bEg', b'', b'\x08\x062\n\x10\x02\x18\xf8\xfd\xf8\xe5\xa5\xe7\t']
2023-03-17 15:46:11,228 - DiscoveryAppln INFO - [b'43131617558264', b'\x00k\x8bEg']
2023-03-17 15:46:11,228 - DiscoveryAppln INFO - msg_type: TYPE_ISREADY_DHT
isready_req_dht {
  count_pub: 2
  src: 43131617558264
}

2023-03-17 15:46:11,228 - DiscoveryAppln DEBUG - DiscoveryAppln::isready_loop src = 43131617558264
2023-03-17 15:46:11,228 - DiscoveryAppln DEBUG - DiscoveryAppln::isready_loop current node = 49112187787524
2023-03-17 15:46:11,229 - DiscoveryAppln INFO - DiscoveryMW::propagateIsReady: building dht request to send to disc3 from src disc1
2023-03-17 15:46:11,229 - DiscoveryAppln DEBUG - DiscoveryMW::propagateIsReaedy: done building dht request
2023-03-17 15:46:11,229 - DiscoveryAppln DEBUG - Stringified serialized buffer = [b'43131617558264', b'\x00k\x8bEg', b'', b'\x08\x062\n\x10\x02\x18\xf8\xfd\xf8\xe5\xa5\xe7\t']
2023-03-17 15:46:11,229 - DiscoveryAppln DEBUG - DiscoveryMW::handle_request: done handling request with timeout = None
2023-03-17 15:46:11,229 - DiscoveryAppln INFO - control back to event loop
2023-03-17 15:46:11,229 - DiscoveryAppln DEBUG - waiting for events...
2023-03-17 15:46:11,229 - DiscoveryAppln DEBUG - {<zmq.Socket(zmq.DEALER) at 0x7f856e741540>: 1}
2023-03-17 15:46:11,229 - DiscoveryAppln DEBUG - Calling handle_reply() for hash 53174729515853
2023-03-17 15:46:11,230 - DiscoveryAppln INFO - DiscoveryMW::handle_reply:
2023-03-17 15:46:11,230 - DiscoveryAppln DEBUG - [b'43131617558264', b'16229785994540', b'261274528407611', b'245206622529518', b'216848632664479', b'200736216270761', b'179284730639870', b'177038261674044', b'166891747590864', b'\x00k\x8bEg', b'', b'\x08\x062\x10\x10\xd0\x85\xd3\x9a\x98\xf9%\x18\xcd\xc6\xf4\xa6\xcb\x8b\x0c']
2023-03-17 15:46:11,230 - DiscoveryAppln DEBUG - DiscoveryMW::handle_reply: received [b'43131617558264', b'16229785994540', b'261274528407611', b'245206622529518', b'216848632664479', b'200736216270761', b'179284730639870', b'177038261674044', b'166891747590864', b'\x00k\x8bEg', b'']
2023-03-17 15:46:11,231 - DiscoveryAppln INFO - DiscoveryMW::handle_reply: received a reply from disc3
2023-03-17 15:46:11,231 - DiscoveryAppln INFO - DiscoveryAppln::handle_isready_reply_dht received reply from node 53174729515853
2023-03-17 15:46:11,231 - DiscoveryAppln INFO - DiscoveryAppln::handle_isready_reply_dht propagating reply to source
2023-03-17 15:46:11,231 - DiscoveryAppln DEBUG - DiscoveryMW::is_ready_reply_dht
2023-03-17 15:46:11,231 - DiscoveryAppln DEBUG - DiscoveryMW::is_ready_reply: done building reply
2023-03-17 15:46:11,231 - DiscoveryAppln DEBUG - Stringified serialized buffer = [b'43131617558264', b'16229785994540', b'261274528407611', b'245206622529518', b'216848632664479', b'200736216270761', b'179284730639870', b'177038261674044', b'166891747590864', b'\x00k\x8bEg', b'', b'\x08\x062\x10\x10\xd0\x85\xd3\x9a\x98\xf9%\x18\x84\xb2\x87\x94\xad\x95\x0b']
2023-03-17 15:46:11,231 - DiscoveryAppln DEBUG - DiscoveryMW::register_reply: send reply
2023-03-17 15:46:11,232 - DiscoveryAppln INFO - DiscoveryMW::register_reply: done replying to client register request
2023-03-17 15:46:11,232 - DiscoveryAppln DEBUG - DiscoveryMW::handle_request: done handling reply with timeout None
2023-03-17 15:46:11,232 - DiscoveryAppln INFO - control back to event loop
2023-03-17 15:46:11,232 - DiscoveryAppln DEBUG - waiting for events...
2023-03-17 15:46:11,232 - DiscoveryAppln DEBUG - {<zmq.Socket(zmq.DEALER) at 0x7f856e741540>: 1}
2023-03-17 15:46:11,232 - DiscoveryAppln DEBUG - Calling handle_reply() for hash 53174729515853
2023-03-17 15:46:11,232 - DiscoveryAppln INFO - DiscoveryMW::handle_reply:
2023-03-17 15:46:11,232 - DiscoveryAppln DEBUG - [b'43131617558264', b'16229785994540', b'261274528407611', b'245206622529518', b'216848632664479', b'200736216270761', b'179284730639870', b'177038261674044', b'166891747590864', b'149057202460357', b'129858881772006', b'121357477861072', b'117261750833392', b'114878299796286', b'110977344024584', b'92788796846446', b'80647304915107', b'75339516044248', b'\x00k\x8bEg', b'', b'\x08\x062\x10\x10\xd8\xc7\xdd\xc8\xd5\x90\x11\x18\xcd\xc6\xf4\xa6\xcb\x8b\x0c']
2023-03-17 15:46:11,232 - DiscoveryAppln DEBUG - DiscoveryMW::handle_reply: received [b'43131617558264', b'16229785994540', b'261274528407611', b'245206622529518', b'216848632664479', b'200736216270761', b'179284730639870', b'177038261674044', b'166891747590864', b'149057202460357', b'129858881772006', b'121357477861072', b'117261750833392', b'114878299796286', b'110977344024584', b'92788796846446', b'80647304915107', b'75339516044248', b'\x00k\x8bEg', b'']
2023-03-17 15:46:11,232 - DiscoveryAppln INFO - DiscoveryMW::handle_reply: received a reply from disc3
2023-03-17 15:46:11,233 - DiscoveryAppln INFO - DiscoveryAppln::handle_isready_reply_dht received reply from node 53174729515853
2023-03-17 15:46:11,233 - DiscoveryAppln INFO - DiscoveryAppln::handle_isready_reply_dht propagating reply to source
2023-03-17 15:46:11,233 - DiscoveryAppln DEBUG - DiscoveryMW::is_ready_reply_dht
2023-03-17 15:46:11,233 - DiscoveryAppln DEBUG - DiscoveryMW::is_ready_reply: done building reply
2023-03-17 15:46:11,233 - DiscoveryAppln DEBUG - Stringified serialized buffer = [b'43131617558264', b'16229785994540', b'261274528407611', b'245206622529518', b'216848632664479', b'200736216270761', b'179284730639870', b'177038261674044', b'166891747590864', b'149057202460357', b'129858881772006', b'121357477861072', b'117261750833392', b'114878299796286', b'110977344024584', b'92788796846446', b'80647304915107', b'75339516044248', b'\x00k\x8bEg', b'', b'\x08\x062\x10\x10\xd8\xc7\xdd\xc8\xd5\x90\x11\x18\x84\xb2\x87\x94\xad\x95\x0b']
2023-03-17 15:46:11,233 - DiscoveryAppln DEBUG - DiscoveryMW::register_reply: send reply
2023-03-17 15:46:11,234 - DiscoveryAppln INFO - DiscoveryMW::register_reply: done replying to client register request
2023-03-17 15:46:11,241 - DiscoveryAppln DEBUG - DiscoveryMW::handle_request: done handling reply with timeout None
2023-03-17 15:46:11,241 - DiscoveryAppln INFO - control back to event loop
2023-03-17 15:46:11,241 - DiscoveryAppln DEBUG - waiting for events...
2023-03-17 15:46:11,241 - DiscoveryAppln DEBUG - {<zmq.Socket(zmq.DEALER) at 0x7f856e741540>: 1}
2023-03-17 15:46:11,242 - DiscoveryAppln DEBUG - Calling handle_reply() for hash 53174729515853
2023-03-17 15:46:11,242 - DiscoveryAppln INFO - DiscoveryMW::handle_reply:
2023-03-17 15:46:11,242 - DiscoveryAppln DEBUG - [b'43131617558264', b'16229785994540', b'261274528407611', b'245206622529518', b'216848632664479', b'\x00k\x8bEg', b'', b'\x08\x062\x10\x10\x9f\xa3\xe1\x8d\x90\xa71\x18\xcd\xc6\xf4\xa6\xcb\x8b\x0c']
2023-03-17 15:46:11,242 - DiscoveryAppln DEBUG - DiscoveryMW::handle_reply: received [b'43131617558264', b'16229785994540', b'261274528407611', b'245206622529518', b'216848632664479', b'\x00k\x8bEg', b'']
2023-03-17 15:46:11,242 - DiscoveryAppln INFO - DiscoveryMW::handle_reply: received a reply from disc3
2023-03-17 15:46:11,242 - DiscoveryAppln INFO - DiscoveryAppln::handle_isready_reply_dht received reply from node 53174729515853
2023-03-17 15:46:11,242 - DiscoveryAppln INFO - DiscoveryAppln::handle_isready_reply_dht propagating reply to source
2023-03-17 15:46:11,242 - DiscoveryAppln DEBUG - DiscoveryMW::is_ready_reply_dht
2023-03-17 15:46:11,242 - DiscoveryAppln DEBUG - DiscoveryMW::is_ready_reply: done building reply
2023-03-17 15:46:11,242 - DiscoveryAppln DEBUG - Stringified serialized buffer = [b'43131617558264', b'16229785994540', b'261274528407611', b'245206622529518', b'216848632664479', b'\x00k\x8bEg', b'', b'\x08\x062\x10\x10\x9f\xa3\xe1\x8d\x90\xa71\x18\x84\xb2\x87\x94\xad\x95\x0b']
2023-03-17 15:46:11,242 - DiscoveryAppln DEBUG - DiscoveryMW::register_reply: send reply
2023-03-17 15:46:11,242 - DiscoveryAppln INFO - DiscoveryMW::register_reply: done replying to client register request
2023-03-17 15:46:11,242 - DiscoveryAppln DEBUG - DiscoveryMW::handle_request: done handling reply with timeout None
2023-03-17 15:46:11,243 - DiscoveryAppln INFO - control back to event loop
2023-03-17 15:46:11,243 - DiscoveryAppln DEBUG - waiting for events...
2023-03-17 15:46:11,263 - DiscoveryAppln DEBUG - {<zmq.Socket(zmq.ROUTER) at 0x7f856e7414e0>: 1}
2023-03-17 15:46:11,263 - DiscoveryAppln DEBUG - Calling handle_request()
2023-03-17 15:46:11,263 - DiscoveryAppln INFO - DiscoveryMW::handle_request:
2023-03-17 15:46:11,263 - DiscoveryAppln DEBUG - [b'43131617558264', b'16229785994540', b'261274528407611', b'245206622529518', b'216848632664479', b'\x00k\x8bEh', b'', b'\x08\x062\x0c\x08\x01\x10\x03\x18\x9f\xa3\xe1\x8d\x90\xa71']
2023-03-17 15:46:11,263 - DiscoveryAppln INFO - [b'43131617558264', b'16229785994540', b'261274528407611', b'245206622529518', b'216848632664479', b'\x00k\x8bEh']
2023-03-17 15:46:11,263 - DiscoveryAppln INFO - msg_type: TYPE_ISREADY_DHT
isready_req_dht {
  count_sub: 1
  count_pub: 3
  src: 216848632664479
}

2023-03-17 15:46:11,263 - DiscoveryAppln DEBUG - DiscoveryAppln::isready_loop src = 216848632664479
2023-03-17 15:46:11,263 - DiscoveryAppln DEBUG - DiscoveryAppln::isready_loop current node = 49112187787524
2023-03-17 15:46:11,264 - DiscoveryAppln INFO - DiscoveryMW::propagateIsReady: building dht request to send to disc3 from src disc18
2023-03-17 15:46:11,264 - DiscoveryAppln DEBUG - DiscoveryMW::propagateIsReaedy: done building dht request
2023-03-17 15:46:11,264 - DiscoveryAppln DEBUG - Stringified serialized buffer = [b'43131617558264', b'16229785994540', b'261274528407611', b'245206622529518', b'216848632664479', b'\x00k\x8bEh', b'', b'\x08\x062\x0c\x08\x01\x10\x03\x18\x9f\xa3\xe1\x8d\x90\xa71']
2023-03-17 15:46:11,264 - DiscoveryAppln DEBUG - DiscoveryMW::handle_request: done handling request with timeout = None
2023-03-17 15:46:11,264 - DiscoveryAppln INFO - control back to event loop
2023-03-17 15:46:11,264 - DiscoveryAppln DEBUG - waiting for events...
2023-03-17 15:46:11,275 - DiscoveryAppln DEBUG - {<zmq.Socket(zmq.ROUTER) at 0x7f856e7414e0>: 1}
2023-03-17 15:46:11,275 - DiscoveryAppln DEBUG - Calling handle_request()
2023-03-17 15:46:11,275 - DiscoveryAppln INFO - DiscoveryMW::handle_request:
2023-03-17 15:46:11,275 - DiscoveryAppln DEBUG - [b'43131617558264', b'16229785994540', b'261274528407611', b'245206622529518', b'216848632664479', b'200736216270761', b'179284730639870', b'177038261674044', b'166891747590864', b'149057202460357', b'\x00k\x8bEg', b'', b'\x08\x062\x0c\x08\x02\x10\x04\x18\xc5\xad\xea\xac\x91\xf2!']
2023-03-17 15:46:11,276 - DiscoveryAppln INFO - [b'43131617558264', b'16229785994540', b'261274528407611', b'245206622529518', b'216848632664479', b'200736216270761', b'179284730639870', b'177038261674044', b'166891747590864', b'149057202460357', b'\x00k\x8bEg']
2023-03-17 15:46:11,276 - DiscoveryAppln INFO - msg_type: TYPE_ISREADY_DHT
isready_req_dht {
  count_sub: 2
  count_pub: 4
  src: 149057202460357
}

2023-03-17 15:46:11,276 - DiscoveryAppln DEBUG - DiscoveryAppln::isready_loop src = 149057202460357
2023-03-17 15:46:11,276 - DiscoveryAppln DEBUG - DiscoveryAppln::isready_loop current node = 49112187787524
2023-03-17 15:46:11,276 - DiscoveryAppln INFO - DiscoveryMW::propagateIsReady: building dht request to send to disc3 from src disc14
2023-03-17 15:46:11,276 - DiscoveryAppln DEBUG - DiscoveryMW::propagateIsReaedy: done building dht request
2023-03-17 15:46:11,276 - DiscoveryAppln DEBUG - Stringified serialized buffer = [b'43131617558264', b'16229785994540', b'261274528407611', b'245206622529518', b'216848632664479', b'200736216270761', b'179284730639870', b'177038261674044', b'166891747590864', b'149057202460357', b'\x00k\x8bEg', b'', b'\x08\x062\x0c\x08\x02\x10\x04\x18\xc5\xad\xea\xac\x91\xf2!']
2023-03-17 15:46:11,276 - DiscoveryAppln DEBUG - DiscoveryMW::handle_request: done handling request with timeout = None
2023-03-17 15:46:11,276 - DiscoveryAppln INFO - control back to event loop
2023-03-17 15:46:11,276 - DiscoveryAppln DEBUG - waiting for events...
2023-03-17 15:46:11,346 - DiscoveryAppln DEBUG - {<zmq.Socket(zmq.ROUTER) at 0x7f856e7414e0>: 1}
2023-03-17 15:46:11,346 - DiscoveryAppln DEBUG - Calling handle_request()
2023-03-17 15:46:11,347 - DiscoveryAppln INFO - DiscoveryMW::handle_request:
2023-03-17 15:46:11,347 - DiscoveryAppln DEBUG - [b'43131617558264', b'\x00k\x8bEh', b'', b'\x08\x062\n\x10\x02\x18\xf8\xfd\xf8\xe5\xa5\xe7\t']
2023-03-17 15:46:11,347 - DiscoveryAppln INFO - [b'43131617558264', b'\x00k\x8bEh']
2023-03-17 15:46:11,347 - DiscoveryAppln INFO - msg_type: TYPE_ISREADY_DHT
isready_req_dht {
  count_pub: 2
  src: 43131617558264
}

2023-03-17 15:46:11,347 - DiscoveryAppln DEBUG - DiscoveryAppln::isready_loop src = 43131617558264
2023-03-17 15:46:11,347 - DiscoveryAppln DEBUG - DiscoveryAppln::isready_loop current node = 49112187787524
2023-03-17 15:46:11,347 - DiscoveryAppln INFO - DiscoveryMW::propagateIsReady: building dht request to send to disc3 from src disc1
2023-03-17 15:46:11,347 - DiscoveryAppln DEBUG - DiscoveryMW::propagateIsReaedy: done building dht request
2023-03-17 15:46:11,347 - DiscoveryAppln DEBUG - Stringified serialized buffer = [b'43131617558264', b'\x00k\x8bEh', b'', b'\x08\x062\n\x10\x02\x18\xf8\xfd\xf8\xe5\xa5\xe7\t']
2023-03-17 15:46:11,347 - DiscoveryAppln DEBUG - DiscoveryMW::handle_request: done handling request with timeout = None
2023-03-17 15:46:11,347 - DiscoveryAppln INFO - control back to event loop
2023-03-17 15:46:11,347 - DiscoveryAppln DEBUG - waiting for events...
2023-03-17 15:46:11,347 - DiscoveryAppln DEBUG - {<zmq.Socket(zmq.DEALER) at 0x7f856e741540>: 1}
2023-03-17 15:46:11,348 - DiscoveryAppln DEBUG - Calling handle_reply() for hash 53174729515853
2023-03-17 15:46:11,348 - DiscoveryAppln INFO - DiscoveryMW::handle_reply:
2023-03-17 15:46:11,348 - DiscoveryAppln DEBUG - [b'43131617558264', b'16229785994540', b'261274528407611', b'245206622529518', b'216848632664479', b'200736216270761', b'179284730639870', b'177038261674044', b'166891747590864', b'149057202460357', b'\x00k\x8bEg', b'', b'\x08\x062\x10\x10\xc5\xad\xea\xac\x91\xf2!\x18\xcd\xc6\xf4\xa6\xcb\x8b\x0c']
2023-03-17 15:46:11,348 - DiscoveryAppln DEBUG - DiscoveryMW::handle_reply: received [b'43131617558264', b'16229785994540', b'261274528407611', b'245206622529518', b'216848632664479', b'200736216270761', b'179284730639870', b'177038261674044', b'166891747590864', b'149057202460357', b'\x00k\x8bEg', b'']
2023-03-17 15:46:11,348 - DiscoveryAppln INFO - DiscoveryMW::handle_reply: received a reply from disc3
2023-03-17 15:46:11,348 - DiscoveryAppln INFO - DiscoveryAppln::handle_isready_reply_dht received reply from node 53174729515853
2023-03-17 15:46:11,348 - DiscoveryAppln INFO - DiscoveryAppln::handle_isready_reply_dht propagating reply to source
2023-03-17 15:46:11,348 - DiscoveryAppln DEBUG - DiscoveryMW::is_ready_reply_dht
2023-03-17 15:46:11,348 - DiscoveryAppln DEBUG - DiscoveryMW::is_ready_reply: done building reply
2023-03-17 15:46:11,348 - DiscoveryAppln DEBUG - Stringified serialized buffer = [b'43131617558264', b'16229785994540', b'261274528407611', b'245206622529518', b'216848632664479', b'200736216270761', b'179284730639870', b'177038261674044', b'166891747590864', b'149057202460357', b'\x00k\x8bEg', b'', b'\x08\x062\x10\x10\xc5\xad\xea\xac\x91\xf2!\x18\x84\xb2\x87\x94\xad\x95\x0b']
2023-03-17 15:46:11,348 - DiscoveryAppln DEBUG - DiscoveryMW::register_reply: send reply
2023-03-17 15:46:11,348 - DiscoveryAppln INFO - DiscoveryMW::register_reply: done replying to client register request
2023-03-17 15:46:11,348 - DiscoveryAppln DEBUG - DiscoveryMW::handle_request: done handling reply with timeout None
2023-03-17 15:46:11,348 - DiscoveryAppln INFO - control back to event loop
2023-03-17 15:46:11,348 - DiscoveryAppln DEBUG - waiting for events...
2023-03-17 15:46:11,356 - DiscoveryAppln DEBUG - {<zmq.Socket(zmq.ROUTER) at 0x7f856e7414e0>: 1}
2023-03-17 15:46:11,356 - DiscoveryAppln DEBUG - Calling handle_request()
2023-03-17 15:46:11,356 - DiscoveryAppln INFO - DiscoveryMW::handle_request:
2023-03-17 15:46:11,356 - DiscoveryAppln DEBUG - [b'43131617558264', b'16229785994540', b'\x00k\x8bEg', b'', b'\x08\x062\x0c\x08\x01\x10\x02\x18\xac\x8a\x84\xd5\xac\xd8\x03']
2023-03-17 15:46:11,356 - DiscoveryAppln INFO - [b'43131617558264', b'16229785994540', b'\x00k\x8bEg']
2023-03-17 15:46:11,357 - DiscoveryAppln INFO - msg_type: TYPE_ISREADY_DHT
isready_req_dht {
  count_sub: 1
  count_pub: 2
  src: 16229785994540
}

2023-03-17 15:46:11,357 - DiscoveryAppln DEBUG - DiscoveryAppln::isready_loop src = 16229785994540
2023-03-17 15:46:11,357 - DiscoveryAppln DEBUG - DiscoveryAppln::isready_loop current node = 49112187787524
2023-03-17 15:46:11,357 - DiscoveryAppln INFO - DiscoveryMW::propagateIsReady: building dht request to send to disc3 from src disc7
2023-03-17 15:46:11,357 - DiscoveryAppln DEBUG - DiscoveryMW::propagateIsReaedy: done building dht request
2023-03-17 15:46:11,357 - DiscoveryAppln DEBUG - Stringified serialized buffer = [b'43131617558264', b'16229785994540', b'\x00k\x8bEg', b'', b'\x08\x062\x0c\x08\x01\x10\x02\x18\xac\x8a\x84\xd5\xac\xd8\x03']
2023-03-17 15:46:11,357 - DiscoveryAppln DEBUG - DiscoveryMW::handle_request: done handling request with timeout = None
2023-03-17 15:46:11,357 - DiscoveryAppln INFO - control back to event loop
2023-03-17 15:46:11,357 - DiscoveryAppln DEBUG - waiting for events...
2023-03-17 15:46:11,359 - DiscoveryAppln DEBUG - {<zmq.Socket(zmq.ROUTER) at 0x7f856e7414e0>: 1, <zmq.Socket(zmq.DEALER) at 0x7f856e741540>: 1}
2023-03-17 15:46:11,359 - DiscoveryAppln DEBUG - Calling handle_request()
2023-03-17 15:46:11,360 - DiscoveryAppln INFO - DiscoveryMW::handle_request:
2023-03-17 15:46:11,360 - DiscoveryAppln DEBUG - [b'43131617558264', b'16229785994540', b'261274528407611', b'245206622529518', b'216848632664479', b'200736216270761', b'179284730639870', b'177038261674044', b'166891747590864', b'149057202460357', b'129858881772006', b'121357477861072', b'\x00k\x8bEg', b'', b'\x08\x062\x0c\x08\x03\x10\x05\x18\xd0\xad\xef\xea\xfb\xcb\x1b']
2023-03-17 15:46:11,360 - DiscoveryAppln INFO - [b'43131617558264', b'16229785994540', b'261274528407611', b'245206622529518', b'216848632664479', b'200736216270761', b'179284730639870', b'177038261674044', b'166891747590864', b'149057202460357', b'129858881772006', b'121357477861072', b'\x00k\x8bEg']
2023-03-17 15:46:11,360 - DiscoveryAppln INFO - msg_type: TYPE_ISREADY_DHT
isready_req_dht {
  count_sub: 3
  count_pub: 5
  src: 121357477861072
}

2023-03-17 15:46:11,360 - DiscoveryAppln DEBUG - DiscoveryAppln::isready_loop src = 121357477861072
2023-03-17 15:46:11,360 - DiscoveryAppln DEBUG - DiscoveryAppln::isready_loop current node = 49112187787524
2023-03-17 15:46:11,360 - DiscoveryAppln INFO - DiscoveryMW::propagateIsReady: building dht request to send to disc3 from src disc12
2023-03-17 15:46:11,360 - DiscoveryAppln DEBUG - DiscoveryMW::propagateIsReaedy: done building dht request
2023-03-17 15:46:11,360 - DiscoveryAppln DEBUG - Stringified serialized buffer = [b'43131617558264', b'16229785994540', b'261274528407611', b'245206622529518', b'216848632664479', b'200736216270761', b'179284730639870', b'177038261674044', b'166891747590864', b'149057202460357', b'129858881772006', b'121357477861072', b'\x00k\x8bEg', b'', b'\x08\x062\x0c\x08\x03\x10\x05\x18\xd0\xad\xef\xea\xfb\xcb\x1b']
2023-03-17 15:46:11,360 - DiscoveryAppln DEBUG - DiscoveryMW::handle_request: done handling request with timeout = None
2023-03-17 15:46:11,360 - DiscoveryAppln DEBUG - Calling handle_reply() for hash 53174729515853
2023-03-17 15:46:11,360 - DiscoveryAppln INFO - DiscoveryMW::handle_reply:
2023-03-17 15:46:11,360 - DiscoveryAppln DEBUG - [b'43131617558264', b'16229785994540', b'261274528407611', b'245206622529518', b'216848632664479', b'\x00k\x8bEh', b'', b'\x08\x062\x10\x10\x9f\xa3\xe1\x8d\x90\xa71\x18\xcd\xc6\xf4\xa6\xcb\x8b\x0c']
2023-03-17 15:46:11,360 - DiscoveryAppln DEBUG - DiscoveryMW::handle_reply: received [b'43131617558264', b'16229785994540', b'261274528407611', b'245206622529518', b'216848632664479', b'\x00k\x8bEh', b'']
2023-03-17 15:46:11,360 - DiscoveryAppln INFO - DiscoveryMW::handle_reply: received a reply from disc3
2023-03-17 15:46:11,360 - DiscoveryAppln INFO - DiscoveryAppln::handle_isready_reply_dht received reply from node 53174729515853
2023-03-17 15:46:11,360 - DiscoveryAppln INFO - DiscoveryAppln::handle_isready_reply_dht propagating reply to source
2023-03-17 15:46:11,361 - DiscoveryAppln DEBUG - DiscoveryMW::is_ready_reply_dht
2023-03-17 15:46:11,361 - DiscoveryAppln DEBUG - DiscoveryMW::is_ready_reply: done building reply
2023-03-17 15:46:11,361 - DiscoveryAppln DEBUG - Stringified serialized buffer = [b'43131617558264', b'16229785994540', b'261274528407611', b'245206622529518', b'216848632664479', b'\x00k\x8bEh', b'', b'\x08\x062\x10\x10\x9f\xa3\xe1\x8d\x90\xa71\x18\x84\xb2\x87\x94\xad\x95\x0b']
2023-03-17 15:46:11,361 - DiscoveryAppln DEBUG - DiscoveryMW::register_reply: send reply
2023-03-17 15:46:11,361 - DiscoveryAppln INFO - DiscoveryMW::register_reply: done replying to client register request
2023-03-17 15:46:11,361 - DiscoveryAppln DEBUG - DiscoveryMW::handle_request: done handling reply with timeout None
2023-03-17 15:46:11,361 - DiscoveryAppln INFO - control back to event loop
2023-03-17 15:46:11,361 - DiscoveryAppln DEBUG - waiting for events...
2023-03-17 15:46:11,361 - DiscoveryAppln DEBUG - {<zmq.Socket(zmq.DEALER) at 0x7f856e741540>: 1}
2023-03-17 15:46:11,361 - DiscoveryAppln DEBUG - Calling handle_reply() for hash 53174729515853
2023-03-17 15:46:11,361 - DiscoveryAppln INFO - DiscoveryMW::handle_reply:
2023-03-17 15:46:11,361 - DiscoveryAppln DEBUG - [b'43131617558264', b'\x00k\x8bEg', b'', b'\x08\x062\x10\x10\xf8\xfd\xf8\xe5\xa5\xe7\t\x18\xcd\xc6\xf4\xa6\xcb\x8b\x0c']
2023-03-17 15:46:11,361 - DiscoveryAppln DEBUG - DiscoveryMW::handle_reply: received [b'43131617558264', b'\x00k\x8bEg', b'']
2023-03-17 15:46:11,361 - DiscoveryAppln INFO - DiscoveryMW::handle_reply: received a reply from disc3
2023-03-17 15:46:11,362 - DiscoveryAppln INFO - DiscoveryAppln::handle_isready_reply_dht received reply from node 53174729515853
2023-03-17 15:46:11,362 - DiscoveryAppln INFO - DiscoveryAppln::handle_isready_reply_dht propagating reply to source
2023-03-17 15:46:11,362 - DiscoveryAppln DEBUG - DiscoveryMW::is_ready_reply_dht
2023-03-17 15:46:11,362 - DiscoveryAppln DEBUG - DiscoveryMW::is_ready_reply: done building reply
2023-03-17 15:46:11,362 - DiscoveryAppln DEBUG - Stringified serialized buffer = [b'43131617558264', b'\x00k\x8bEg', b'', b'\x08\x062\x10\x10\xf8\xfd\xf8\xe5\xa5\xe7\t\x18\x84\xb2\x87\x94\xad\x95\x0b']
2023-03-17 15:46:11,362 - DiscoveryAppln DEBUG - DiscoveryMW::register_reply: send reply
2023-03-17 15:46:11,364 - DiscoveryAppln INFO - DiscoveryMW::register_reply: done replying to client register request
2023-03-17 15:46:11,364 - DiscoveryAppln DEBUG - DiscoveryMW::handle_request: done handling reply with timeout None
2023-03-17 15:46:11,364 - DiscoveryAppln INFO - control back to event loop
2023-03-17 15:46:11,364 - DiscoveryAppln DEBUG - waiting for events...
2023-03-17 15:46:11,410 - DiscoveryAppln DEBUG - {<zmq.Socket(zmq.DEALER) at 0x7f856e741540>: 1}
2023-03-17 15:46:11,410 - DiscoveryAppln DEBUG - Calling handle_reply() for hash 53174729515853
2023-03-17 15:46:11,410 - DiscoveryAppln INFO - DiscoveryMW::handle_reply:
2023-03-17 15:46:11,410 - DiscoveryAppln DEBUG - [b'43131617558264', b'16229785994540', b'261274528407611', b'245206622529518', b'216848632664479', b'200736216270761', b'179284730639870', b'177038261674044', b'166891747590864', b'149057202460357', b'129858881772006', b'121357477861072', b'\x00k\x8bEg', b'', b'\x08\x062\x10\x10\xd0\xad\xef\xea\xfb\xcb\x1b\x18\xcd\xc6\xf4\xa6\xcb\x8b\x0c']
2023-03-17 15:46:11,410 - DiscoveryAppln DEBUG - DiscoveryMW::handle_reply: received [b'43131617558264', b'16229785994540', b'261274528407611', b'245206622529518', b'216848632664479', b'200736216270761', b'179284730639870', b'177038261674044', b'166891747590864', b'149057202460357', b'129858881772006', b'121357477861072', b'\x00k\x8bEg', b'']
2023-03-17 15:46:11,410 - DiscoveryAppln INFO - DiscoveryMW::handle_reply: received a reply from disc3
2023-03-17 15:46:11,411 - DiscoveryAppln INFO - DiscoveryAppln::handle_isready_reply_dht received reply from node 53174729515853
2023-03-17 15:46:11,411 - DiscoveryAppln INFO - DiscoveryAppln::handle_isready_reply_dht propagating reply to source
2023-03-17 15:46:11,411 - DiscoveryAppln DEBUG - DiscoveryMW::is_ready_reply_dht
2023-03-17 15:46:11,411 - DiscoveryAppln DEBUG - DiscoveryMW::is_ready_reply: done building reply
2023-03-17 15:46:11,411 - DiscoveryAppln DEBUG - Stringified serialized buffer = [b'43131617558264', b'16229785994540', b'261274528407611', b'245206622529518', b'216848632664479', b'200736216270761', b'179284730639870', b'177038261674044', b'166891747590864', b'149057202460357', b'129858881772006', b'121357477861072', b'\x00k\x8bEg', b'', b'\x08\x062\x10\x10\xd0\xad\xef\xea\xfb\xcb\x1b\x18\x84\xb2\x87\x94\xad\x95\x0b']
2023-03-17 15:46:11,411 - DiscoveryAppln DEBUG - DiscoveryMW::register_reply: send reply
2023-03-17 15:46:11,411 - DiscoveryAppln INFO - DiscoveryMW::register_reply: done replying to client register request
2023-03-17 15:46:11,411 - DiscoveryAppln DEBUG - DiscoveryMW::handle_request: done handling reply with timeout None
2023-03-17 15:46:11,411 - DiscoveryAppln INFO - control back to event loop
2023-03-17 15:46:11,411 - DiscoveryAppln DEBUG - waiting for events...
2023-03-17 15:46:11,423 - DiscoveryAppln DEBUG - {<zmq.Socket(zmq.ROUTER) at 0x7f856e7414e0>: 1}
2023-03-17 15:46:11,423 - DiscoveryAppln DEBUG - Calling handle_request()
2023-03-17 15:46:11,423 - DiscoveryAppln INFO - DiscoveryMW::handle_request:
2023-03-17 15:46:11,423 - DiscoveryAppln DEBUG - [b'43131617558264', b'16229785994540', b'261274528407611', b'245206622529518', b'216848632664479', b'200736216270761', b'179284730639870', b'177038261674044', b'166891747590864', b'149057202460357', b'129858881772006', b'121357477861072', b'117261750833392', b'114878299796286', b'110977344024584', b'92788796846446', b'80647304915107', b'75339516044248', b'53174729515853', b'\x00k\x8bEg', b'', b'\x08\x062\x0c\x08\x05\x10\x05\x18\xcd\xc6\xf4\xa6\xcb\x8b\x0c']
2023-03-17 15:46:11,423 - DiscoveryAppln INFO - [b'43131617558264', b'16229785994540', b'261274528407611', b'245206622529518', b'216848632664479', b'200736216270761', b'179284730639870', b'177038261674044', b'166891747590864', b'149057202460357', b'129858881772006', b'121357477861072', b'117261750833392', b'114878299796286', b'110977344024584', b'92788796846446', b'80647304915107', b'75339516044248', b'53174729515853', b'\x00k\x8bEg']
2023-03-17 15:46:11,423 - DiscoveryAppln INFO - msg_type: TYPE_ISREADY_DHT
isready_req_dht {
  count_sub: 5
  count_pub: 5
  src: 53174729515853
}

2023-03-17 15:46:11,423 - DiscoveryAppln DEBUG - DiscoveryAppln::isready_loop src = 53174729515853
2023-03-17 15:46:11,423 - DiscoveryAppln DEBUG - DiscoveryAppln::isready_loop current node = 49112187787524
2023-03-17 15:46:11,423 - DiscoveryAppln INFO - DiscoveryAppln::isready_loop at source
2023-03-17 15:46:11,423 - DiscoveryAppln INFO - seen publishers: 5, expected publishers: 5
2023-03-17 15:46:11,423 - DiscoveryAppln INFO - seen subscribers: 5, expected subscribers: 5
2023-03-17 15:46:11,423 - DiscoveryAppln INFO - DiscoveryAppln::isready_loop replying with status: True
2023-03-17 15:46:11,423 - DiscoveryAppln DEBUG - DiscoveryMW::is_ready_reply_dht
2023-03-17 15:46:11,424 - DiscoveryAppln DEBUG - DiscoveryMW::is_ready_reply: done building reply
2023-03-17 15:46:11,424 - DiscoveryAppln DEBUG - Stringified serialized buffer = [b'43131617558264', b'16229785994540', b'261274528407611', b'245206622529518', b'216848632664479', b'200736216270761', b'179284730639870', b'177038261674044', b'166891747590864', b'149057202460357', b'129858881772006', b'121357477861072', b'117261750833392', b'114878299796286', b'110977344024584', b'92788796846446', b'80647304915107', b'75339516044248', b'53174729515853', b'\x00k\x8bEg', b'', b'\x08\x062\x12\x08\x01\x10\xcd\xc6\xf4\xa6\xcb\x8b\x0c\x18\x84\xb2\x87\x94\xad\x95\x0b']
2023-03-17 15:46:11,424 - DiscoveryAppln DEBUG - DiscoveryMW::register_reply: send reply
2023-03-17 15:46:11,424 - DiscoveryAppln INFO - DiscoveryMW::register_reply: done replying to client register request
2023-03-17 15:46:11,424 - DiscoveryAppln DEBUG - DiscoveryMW::handle_request: done handling request with timeout = None
2023-03-17 15:46:11,424 - DiscoveryAppln INFO - control back to event loop
2023-03-17 15:46:11,424 - DiscoveryAppln DEBUG - waiting for events...
2023-03-17 15:46:11,450 - DiscoveryAppln DEBUG - {<zmq.Socket(zmq.DEALER) at 0x7f856e741540>: 1}
2023-03-17 15:46:11,451 - DiscoveryAppln DEBUG - Calling handle_reply() for hash 53174729515853
2023-03-17 15:46:11,451 - DiscoveryAppln INFO - DiscoveryMW::handle_reply:
2023-03-17 15:46:11,451 - DiscoveryAppln DEBUG - [b'43131617558264', b'16229785994540', b'\x00k\x8bEg', b'', b'\x08\x062\x10\x10\xac\x8a\x84\xd5\xac\xd8\x03\x18\xcd\xc6\xf4\xa6\xcb\x8b\x0c']
2023-03-17 15:46:11,451 - DiscoveryAppln DEBUG - DiscoveryMW::handle_reply: received [b'43131617558264', b'16229785994540', b'\x00k\x8bEg', b'']
2023-03-17 15:46:11,451 - DiscoveryAppln INFO - DiscoveryMW::handle_reply: received a reply from disc3
2023-03-17 15:46:11,451 - DiscoveryAppln INFO - DiscoveryAppln::handle_isready_reply_dht received reply from node 53174729515853
2023-03-17 15:46:11,451 - DiscoveryAppln INFO - DiscoveryAppln::handle_isready_reply_dht propagating reply to source
2023-03-17 15:46:11,451 - DiscoveryAppln DEBUG - DiscoveryMW::is_ready_reply_dht
2023-03-17 15:46:11,451 - DiscoveryAppln DEBUG - DiscoveryMW::is_ready_reply: done building reply
2023-03-17 15:46:11,451 - DiscoveryAppln DEBUG - Stringified serialized buffer = [b'43131617558264', b'16229785994540', b'\x00k\x8bEg', b'', b'\x08\x062\x10\x10\xac\x8a\x84\xd5\xac\xd8\x03\x18\x84\xb2\x87\x94\xad\x95\x0b']
2023-03-17 15:46:11,451 - DiscoveryAppln DEBUG - DiscoveryMW::register_reply: send reply
2023-03-17 15:46:11,451 - DiscoveryAppln INFO - DiscoveryMW::register_reply: done replying to client register request
2023-03-17 15:46:11,451 - DiscoveryAppln DEBUG - DiscoveryMW::handle_request: done handling reply with timeout None
2023-03-17 15:46:11,451 - DiscoveryAppln INFO - control back to event loop
2023-03-17 15:46:11,451 - DiscoveryAppln DEBUG - waiting for events...
2023-03-17 15:46:11,460 - DiscoveryAppln DEBUG - {<zmq.Socket(zmq.DEALER) at 0x7f856e741540>: 1}
2023-03-17 15:46:11,460 - DiscoveryAppln DEBUG - Calling handle_reply() for hash 53174729515853
2023-03-17 15:46:11,461 - DiscoveryAppln INFO - DiscoveryMW::handle_reply:
2023-03-17 15:46:11,461 - DiscoveryAppln DEBUG - [b'43131617558264', b'\x00k\x8bEh', b'', b'\x08\x062\x10\x10\xf8\xfd\xf8\xe5\xa5\xe7\t\x18\xcd\xc6\xf4\xa6\xcb\x8b\x0c']
2023-03-17 15:46:11,462 - DiscoveryAppln DEBUG - DiscoveryMW::handle_reply: received [b'43131617558264', b'\x00k\x8bEh', b'']
2023-03-17 15:46:11,462 - DiscoveryAppln INFO - DiscoveryMW::handle_reply: received a reply from disc3
2023-03-17 15:46:11,462 - DiscoveryAppln INFO - DiscoveryAppln::handle_isready_reply_dht received reply from node 53174729515853
2023-03-17 15:46:11,462 - DiscoveryAppln INFO - DiscoveryAppln::handle_isready_reply_dht propagating reply to source
2023-03-17 15:46:11,462 - DiscoveryAppln DEBUG - DiscoveryMW::is_ready_reply_dht
2023-03-17 15:46:11,462 - DiscoveryAppln DEBUG - DiscoveryMW::is_ready_reply: done building reply
2023-03-17 15:46:11,462 - DiscoveryAppln DEBUG - Stringified serialized buffer = [b'43131617558264', b'\x00k\x8bEh', b'', b'\x08\x062\x10\x10\xf8\xfd\xf8\xe5\xa5\xe7\t\x18\x84\xb2\x87\x94\xad\x95\x0b']
2023-03-17 15:46:11,462 - DiscoveryAppln DEBUG - DiscoveryMW::register_reply: send reply
2023-03-17 15:46:11,466 - DiscoveryAppln INFO - DiscoveryMW::register_reply: done replying to client register request
2023-03-17 15:46:11,466 - DiscoveryAppln DEBUG - DiscoveryMW::handle_request: done handling reply with timeout None
2023-03-17 15:46:11,466 - DiscoveryAppln INFO - control back to event loop
2023-03-17 15:46:11,466 - DiscoveryAppln DEBUG - waiting for events...
2023-03-17 15:46:21,310 - DiscoveryAppln DEBUG - {<zmq.Socket(zmq.ROUTER) at 0x7f856e7414e0>: 1}
2023-03-17 15:46:21,310 - DiscoveryAppln DEBUG - Calling handle_request()
2023-03-17 15:46:21,310 - DiscoveryAppln INFO - DiscoveryMW::handle_request:
2023-03-17 15:46:21,311 - DiscoveryAppln DEBUG - [b'43131617558264', b'16229785994540', b'261274528407611', b'245206622529518', b'216848632664479', b'200736216270761', b'179284730639870', b'177038261674044', b'166891747590864', b'\x00k\x8bEg', b'', b'\x08\x062\x0c\x08\x03\x10\x03\x18\xd0\x85\xd3\x9a\x98\xf9%']
2023-03-17 15:46:21,311 - DiscoveryAppln INFO - [b'43131617558264', b'16229785994540', b'261274528407611', b'245206622529518', b'216848632664479', b'200736216270761', b'179284730639870', b'177038261674044', b'166891747590864', b'\x00k\x8bEg']
2023-03-17 15:46:21,311 - DiscoveryAppln INFO - msg_type: TYPE_ISREADY_DHT
isready_req_dht {
  count_sub: 3
  count_pub: 3
  src: 166891747590864
}

2023-03-17 15:46:21,311 - DiscoveryAppln DEBUG - DiscoveryAppln::isready_loop src = 166891747590864
2023-03-17 15:46:21,311 - DiscoveryAppln DEBUG - DiscoveryAppln::isready_loop current node = 49112187787524
2023-03-17 15:46:21,311 - DiscoveryAppln INFO - DiscoveryMW::propagateIsReady: building dht request to send to disc3 from src disc11
2023-03-17 15:46:21,311 - DiscoveryAppln DEBUG - DiscoveryMW::propagateIsReaedy: done building dht request
2023-03-17 15:46:21,311 - DiscoveryAppln DEBUG - Stringified serialized buffer = [b'43131617558264', b'16229785994540', b'261274528407611', b'245206622529518', b'216848632664479', b'200736216270761', b'179284730639870', b'177038261674044', b'166891747590864', b'\x00k\x8bEg', b'', b'\x08\x062\x0c\x08\x03\x10\x03\x18\xd0\x85\xd3\x9a\x98\xf9%']
2023-03-17 15:46:21,311 - DiscoveryAppln DEBUG - DiscoveryMW::handle_request: done handling request with timeout = None
2023-03-17 15:46:21,311 - DiscoveryAppln INFO - control back to event loop
2023-03-17 15:46:21,311 - DiscoveryAppln DEBUG - waiting for events...
2023-03-17 15:46:21,347 - DiscoveryAppln DEBUG - {<zmq.Socket(zmq.DEALER) at 0x7f856e741540>: 1}
2023-03-17 15:46:21,347 - DiscoveryAppln DEBUG - Calling handle_reply() for hash 53174729515853
2023-03-17 15:46:21,347 - DiscoveryAppln INFO - DiscoveryMW::handle_reply:
2023-03-17 15:46:21,347 - DiscoveryAppln DEBUG - [b'43131617558264', b'16229785994540', b'261274528407611', b'245206622529518', b'216848632664479', b'200736216270761', b'179284730639870', b'177038261674044', b'166891747590864', b'\x00k\x8bEg', b'', b'\x08\x062\x12\x08\x01\x10\xd0\x85\xd3\x9a\x98\xf9%\x18\xcd\xc6\xf4\xa6\xcb\x8b\x0c']
2023-03-17 15:46:21,347 - DiscoveryAppln DEBUG - DiscoveryMW::handle_reply: received [b'43131617558264', b'16229785994540', b'261274528407611', b'245206622529518', b'216848632664479', b'200736216270761', b'179284730639870', b'177038261674044', b'166891747590864', b'\x00k\x8bEg', b'']
2023-03-17 15:46:21,347 - DiscoveryAppln INFO - DiscoveryMW::handle_reply: received a reply from disc3
2023-03-17 15:46:21,347 - DiscoveryAppln INFO - DiscoveryAppln::handle_isready_reply_dht received reply from node 53174729515853
2023-03-17 15:46:21,347 - DiscoveryAppln INFO - DiscoveryAppln::handle_isready_reply_dht propagating reply to source
2023-03-17 15:46:21,347 - DiscoveryAppln DEBUG - DiscoveryMW::is_ready_reply_dht
2023-03-17 15:46:21,347 - DiscoveryAppln DEBUG - DiscoveryMW::is_ready_reply: done building reply
2023-03-17 15:46:21,347 - DiscoveryAppln DEBUG - Stringified serialized buffer = [b'43131617558264', b'16229785994540', b'261274528407611', b'245206622529518', b'216848632664479', b'200736216270761', b'179284730639870', b'177038261674044', b'166891747590864', b'\x00k\x8bEg', b'', b'\x08\x062\x12\x08\x01\x10\xd0\x85\xd3\x9a\x98\xf9%\x18\x84\xb2\x87\x94\xad\x95\x0b']
2023-03-17 15:46:21,347 - DiscoveryAppln DEBUG - DiscoveryMW::register_reply: send reply
2023-03-17 15:46:21,348 - DiscoveryAppln INFO - DiscoveryMW::register_reply: done replying to client register request
2023-03-17 15:46:21,348 - DiscoveryAppln DEBUG - DiscoveryMW::handle_request: done handling reply with timeout None
2023-03-17 15:46:21,348 - DiscoveryAppln INFO - control back to event loop
2023-03-17 15:46:21,348 - DiscoveryAppln DEBUG - waiting for events...
2023-03-17 15:46:21,368 - DiscoveryAppln DEBUG - {<zmq.Socket(zmq.ROUTER) at 0x7f856e7414e0>: 1}
2023-03-17 15:46:21,368 - DiscoveryAppln DEBUG - Calling handle_request()
2023-03-17 15:46:21,369 - DiscoveryAppln INFO - DiscoveryMW::handle_request:
2023-03-17 15:46:21,369 - DiscoveryAppln DEBUG - [b'43131617558264', b'16229785994540', b'261274528407611', b'245206622529518', b'216848632664479', b'\x00k\x8bEg', b'', b'\x08\x062\x0c\x08\x02\x10\x03\x18\x9f\xa3\xe1\x8d\x90\xa71']
2023-03-17 15:46:21,369 - DiscoveryAppln INFO - [b'43131617558264', b'16229785994540', b'261274528407611', b'245206622529518', b'216848632664479', b'\x00k\x8bEg']
2023-03-17 15:46:21,369 - DiscoveryAppln INFO - msg_type: TYPE_ISREADY_DHT
isready_req_dht {
  count_sub: 2
  count_pub: 3
  src: 216848632664479
}

2023-03-17 15:46:21,369 - DiscoveryAppln DEBUG - DiscoveryAppln::isready_loop src = 216848632664479
2023-03-17 15:46:21,369 - DiscoveryAppln DEBUG - DiscoveryAppln::isready_loop current node = 49112187787524
2023-03-17 15:46:21,369 - DiscoveryAppln INFO - DiscoveryMW::propagateIsReady: building dht request to send to disc3 from src disc18
2023-03-17 15:46:21,369 - DiscoveryAppln DEBUG - DiscoveryMW::propagateIsReaedy: done building dht request
2023-03-17 15:46:21,369 - DiscoveryAppln DEBUG - Stringified serialized buffer = [b'43131617558264', b'16229785994540', b'261274528407611', b'245206622529518', b'216848632664479', b'\x00k\x8bEg', b'', b'\x08\x062\x0c\x08\x02\x10\x03\x18\x9f\xa3\xe1\x8d\x90\xa71']
2023-03-17 15:46:21,370 - DiscoveryAppln DEBUG - DiscoveryMW::handle_request: done handling request with timeout = None
2023-03-17 15:46:21,370 - DiscoveryAppln INFO - control back to event loop
2023-03-17 15:46:21,370 - DiscoveryAppln DEBUG - waiting for events...
2023-03-17 15:46:21,388 - DiscoveryAppln DEBUG - {<zmq.Socket(zmq.ROUTER) at 0x7f856e7414e0>: 1}
2023-03-17 15:46:21,388 - DiscoveryAppln DEBUG - Calling handle_request()
2023-03-17 15:46:21,388 - DiscoveryAppln INFO - DiscoveryMW::handle_request:
2023-03-17 15:46:21,388 - DiscoveryAppln DEBUG - [b'43131617558264', b'\x00k\x8bEg', b'', b'\x08\x062\n\x10\x02\x18\xf8\xfd\xf8\xe5\xa5\xe7\t']
2023-03-17 15:46:21,388 - DiscoveryAppln INFO - [b'43131617558264', b'\x00k\x8bEg']
2023-03-17 15:46:21,388 - DiscoveryAppln INFO - msg_type: TYPE_ISREADY_DHT
isready_req_dht {
  count_pub: 2
  src: 43131617558264
}

2023-03-17 15:46:21,388 - DiscoveryAppln DEBUG - DiscoveryAppln::isready_loop src = 43131617558264
2023-03-17 15:46:21,388 - DiscoveryAppln DEBUG - DiscoveryAppln::isready_loop current node = 49112187787524
2023-03-17 15:46:21,389 - DiscoveryAppln INFO - DiscoveryMW::propagateIsReady: building dht request to send to disc3 from src disc1
2023-03-17 15:46:21,389 - DiscoveryAppln DEBUG - DiscoveryMW::propagateIsReaedy: done building dht request
2023-03-17 15:46:21,389 - DiscoveryAppln DEBUG - Stringified serialized buffer = [b'43131617558264', b'\x00k\x8bEg', b'', b'\x08\x062\n\x10\x02\x18\xf8\xfd\xf8\xe5\xa5\xe7\t']
2023-03-17 15:46:21,389 - DiscoveryAppln DEBUG - DiscoveryMW::handle_request: done handling request with timeout = None
2023-03-17 15:46:21,389 - DiscoveryAppln INFO - control back to event loop
2023-03-17 15:46:21,389 - DiscoveryAppln DEBUG - waiting for events...
2023-03-17 15:46:21,403 - DiscoveryAppln DEBUG - {<zmq.Socket(zmq.ROUTER) at 0x7f856e7414e0>: 1}
2023-03-17 15:46:21,403 - DiscoveryAppln DEBUG - Calling handle_request()
2023-03-17 15:46:21,403 - DiscoveryAppln INFO - DiscoveryMW::handle_request:
2023-03-17 15:46:21,403 - DiscoveryAppln DEBUG - [b'43131617558264', b'16229785994540', b'261274528407611', b'245206622529518', b'216848632664479', b'\x00k\x8bEh', b'', b'\x08\x062\x0c\x08\x02\x10\x03\x18\x9f\xa3\xe1\x8d\x90\xa71']
2023-03-17 15:46:21,403 - DiscoveryAppln INFO - [b'43131617558264', b'16229785994540', b'261274528407611', b'245206622529518', b'216848632664479', b'\x00k\x8bEh']
2023-03-17 15:46:21,403 - DiscoveryAppln INFO - msg_type: TYPE_ISREADY_DHT
isready_req_dht {
  count_sub: 2
  count_pub: 3
  src: 216848632664479
}

2023-03-17 15:46:21,403 - DiscoveryAppln DEBUG - DiscoveryAppln::isready_loop src = 216848632664479
2023-03-17 15:46:21,403 - DiscoveryAppln DEBUG - DiscoveryAppln::isready_loop current node = 49112187787524
2023-03-17 15:46:21,403 - DiscoveryAppln INFO - DiscoveryMW::propagateIsReady: building dht request to send to disc3 from src disc18
2023-03-17 15:46:21,403 - DiscoveryAppln DEBUG - DiscoveryMW::propagateIsReaedy: done building dht request
2023-03-17 15:46:21,403 - DiscoveryAppln DEBUG - Stringified serialized buffer = [b'43131617558264', b'16229785994540', b'261274528407611', b'245206622529518', b'216848632664479', b'\x00k\x8bEh', b'', b'\x08\x062\x0c\x08\x02\x10\x03\x18\x9f\xa3\xe1\x8d\x90\xa71']
2023-03-17 15:46:21,404 - DiscoveryAppln DEBUG - DiscoveryMW::handle_request: done handling request with timeout = None
2023-03-17 15:46:21,404 - DiscoveryAppln INFO - control back to event loop
2023-03-17 15:46:21,404 - DiscoveryAppln DEBUG - waiting for events...
2023-03-17 15:46:21,448 - DiscoveryAppln DEBUG - {<zmq.Socket(zmq.ROUTER) at 0x7f856e7414e0>: 1}
2023-03-17 15:46:21,449 - DiscoveryAppln DEBUG - Calling handle_request()
2023-03-17 15:46:21,449 - DiscoveryAppln INFO - DiscoveryMW::handle_request:
2023-03-17 15:46:21,449 - DiscoveryAppln DEBUG - [b'43131617558264', b'16229785994540', b'261274528407611', b'245206622529518', b'216848632664479', b'200736216270761', b'179284730639870', b'177038261674044', b'166891747590864', b'149057202460357', b'\x00k\x8bEg', b'', b'\x08\x062\x0c\x08\x03\x10\x04\x18\xc5\xad\xea\xac\x91\xf2!']
2023-03-17 15:46:21,449 - DiscoveryAppln INFO - [b'43131617558264', b'16229785994540', b'261274528407611', b'245206622529518', b'216848632664479', b'200736216270761', b'179284730639870', b'177038261674044', b'166891747590864', b'149057202460357', b'\x00k\x8bEg']
2023-03-17 15:46:21,449 - DiscoveryAppln INFO - msg_type: TYPE_ISREADY_DHT
isready_req_dht {
  count_sub: 3
  count_pub: 4
  src: 149057202460357
}

2023-03-17 15:46:21,449 - DiscoveryAppln DEBUG - DiscoveryAppln::isready_loop src = 149057202460357
2023-03-17 15:46:21,449 - DiscoveryAppln DEBUG - DiscoveryAppln::isready_loop current node = 49112187787524
2023-03-17 15:46:21,449 - DiscoveryAppln INFO - DiscoveryMW::propagateIsReady: building dht request to send to disc3 from src disc14
2023-03-17 15:46:21,449 - DiscoveryAppln DEBUG - DiscoveryMW::propagateIsReaedy: done building dht request
2023-03-17 15:46:21,449 - DiscoveryAppln DEBUG - Stringified serialized buffer = [b'43131617558264', b'16229785994540', b'261274528407611', b'245206622529518', b'216848632664479', b'200736216270761', b'179284730639870', b'177038261674044', b'166891747590864', b'149057202460357', b'\x00k\x8bEg', b'', b'\x08\x062\x0c\x08\x03\x10\x04\x18\xc5\xad\xea\xac\x91\xf2!']
2023-03-17 15:46:21,449 - DiscoveryAppln DEBUG - DiscoveryMW::handle_request: done handling request with timeout = None
2023-03-17 15:46:21,449 - DiscoveryAppln INFO - control back to event loop
2023-03-17 15:46:21,449 - DiscoveryAppln DEBUG - waiting for events...
2023-03-17 15:46:21,449 - DiscoveryAppln DEBUG - {<zmq.Socket(zmq.ROUTER) at 0x7f856e7414e0>: 1}
2023-03-17 15:46:21,449 - DiscoveryAppln DEBUG - Calling handle_request()
2023-03-17 15:46:21,450 - DiscoveryAppln INFO - DiscoveryMW::handle_request:
2023-03-17 15:46:21,450 - DiscoveryAppln DEBUG - [b'43131617558264', b'16229785994540', b'261274528407611', b'245206622529518', b'216848632664479', b'200736216270761', b'179284730639870', b'177038261674044', b'166891747590864', b'149057202460357', b'129858881772006', b'121357477861072', b'117261750833392', b'114878299796286', b'110977344024584', b'92788796846446', b'80647304915107', b'75339516044248', b'\x00k\x8bEg', b'', b'\x08\x062\x0c\x08\x04\x10\x05\x18\xd8\xc7\xdd\xc8\xd5\x90\x11']
2023-03-17 15:46:21,450 - DiscoveryAppln INFO - [b'43131617558264', b'16229785994540', b'261274528407611', b'245206622529518', b'216848632664479', b'200736216270761', b'179284730639870', b'177038261674044', b'166891747590864', b'149057202460357', b'129858881772006', b'121357477861072', b'117261750833392', b'114878299796286', b'110977344024584', b'92788796846446', b'80647304915107', b'75339516044248', b'\x00k\x8bEg']
2023-03-17 15:46:21,450 - DiscoveryAppln INFO - msg_type: TYPE_ISREADY_DHT
isready_req_dht {
  count_sub: 4
  count_pub: 5
  src: 75339516044248
}

2023-03-17 15:46:21,450 - DiscoveryAppln DEBUG - DiscoveryAppln::isready_loop src = 75339516044248
2023-03-17 15:46:21,450 - DiscoveryAppln DEBUG - DiscoveryAppln::isready_loop current node = 49112187787524
2023-03-17 15:46:21,450 - DiscoveryAppln INFO - DiscoveryMW::propagateIsReady: building dht request to send to disc3 from src disc20
2023-03-17 15:46:21,450 - DiscoveryAppln DEBUG - DiscoveryMW::propagateIsReaedy: done building dht request
2023-03-17 15:46:21,450 - DiscoveryAppln DEBUG - Stringified serialized buffer = [b'43131617558264', b'16229785994540', b'261274528407611', b'245206622529518', b'216848632664479', b'200736216270761', b'179284730639870', b'177038261674044', b'166891747590864', b'149057202460357', b'129858881772006', b'121357477861072', b'117261750833392', b'114878299796286', b'110977344024584', b'92788796846446', b'80647304915107', b'75339516044248', b'\x00k\x8bEg', b'', b'\x08\x062\x0c\x08\x04\x10\x05\x18\xd8\xc7\xdd\xc8\xd5\x90\x11']
2023-03-17 15:46:21,450 - DiscoveryAppln DEBUG - DiscoveryMW::handle_request: done handling request with timeout = None
2023-03-17 15:46:21,450 - DiscoveryAppln INFO - control back to event loop
2023-03-17 15:46:21,450 - DiscoveryAppln DEBUG - waiting for events...
2023-03-17 15:46:21,457 - DiscoveryAppln DEBUG - {<zmq.Socket(zmq.DEALER) at 0x7f856e741540>: 1}
2023-03-17 15:46:21,457 - DiscoveryAppln DEBUG - Calling handle_reply() for hash 53174729515853
2023-03-17 15:46:21,457 - DiscoveryAppln INFO - DiscoveryMW::handle_reply:
2023-03-17 15:46:21,458 - DiscoveryAppln DEBUG - [b'43131617558264', b'16229785994540', b'261274528407611', b'245206622529518', b'216848632664479', b'200736216270761', b'179284730639870', b'177038261674044', b'166891747590864', b'149057202460357', b'129858881772006', b'121357477861072', b'117261750833392', b'114878299796286', b'110977344024584', b'92788796846446', b'80647304915107', b'75339516044248', b'\x00k\x8bEg', b'', b'\x08\x062\x12\x08\x01\x10\xd8\xc7\xdd\xc8\xd5\x90\x11\x18\xcd\xc6\xf4\xa6\xcb\x8b\x0c']
2023-03-17 15:46:21,458 - DiscoveryAppln DEBUG - DiscoveryMW::handle_reply: received [b'43131617558264', b'16229785994540', b'261274528407611', b'245206622529518', b'216848632664479', b'200736216270761', b'179284730639870', b'177038261674044', b'166891747590864', b'149057202460357', b'129858881772006', b'121357477861072', b'117261750833392', b'114878299796286', b'110977344024584', b'92788796846446', b'80647304915107', b'75339516044248', b'\x00k\x8bEg', b'']
2023-03-17 15:46:21,458 - DiscoveryAppln INFO - DiscoveryMW::handle_reply: received a reply from disc3
2023-03-17 15:46:21,458 - DiscoveryAppln INFO - DiscoveryAppln::handle_isready_reply_dht received reply from node 53174729515853
2023-03-17 15:46:21,458 - DiscoveryAppln INFO - DiscoveryAppln::handle_isready_reply_dht propagating reply to source
2023-03-17 15:46:21,458 - DiscoveryAppln DEBUG - DiscoveryMW::is_ready_reply_dht
2023-03-17 15:46:21,458 - DiscoveryAppln DEBUG - DiscoveryMW::is_ready_reply: done building reply
2023-03-17 15:46:21,458 - DiscoveryAppln DEBUG - Stringified serialized buffer = [b'43131617558264', b'16229785994540', b'261274528407611', b'245206622529518', b'216848632664479', b'200736216270761', b'179284730639870', b'177038261674044', b'166891747590864', b'149057202460357', b'129858881772006', b'121357477861072', b'117261750833392', b'114878299796286', b'110977344024584', b'92788796846446', b'80647304915107', b'75339516044248', b'\x00k\x8bEg', b'', b'\x08\x062\x12\x08\x01\x10\xd8\xc7\xdd\xc8\xd5\x90\x11\x18\x84\xb2\x87\x94\xad\x95\x0b']
2023-03-17 15:46:21,458 - DiscoveryAppln DEBUG - DiscoveryMW::register_reply: send reply
2023-03-17 15:46:21,459 - DiscoveryAppln INFO - DiscoveryMW::register_reply: done replying to client register request
2023-03-17 15:46:21,459 - DiscoveryAppln DEBUG - DiscoveryMW::handle_request: done handling reply with timeout None
2023-03-17 15:46:21,459 - DiscoveryAppln INFO - control back to event loop
2023-03-17 15:46:21,459 - DiscoveryAppln DEBUG - waiting for events...
2023-03-17 15:46:21,474 - DiscoveryAppln DEBUG - {<zmq.Socket(zmq.ROUTER) at 0x7f856e7414e0>: 1}
2023-03-17 15:46:21,475 - DiscoveryAppln DEBUG - Calling handle_request()
2023-03-17 15:46:21,475 - DiscoveryAppln INFO - DiscoveryMW::handle_request:
2023-03-17 15:46:21,475 - DiscoveryAppln DEBUG - [b'43131617558264', b'16229785994540', b'\x00k\x8bEg', b'', b'\x08\x062\x0c\x08\x01\x10\x02\x18\xac\x8a\x84\xd5\xac\xd8\x03']
2023-03-17 15:46:21,475 - DiscoveryAppln INFO - [b'43131617558264', b'16229785994540', b'\x00k\x8bEg']
2023-03-17 15:46:21,476 - DiscoveryAppln INFO - msg_type: TYPE_ISREADY_DHT
isready_req_dht {
  count_sub: 1
  count_pub: 2
  src: 16229785994540
}

2023-03-17 15:46:21,476 - DiscoveryAppln DEBUG - DiscoveryAppln::isready_loop src = 16229785994540
2023-03-17 15:46:21,476 - DiscoveryAppln DEBUG - DiscoveryAppln::isready_loop current node = 49112187787524
2023-03-17 15:46:21,476 - DiscoveryAppln INFO - DiscoveryMW::propagateIsReady: building dht request to send to disc3 from src disc7
2023-03-17 15:46:21,476 - DiscoveryAppln DEBUG - DiscoveryMW::propagateIsReaedy: done building dht request
2023-03-17 15:46:21,476 - DiscoveryAppln DEBUG - Stringified serialized buffer = [b'43131617558264', b'16229785994540', b'\x00k\x8bEg', b'', b'\x08\x062\x0c\x08\x01\x10\x02\x18\xac\x8a\x84\xd5\xac\xd8\x03']
2023-03-17 15:46:21,476 - DiscoveryAppln DEBUG - DiscoveryMW::handle_request: done handling request with timeout = None
2023-03-17 15:46:21,476 - DiscoveryAppln INFO - control back to event loop
2023-03-17 15:46:21,477 - DiscoveryAppln DEBUG - waiting for events...
2023-03-17 15:46:21,478 - DiscoveryAppln DEBUG - {<zmq.Socket(zmq.ROUTER) at 0x7f856e7414e0>: 1}
2023-03-17 15:46:21,478 - DiscoveryAppln DEBUG - Calling handle_request()
2023-03-17 15:46:21,478 - DiscoveryAppln INFO - DiscoveryMW::handle_request:
2023-03-17 15:46:21,478 - DiscoveryAppln DEBUG - [b'43131617558264', b'\x00k\x8bEh', b'', b'\x08\x062\n\x10\x02\x18\xf8\xfd\xf8\xe5\xa5\xe7\t']
2023-03-17 15:46:21,478 - DiscoveryAppln INFO - [b'43131617558264', b'\x00k\x8bEh']
2023-03-17 15:46:21,478 - DiscoveryAppln INFO - msg_type: TYPE_ISREADY_DHT
isready_req_dht {
  count_pub: 2
  src: 43131617558264
}

2023-03-17 15:46:21,478 - DiscoveryAppln DEBUG - DiscoveryAppln::isready_loop src = 43131617558264
2023-03-17 15:46:21,478 - DiscoveryAppln DEBUG - DiscoveryAppln::isready_loop current node = 49112187787524
2023-03-17 15:46:21,478 - DiscoveryAppln INFO - DiscoveryMW::propagateIsReady: building dht request to send to disc3 from src disc1
2023-03-17 15:46:21,478 - DiscoveryAppln DEBUG - DiscoveryMW::propagateIsReaedy: done building dht request
2023-03-17 15:46:21,478 - DiscoveryAppln DEBUG - Stringified serialized buffer = [b'43131617558264', b'\x00k\x8bEh', b'', b'\x08\x062\n\x10\x02\x18\xf8\xfd\xf8\xe5\xa5\xe7\t']
2023-03-17 15:46:21,479 - DiscoveryAppln DEBUG - DiscoveryMW::handle_request: done handling request with timeout = None
2023-03-17 15:46:21,479 - DiscoveryAppln INFO - control back to event loop
2023-03-17 15:46:21,479 - DiscoveryAppln DEBUG - waiting for events...
2023-03-17 15:46:21,495 - DiscoveryAppln DEBUG - {<zmq.Socket(zmq.DEALER) at 0x7f856e741540>: 1}
2023-03-17 15:46:21,496 - DiscoveryAppln DEBUG - Calling handle_reply() for hash 53174729515853
2023-03-17 15:46:21,496 - DiscoveryAppln INFO - DiscoveryMW::handle_reply:
2023-03-17 15:46:21,496 - DiscoveryAppln DEBUG - [b'43131617558264', b'16229785994540', b'261274528407611', b'245206622529518', b'216848632664479', b'200736216270761', b'179284730639870', b'177038261674044', b'166891747590864', b'149057202460357', b'\x00k\x8bEg', b'', b'\x08\x062\x12\x08\x01\x10\xc5\xad\xea\xac\x91\xf2!\x18\xcd\xc6\xf4\xa6\xcb\x8b\x0c']
2023-03-17 15:46:21,496 - DiscoveryAppln DEBUG - DiscoveryMW::handle_reply: received [b'43131617558264', b'16229785994540', b'261274528407611', b'245206622529518', b'216848632664479', b'200736216270761', b'179284730639870', b'177038261674044', b'166891747590864', b'149057202460357', b'\x00k\x8bEg', b'']
2023-03-17 15:46:21,496 - DiscoveryAppln INFO - DiscoveryMW::handle_reply: received a reply from disc3
2023-03-17 15:46:21,496 - DiscoveryAppln INFO - DiscoveryAppln::handle_isready_reply_dht received reply from node 53174729515853
2023-03-17 15:46:21,496 - DiscoveryAppln INFO - DiscoveryAppln::handle_isready_reply_dht propagating reply to source
2023-03-17 15:46:21,496 - DiscoveryAppln DEBUG - DiscoveryMW::is_ready_reply_dht
2023-03-17 15:46:21,496 - DiscoveryAppln DEBUG - DiscoveryMW::is_ready_reply: done building reply
2023-03-17 15:46:21,496 - DiscoveryAppln DEBUG - Stringified serialized buffer = [b'43131617558264', b'16229785994540', b'261274528407611', b'245206622529518', b'216848632664479', b'200736216270761', b'179284730639870', b'177038261674044', b'166891747590864', b'149057202460357', b'\x00k\x8bEg', b'', b'\x08\x062\x12\x08\x01\x10\xc5\xad\xea\xac\x91\xf2!\x18\x84\xb2\x87\x94\xad\x95\x0b']
2023-03-17 15:46:21,496 - DiscoveryAppln DEBUG - DiscoveryMW::register_reply: send reply
2023-03-17 15:46:21,506 - DiscoveryAppln INFO - DiscoveryMW::register_reply: done replying to client register request
2023-03-17 15:46:21,506 - DiscoveryAppln DEBUG - DiscoveryMW::handle_request: done handling reply with timeout None
2023-03-17 15:46:21,507 - DiscoveryAppln INFO - control back to event loop
2023-03-17 15:46:21,507 - DiscoveryAppln DEBUG - waiting for events...
2023-03-17 15:46:21,519 - DiscoveryAppln DEBUG - {<zmq.Socket(zmq.ROUTER) at 0x7f856e7414e0>: 1, <zmq.Socket(zmq.DEALER) at 0x7f856e741540>: 1}
2023-03-17 15:46:21,519 - DiscoveryAppln DEBUG - Calling handle_request()
2023-03-17 15:46:21,519 - DiscoveryAppln INFO - DiscoveryMW::handle_request:
2023-03-17 15:46:21,519 - DiscoveryAppln DEBUG - [b'43131617558264', b'16229785994540', b'261274528407611', b'245206622529518', b'216848632664479', b'200736216270761', b'179284730639870', b'177038261674044', b'166891747590864', b'149057202460357', b'129858881772006', b'121357477861072', b'\x00k\x8bEg', b'', b'\x08\x062\x0c\x08\x03\x10\x05\x18\xd0\xad\xef\xea\xfb\xcb\x1b']
2023-03-17 15:46:21,524 - DiscoveryAppln INFO - [b'43131617558264', b'16229785994540', b'261274528407611', b'245206622529518', b'216848632664479', b'200736216270761', b'179284730639870', b'177038261674044', b'166891747590864', b'149057202460357', b'129858881772006', b'121357477861072', b'\x00k\x8bEg']
2023-03-17 15:46:21,524 - DiscoveryAppln INFO - msg_type: TYPE_ISREADY_DHT
isready_req_dht {
  count_sub: 3
  count_pub: 5
  src: 121357477861072
}

2023-03-17 15:46:21,524 - DiscoveryAppln DEBUG - DiscoveryAppln::isready_loop src = 121357477861072
2023-03-17 15:46:21,524 - DiscoveryAppln DEBUG - DiscoveryAppln::isready_loop current node = 49112187787524
2023-03-17 15:46:21,524 - DiscoveryAppln INFO - DiscoveryMW::propagateIsReady: building dht request to send to disc3 from src disc12
2023-03-17 15:46:21,525 - DiscoveryAppln DEBUG - DiscoveryMW::propagateIsReaedy: done building dht request
2023-03-17 15:46:21,525 - DiscoveryAppln DEBUG - Stringified serialized buffer = [b'43131617558264', b'16229785994540', b'261274528407611', b'245206622529518', b'216848632664479', b'200736216270761', b'179284730639870', b'177038261674044', b'166891747590864', b'149057202460357', b'129858881772006', b'121357477861072', b'\x00k\x8bEg', b'', b'\x08\x062\x0c\x08\x03\x10\x05\x18\xd0\xad\xef\xea\xfb\xcb\x1b']
2023-03-17 15:46:21,525 - DiscoveryAppln DEBUG - DiscoveryMW::handle_request: done handling request with timeout = None
2023-03-17 15:46:21,525 - DiscoveryAppln DEBUG - Calling handle_reply() for hash 53174729515853
2023-03-17 15:46:21,525 - DiscoveryAppln INFO - DiscoveryMW::handle_reply:
2023-03-17 15:46:21,525 - DiscoveryAppln DEBUG - [b'43131617558264', b'16229785994540', b'261274528407611', b'245206622529518', b'216848632664479', b'\x00k\x8bEg', b'', b'\x08\x062\x12\x08\x01\x10\x9f\xa3\xe1\x8d\x90\xa71\x18\xcd\xc6\xf4\xa6\xcb\x8b\x0c']
2023-03-17 15:46:21,525 - DiscoveryAppln DEBUG - DiscoveryMW::handle_reply: received [b'43131617558264', b'16229785994540', b'261274528407611', b'245206622529518', b'216848632664479', b'\x00k\x8bEg', b'']
2023-03-17 15:46:21,525 - DiscoveryAppln INFO - DiscoveryMW::handle_reply: received a reply from disc3
2023-03-17 15:46:21,525 - DiscoveryAppln INFO - DiscoveryAppln::handle_isready_reply_dht received reply from node 53174729515853
2023-03-17 15:46:21,525 - DiscoveryAppln INFO - DiscoveryAppln::handle_isready_reply_dht propagating reply to source
2023-03-17 15:46:21,525 - DiscoveryAppln DEBUG - DiscoveryMW::is_ready_reply_dht
2023-03-17 15:46:21,525 - DiscoveryAppln DEBUG - DiscoveryMW::is_ready_reply: done building reply
2023-03-17 15:46:21,525 - DiscoveryAppln DEBUG - Stringified serialized buffer = [b'43131617558264', b'16229785994540', b'261274528407611', b'245206622529518', b'216848632664479', b'\x00k\x8bEg', b'', b'\x08\x062\x12\x08\x01\x10\x9f\xa3\xe1\x8d\x90\xa71\x18\x84\xb2\x87\x94\xad\x95\x0b']
2023-03-17 15:46:21,525 - DiscoveryAppln DEBUG - DiscoveryMW::register_reply: send reply
2023-03-17 15:46:21,526 - DiscoveryAppln INFO - DiscoveryMW::register_reply: done replying to client register request
2023-03-17 15:46:21,526 - DiscoveryAppln DEBUG - DiscoveryMW::handle_request: done handling reply with timeout None
2023-03-17 15:46:21,526 - DiscoveryAppln INFO - control back to event loop
2023-03-17 15:46:21,526 - DiscoveryAppln DEBUG - waiting for events...
2023-03-17 15:46:21,526 - DiscoveryAppln DEBUG - {<zmq.Socket(zmq.DEALER) at 0x7f856e741540>: 1}
2023-03-17 15:46:21,526 - DiscoveryAppln DEBUG - Calling handle_reply() for hash 53174729515853
2023-03-17 15:46:21,526 - DiscoveryAppln INFO - DiscoveryMW::handle_reply:
2023-03-17 15:46:21,526 - DiscoveryAppln DEBUG - [b'43131617558264', b'16229785994540', b'261274528407611', b'245206622529518', b'216848632664479', b'\x00k\x8bEh', b'', b'\x08\x062\x12\x08\x01\x10\x9f\xa3\xe1\x8d\x90\xa71\x18\xcd\xc6\xf4\xa6\xcb\x8b\x0c']
2023-03-17 15:46:21,526 - DiscoveryAppln DEBUG - DiscoveryMW::handle_reply: received [b'43131617558264', b'16229785994540', b'261274528407611', b'245206622529518', b'216848632664479', b'\x00k\x8bEh', b'']
2023-03-17 15:46:21,526 - DiscoveryAppln INFO - DiscoveryMW::handle_reply: received a reply from disc3
2023-03-17 15:46:21,526 - DiscoveryAppln INFO - DiscoveryAppln::handle_isready_reply_dht received reply from node 53174729515853
2023-03-17 15:46:21,526 - DiscoveryAppln INFO - DiscoveryAppln::handle_isready_reply_dht propagating reply to source
2023-03-17 15:46:21,527 - DiscoveryAppln DEBUG - DiscoveryMW::is_ready_reply_dht
2023-03-17 15:46:21,527 - DiscoveryAppln DEBUG - DiscoveryMW::is_ready_reply: done building reply
2023-03-17 15:46:21,527 - DiscoveryAppln DEBUG - Stringified serialized buffer = [b'43131617558264', b'16229785994540', b'261274528407611', b'245206622529518', b'216848632664479', b'\x00k\x8bEh', b'', b'\x08\x062\x12\x08\x01\x10\x9f\xa3\xe1\x8d\x90\xa71\x18\x84\xb2\x87\x94\xad\x95\x0b']
2023-03-17 15:46:21,527 - DiscoveryAppln DEBUG - DiscoveryMW::register_reply: send reply
2023-03-17 15:46:21,527 - DiscoveryAppln INFO - DiscoveryMW::register_reply: done replying to client register request
2023-03-17 15:46:21,527 - DiscoveryAppln DEBUG - DiscoveryMW::handle_request: done handling reply with timeout None
2023-03-17 15:46:21,527 - DiscoveryAppln INFO - control back to event loop
2023-03-17 15:46:21,527 - DiscoveryAppln DEBUG - waiting for events...
2023-03-17 15:46:21,555 - DiscoveryAppln DEBUG - {<zmq.Socket(zmq.DEALER) at 0x7f856e741540>: 1}
2023-03-17 15:46:21,555 - DiscoveryAppln DEBUG - Calling handle_reply() for hash 53174729515853
2023-03-17 15:46:21,555 - DiscoveryAppln INFO - DiscoveryMW::handle_reply:
2023-03-17 15:46:21,555 - DiscoveryAppln DEBUG - [b'43131617558264', b'16229785994540', b'261274528407611', b'245206622529518', b'216848632664479', b'200736216270761', b'179284730639870', b'177038261674044', b'166891747590864', b'149057202460357', b'129858881772006', b'121357477861072', b'\x00k\x8bEg', b'', b'\x08\x062\x12\x08\x01\x10\xd0\xad\xef\xea\xfb\xcb\x1b\x18\xcd\xc6\xf4\xa6\xcb\x8b\x0c']
2023-03-17 15:46:21,555 - DiscoveryAppln DEBUG - DiscoveryMW::handle_reply: received [b'43131617558264', b'16229785994540', b'261274528407611', b'245206622529518', b'216848632664479', b'200736216270761', b'179284730639870', b'177038261674044', b'166891747590864', b'149057202460357', b'129858881772006', b'121357477861072', b'\x00k\x8bEg', b'']
2023-03-17 15:46:21,555 - DiscoveryAppln INFO - DiscoveryMW::handle_reply: received a reply from disc3
2023-03-17 15:46:21,555 - DiscoveryAppln INFO - DiscoveryAppln::handle_isready_reply_dht received reply from node 53174729515853
2023-03-17 15:46:21,555 - DiscoveryAppln INFO - DiscoveryAppln::handle_isready_reply_dht propagating reply to source
2023-03-17 15:46:21,555 - DiscoveryAppln DEBUG - DiscoveryMW::is_ready_reply_dht
2023-03-17 15:46:21,556 - DiscoveryAppln DEBUG - DiscoveryMW::is_ready_reply: done building reply
2023-03-17 15:46:21,556 - DiscoveryAppln DEBUG - Stringified serialized buffer = [b'43131617558264', b'16229785994540', b'261274528407611', b'245206622529518', b'216848632664479', b'200736216270761', b'179284730639870', b'177038261674044', b'166891747590864', b'149057202460357', b'129858881772006', b'121357477861072', b'\x00k\x8bEg', b'', b'\x08\x062\x12\x08\x01\x10\xd0\xad\xef\xea\xfb\xcb\x1b\x18\x84\xb2\x87\x94\xad\x95\x0b']
2023-03-17 15:46:21,556 - DiscoveryAppln DEBUG - DiscoveryMW::register_reply: send reply
2023-03-17 15:46:21,556 - DiscoveryAppln INFO - DiscoveryMW::register_reply: done replying to client register request
2023-03-17 15:46:21,556 - DiscoveryAppln DEBUG - DiscoveryMW::handle_request: done handling reply with timeout None
2023-03-17 15:46:21,556 - DiscoveryAppln INFO - control back to event loop
2023-03-17 15:46:21,556 - DiscoveryAppln DEBUG - waiting for events...
2023-03-17 15:46:21,589 - DiscoveryAppln DEBUG - {<zmq.Socket(zmq.DEALER) at 0x7f856e741540>: 1}
2023-03-17 15:46:21,590 - DiscoveryAppln DEBUG - Calling handle_reply() for hash 53174729515853
2023-03-17 15:46:21,590 - DiscoveryAppln INFO - DiscoveryMW::handle_reply:
2023-03-17 15:46:21,590 - DiscoveryAppln DEBUG - [b'43131617558264', b'\x00k\x8bEg', b'', b'\x08\x062\x12\x08\x01\x10\xf8\xfd\xf8\xe5\xa5\xe7\t\x18\xcd\xc6\xf4\xa6\xcb\x8b\x0c']
2023-03-17 15:46:21,590 - DiscoveryAppln DEBUG - DiscoveryMW::handle_reply: received [b'43131617558264', b'\x00k\x8bEg', b'']
2023-03-17 15:46:21,590 - DiscoveryAppln INFO - DiscoveryMW::handle_reply: received a reply from disc3
2023-03-17 15:46:21,590 - DiscoveryAppln INFO - DiscoveryAppln::handle_isready_reply_dht received reply from node 53174729515853
2023-03-17 15:46:21,590 - DiscoveryAppln INFO - DiscoveryAppln::handle_isready_reply_dht propagating reply to source
2023-03-17 15:46:21,590 - DiscoveryAppln DEBUG - DiscoveryMW::is_ready_reply_dht
2023-03-17 15:46:21,590 - DiscoveryAppln DEBUG - DiscoveryMW::is_ready_reply: done building reply
2023-03-17 15:46:21,590 - DiscoveryAppln DEBUG - Stringified serialized buffer = [b'43131617558264', b'\x00k\x8bEg', b'', b'\x08\x062\x12\x08\x01\x10\xf8\xfd\xf8\xe5\xa5\xe7\t\x18\x84\xb2\x87\x94\xad\x95\x0b']
2023-03-17 15:46:21,590 - DiscoveryAppln DEBUG - DiscoveryMW::register_reply: send reply
2023-03-17 15:46:21,590 - DiscoveryAppln INFO - DiscoveryMW::register_reply: done replying to client register request
2023-03-17 15:46:21,590 - DiscoveryAppln DEBUG - DiscoveryMW::handle_request: done handling reply with timeout None
2023-03-17 15:46:21,590 - DiscoveryAppln INFO - control back to event loop
2023-03-17 15:46:21,590 - DiscoveryAppln DEBUG - waiting for events...
2023-03-17 15:46:21,608 - DiscoveryAppln DEBUG - {<zmq.Socket(zmq.DEALER) at 0x7f856e741540>: 1}
2023-03-17 15:46:21,609 - DiscoveryAppln DEBUG - Calling handle_reply() for hash 53174729515853
2023-03-17 15:46:21,611 - DiscoveryAppln INFO - DiscoveryMW::handle_reply:
2023-03-17 15:46:21,612 - DiscoveryAppln DEBUG - [b'43131617558264', b'16229785994540', b'\x00k\x8bEg', b'', b'\x08\x062\x12\x08\x01\x10\xac\x8a\x84\xd5\xac\xd8\x03\x18\xcd\xc6\xf4\xa6\xcb\x8b\x0c']
2023-03-17 15:46:21,612 - DiscoveryAppln DEBUG - DiscoveryMW::handle_reply: received [b'43131617558264', b'16229785994540', b'\x00k\x8bEg', b'']
2023-03-17 15:46:21,612 - DiscoveryAppln INFO - DiscoveryMW::handle_reply: received a reply from disc3
2023-03-17 15:46:21,612 - DiscoveryAppln INFO - DiscoveryAppln::handle_isready_reply_dht received reply from node 53174729515853
2023-03-17 15:46:21,612 - DiscoveryAppln INFO - DiscoveryAppln::handle_isready_reply_dht propagating reply to source
2023-03-17 15:46:21,612 - DiscoveryAppln DEBUG - DiscoveryMW::is_ready_reply_dht
2023-03-17 15:46:21,612 - DiscoveryAppln DEBUG - DiscoveryMW::is_ready_reply: done building reply
2023-03-17 15:46:21,612 - DiscoveryAppln DEBUG - Stringified serialized buffer = [b'43131617558264', b'16229785994540', b'\x00k\x8bEg', b'', b'\x08\x062\x12\x08\x01\x10\xac\x8a\x84\xd5\xac\xd8\x03\x18\x84\xb2\x87\x94\xad\x95\x0b']
2023-03-17 15:46:21,612 - DiscoveryAppln DEBUG - DiscoveryMW::register_reply: send reply
2023-03-17 15:46:21,612 - DiscoveryAppln INFO - DiscoveryMW::register_reply: done replying to client register request
2023-03-17 15:46:21,612 - DiscoveryAppln DEBUG - DiscoveryMW::handle_request: done handling reply with timeout None
2023-03-17 15:46:21,613 - DiscoveryAppln INFO - control back to event loop
2023-03-17 15:46:21,613 - DiscoveryAppln DEBUG - waiting for events...
2023-03-17 15:46:21,656 - DiscoveryAppln DEBUG - {<zmq.Socket(zmq.DEALER) at 0x7f856e741540>: 1}
2023-03-17 15:46:21,656 - DiscoveryAppln DEBUG - Calling handle_reply() for hash 53174729515853
2023-03-17 15:46:21,656 - DiscoveryAppln INFO - DiscoveryMW::handle_reply:
2023-03-17 15:46:21,657 - DiscoveryAppln DEBUG - [b'43131617558264', b'\x00k\x8bEh', b'', b'\x08\x062\x12\x08\x01\x10\xf8\xfd\xf8\xe5\xa5\xe7\t\x18\xcd\xc6\xf4\xa6\xcb\x8b\x0c']
2023-03-17 15:46:21,657 - DiscoveryAppln DEBUG - DiscoveryMW::handle_reply: received [b'43131617558264', b'\x00k\x8bEh', b'']
2023-03-17 15:46:21,657 - DiscoveryAppln INFO - DiscoveryMW::handle_reply: received a reply from disc3
2023-03-17 15:46:21,657 - DiscoveryAppln INFO - DiscoveryAppln::handle_isready_reply_dht received reply from node 53174729515853
2023-03-17 15:46:21,657 - DiscoveryAppln INFO - DiscoveryAppln::handle_isready_reply_dht propagating reply to source
2023-03-17 15:46:21,657 - DiscoveryAppln DEBUG - DiscoveryMW::is_ready_reply_dht
2023-03-17 15:46:21,657 - DiscoveryAppln DEBUG - DiscoveryMW::is_ready_reply: done building reply
2023-03-17 15:46:21,657 - DiscoveryAppln DEBUG - Stringified serialized buffer = [b'43131617558264', b'\x00k\x8bEh', b'', b'\x08\x062\x12\x08\x01\x10\xf8\xfd\xf8\xe5\xa5\xe7\t\x18\x84\xb2\x87\x94\xad\x95\x0b']
2023-03-17 15:46:21,657 - DiscoveryAppln DEBUG - DiscoveryMW::register_reply: send reply
2023-03-17 15:46:21,657 - DiscoveryAppln INFO - DiscoveryMW::register_reply: done replying to client register request
2023-03-17 15:46:21,657 - DiscoveryAppln DEBUG - DiscoveryMW::handle_request: done handling reply with timeout None
2023-03-17 15:46:21,657 - DiscoveryAppln INFO - control back to event loop
2023-03-17 15:46:21,657 - DiscoveryAppln DEBUG - waiting for events...
