2023-03-17 15:46:10,838 - root INFO - Main - acquire a child logger and then log messages in the child
2023-03-17 15:46:10,838 - DiscoveryAppln DEBUG - Main: parse command line arguments
2023-03-17 15:46:10,887 - DiscoveryAppln DEBUG - Main: resetting log level to 10
2023-03-17 15:46:10,887 - DiscoveryAppln DEBUG - Main: effective log level is 10
2023-03-17 15:46:10,887 - DiscoveryAppln DEBUG - Main: obtain a discovery application object
2023-03-17 15:46:10,887 - DiscoveryAppln DEBUG - Main: configure the discovery application object
2023-03-17 15:46:10,887 - DiscoveryAppln INFO - DiscoveryAppln::configure
2023-03-17 15:46:10,887 - DiscoveryAppln DEBUG - DiscoveryAppln::configure - parsing config.ini
2023-03-17 15:46:10,911 - DiscoveryAppln DEBUG - DiscoveryAppln::configure - setup underlying middleware object
2023-03-17 15:46:10,911 - DiscoveryAppln DEBUG - DiscoveryAppln::configure - getting hash and finger table
2023-03-17 15:46:10,911 - DiscoveryAppln INFO - DiscoveryMW::configure
2023-03-17 15:46:10,911 - DiscoveryAppln DEBUG - DiscoveryMW::configure: obtain ZMQ context
2023-03-17 15:46:10,912 - DiscoveryAppln DEBUG - DiscoveryMW::configure: create ZMQ POLLER
2023-03-17 15:46:10,912 - DiscoveryAppln DEBUG - DiscoveryMW::configure: create ZMQ REP socket
2023-03-17 15:46:10,914 - DiscoveryAppln DEBUG - DiscoveryMW::configure: register poller
2023-03-17 15:46:10,914 - DiscoveryAppln DEBUG - DiscoveryMW::configure: bind REP socket to address
2023-03-17 15:46:10,914 - DiscoveryAppln DEBUG - DiscoveryMW::configure: reading hash to ip json
2023-03-17 15:46:10,914 - DiscoveryAppln INFO - DiscoveryMW::configure completed
2023-03-17 15:46:10,915 - DiscoveryAppln DEBUG - DiscoveryAppln::configure - generating table for node
2023-03-17 15:46:10,918 - DiscoveryAppln DEBUG - DiscoveryMW::connectTable: connecting to all nodes in finger table
2023-03-17 15:46:10,918 - DiscoveryAppln DEBUG - DiscoveryMW::connectTable: 117261750833392 - <zmq.Socket(zmq.DEALER) at 0x7f66d6539540> connected to disc19
2023-03-17 15:46:10,919 - DiscoveryAppln DEBUG - DiscoveryMW::connectTable: 121357477861072 - <zmq.Socket(zmq.DEALER) at 0x7f66d65395a0> connected to disc12
2023-03-17 15:46:10,919 - DiscoveryAppln DEBUG - DiscoveryMW::connectTable: 129858881772006 - <zmq.Socket(zmq.DEALER) at 0x7f66d6539600> connected to disc15
2023-03-17 15:46:10,919 - DiscoveryAppln DEBUG - DiscoveryMW::connectTable: 149057202460357 - <zmq.Socket(zmq.DEALER) at 0x7f66d6539660> connected to disc14
2023-03-17 15:46:10,919 - DiscoveryAppln DEBUG - DiscoveryMW::connectTable: 166891747590864 - <zmq.Socket(zmq.DEALER) at 0x7f66d65396c0> connected to disc11
2023-03-17 15:46:10,919 - DiscoveryAppln DEBUG - DiscoveryMW::connectTable: 200736216270761 - <zmq.Socket(zmq.DEALER) at 0x7f66d6539720> connected to disc6
2023-03-17 15:46:10,920 - DiscoveryAppln DEBUG - DiscoveryMW::connectTable: 261274528407611 - <zmq.Socket(zmq.DEALER) at 0x7f66d6539780> connected to disc13
2023-03-17 15:46:10,920 - DiscoveryAppln DEBUG - DiscoveryMW::connectTable: connected in dictionary self.req
2023-03-17 15:46:10,920 - DiscoveryAppln INFO - DiscoveryAppln::configure completed
2023-03-17 15:46:10,920 - DiscoveryAppln DEBUG - Main: invoke the discovery application driver
2023-03-17 15:46:10,920 - DiscoveryAppln INFO - DiscoveryAppln::driver
2023-03-17 15:46:10,920 - DiscoveryAppln INFO - **********************************
2023-03-17 15:46:10,920 - DiscoveryAppln INFO - DiscoveryAppln::dump
2023-03-17 15:46:10,920 - DiscoveryAppln INFO - ------------------------------
2023-03-17 15:46:10,920 - DiscoveryAppln INFO -      Lookup: Distributed
2023-03-17 15:46:10,920 - DiscoveryAppln INFO -      Dissemination: Direct
2023-03-17 15:46:10,920 - DiscoveryAppln INFO -      Expected Subscribers: 5
2023-03-17 15:46:10,920 - DiscoveryAppln INFO -      Expected Publishers: 5
2023-03-17 15:46:10,921 - DiscoveryAppln INFO - **********************************
2023-03-17 15:46:10,921 - DiscoveryAppln DEBUG - DiscoveryAppln::driver - setting upcall handle
2023-03-17 15:46:10,921 - DiscoveryAppln INFO - DiscoveryMW::event_loop: start
2023-03-17 15:46:10,921 - DiscoveryAppln DEBUG - waiting for events...
2023-03-17 15:46:10,921 - DiscoveryAppln DEBUG - {}
2023-03-17 15:46:10,921 - DiscoveryAppln INFO - DiscoveryAppln::invoke_operation
2023-03-17 15:46:10,921 - DiscoveryAppln INFO - control back to event loop
2023-03-17 15:46:10,921 - DiscoveryAppln DEBUG - waiting for events...
2023-03-17 15:46:11,039 - DiscoveryAppln DEBUG - {<zmq.Socket(zmq.ROUTER) at 0x7f66d65394e0>: 1}
2023-03-17 15:46:11,040 - DiscoveryAppln DEBUG - Calling handle_request()
2023-03-17 15:46:11,040 - DiscoveryAppln INFO - DiscoveryMW::handle_request:
2023-03-17 15:46:11,040 - DiscoveryAppln DEBUG - [b'43131617558264', b'\x00k\x8bEg', b'', b'\x08\x05*\x7f\x08\x01\x12\x13\n\x04pub2\x12\x0810.0.0.6\x18\xc9+\x1a\x08pressure\x1a\x0btemperature\x1a\x05sound\x1a\x08location\x1a\x08humidity\x1a\x07weather\x1a\x05light\x1a\nairquality\x1a\x08altitude(\xb2\xdd\xb9\xa3\xf4\xcc-0\xf8\xfd\xf8\xe5\xa5\xe7\t']
2023-03-17 15:46:11,040 - DiscoveryAppln INFO - [b'43131617558264', b'\x00k\x8bEg']
2023-03-17 15:46:11,040 - DiscoveryAppln INFO - msg_type: TYPE_REGISTER_DHT
register_req_dht {
  role: ROLE_PUBLISHER
  info {
    id: "pub2"
    addr: "10.0.0.6"
    port: 5577
  }
  topiclist: "pressure"
  topiclist: "temperature"
  topiclist: "sound"
  topiclist: "location"
  topiclist: "humidity"
  topiclist: "weather"
  topiclist: "light"
  topiclist: "airquality"
  topiclist: "altitude"
  dest: 200554645974706
  src: 43131617558264
}

2023-03-17 15:46:11,040 - DiscoveryAppln INFO - DiscoveryAppln::handle_register endpoint
2023-03-17 15:46:11,040 - DiscoveryAppln INFO - DiscoveryAppln::handle_register checking if name is unique
2023-03-17 15:46:11,040 - DiscoveryAppln INFO - DiscoveryAppln::handle_register assigning user id to info
2023-03-17 15:46:11,041 - DiscoveryAppln INFO - DiscoveryAppln::handle_register adding topics to publishers
2023-03-17 15:46:11,041 - DiscoveryAppln DEBUG - DiscoveryMW::register_reply
2023-03-17 15:46:11,041 - DiscoveryAppln DEBUG - DiscoveryMW::register_reply: done building reply
2023-03-17 15:46:11,041 - DiscoveryAppln DEBUG - Stringified serialized buffer = [b'43131617558264', b'\x00k\x8bEg', b'', b'\x08\x05*\x18\x08\x01\x12\x04pub2\x18\xf8\xfd\xf8\xe5\xa5\xe7\t(\xbe\xe6\x81\x82\xb3\x8f\x1a']
2023-03-17 15:46:11,041 - DiscoveryAppln DEBUG - DiscoveryMW::register_reply: send reply
2023-03-17 15:46:11,041 - DiscoveryAppln INFO - DiscoveryMW::register_reply: done replying to client register request
2023-03-17 15:46:11,041 - DiscoveryAppln DEBUG - DiscoveryMW::handle_request: done handling request with timeout = None
2023-03-17 15:46:11,041 - DiscoveryAppln INFO - control back to event loop
2023-03-17 15:46:11,041 - DiscoveryAppln DEBUG - waiting for events...
2023-03-17 15:46:11,042 - DiscoveryAppln DEBUG - {<zmq.Socket(zmq.ROUTER) at 0x7f66d65394e0>: 1}
2023-03-17 15:46:11,042 - DiscoveryAppln DEBUG - Calling handle_request()
2023-03-17 15:46:11,042 - DiscoveryAppln INFO - DiscoveryMW::handle_request:
2023-03-17 15:46:11,042 - DiscoveryAppln DEBUG - [b'43131617558264', b'\x00k\x8bEg', b'', b'\x08\x05*\x7f\x08\x01\x12\x13\n\x04pub2\x12\x0810.0.0.6\x18\xc9+\x1a\x08pressure\x1a\x0btemperature\x1a\x05sound\x1a\x08location\x1a\x08humidity\x1a\x07weather\x1a\x05light\x1a\nairquality\x1a\x08altitude(\xf4\x96\x83\xf3\xca\xe2,0\xf8\xfd\xf8\xe5\xa5\xe7\t']
2023-03-17 15:46:11,042 - DiscoveryAppln INFO - [b'43131617558264', b'\x00k\x8bEg']
2023-03-17 15:46:11,042 - DiscoveryAppln INFO - msg_type: TYPE_REGISTER_DHT
register_req_dht {
  role: ROLE_PUBLISHER
  info {
    id: "pub2"
    addr: "10.0.0.6"
    port: 5577
  }
  topiclist: "pressure"
  topiclist: "temperature"
  topiclist: "sound"
  topiclist: "location"
  topiclist: "humidity"
  topiclist: "weather"
  topiclist: "light"
  topiclist: "airquality"
  topiclist: "altitude"
  dest: 196901406296948
  src: 43131617558264
}

2023-03-17 15:46:11,042 - DiscoveryAppln INFO - DiscoveryAppln::handle_register endpoint
2023-03-17 15:46:11,042 - DiscoveryAppln INFO - DiscoveryAppln::handle_register checking if name is unique
2023-03-17 15:46:11,043 - DiscoveryAppln INFO - DiscoveryAppln::handle_register already registered
2023-03-17 15:46:11,043 - DiscoveryAppln DEBUG - DiscoveryMW::register_reply
2023-03-17 15:46:11,043 - DiscoveryAppln DEBUG - DiscoveryMW::register_reply: done building reply
2023-03-17 15:46:11,043 - DiscoveryAppln DEBUG - Stringified serialized buffer = [b'43131617558264', b'\x00k\x8bEg', b'', b'\x08\x05*\x18\x08\x01\x12\x04pub2\x18\xf8\xfd\xf8\xe5\xa5\xe7\t(\xbe\xe6\x81\x82\xb3\x8f\x1a']
2023-03-17 15:46:11,043 - DiscoveryAppln DEBUG - DiscoveryMW::register_reply: send reply
2023-03-17 15:46:11,043 - DiscoveryAppln INFO - DiscoveryMW::register_reply: done replying to client register request
2023-03-17 15:46:11,043 - DiscoveryAppln DEBUG - DiscoveryMW::handle_request: done handling request with timeout = None
2023-03-17 15:46:11,043 - DiscoveryAppln INFO - control back to event loop
2023-03-17 15:46:11,043 - DiscoveryAppln DEBUG - waiting for events...
2023-03-17 15:46:11,043 - DiscoveryAppln DEBUG - {<zmq.Socket(zmq.ROUTER) at 0x7f66d65394e0>: 1}
2023-03-17 15:46:11,043 - DiscoveryAppln DEBUG - Calling handle_request()
2023-03-17 15:46:11,044 - DiscoveryAppln INFO - DiscoveryMW::handle_request:
2023-03-17 15:46:11,044 - DiscoveryAppln DEBUG - [b'43131617558264', b'\x00k\x8bEg', b'', b'\x08\x05*\x7f\x08\x01\x12\x13\n\x04pub2\x12\x0810.0.0.6\x18\xc9+\x1a\x08pressure\x1a\x0btemperature\x1a\x05sound\x1a\x08location\x1a\x08humidity\x1a\x07weather\x1a\x05light\x1a\nairquality\x1a\x08altitude(\xd4\xe5\x85\x93\xf0\xb4&0\xf8\xfd\xf8\xe5\xa5\xe7\t']
2023-03-17 15:46:11,044 - DiscoveryAppln INFO - [b'43131617558264', b'\x00k\x8bEg']
2023-03-17 15:46:11,044 - DiscoveryAppln INFO - msg_type: TYPE_REGISTER_DHT
register_req_dht {
  role: ROLE_PUBLISHER
  info {
    id: "pub2"
    addr: "10.0.0.6"
    port: 5577
  }
  topiclist: "pressure"
  topiclist: "temperature"
  topiclist: "sound"
  topiclist: "location"
  topiclist: "humidity"
  topiclist: "weather"
  topiclist: "light"
  topiclist: "airquality"
  topiclist: "altitude"
  dest: 168942578528980
  src: 43131617558264
}

2023-03-17 15:46:11,044 - DiscoveryAppln INFO - DiscoveryAppln::handle_register endpoint
2023-03-17 15:46:11,044 - DiscoveryAppln INFO - DiscoveryAppln::handle_register checking if name is unique
2023-03-17 15:46:11,044 - DiscoveryAppln INFO - DiscoveryAppln::handle_register already registered
2023-03-17 15:46:11,044 - DiscoveryAppln DEBUG - DiscoveryMW::register_reply
2023-03-17 15:46:11,044 - DiscoveryAppln DEBUG - DiscoveryMW::register_reply: done building reply
2023-03-17 15:46:11,044 - DiscoveryAppln DEBUG - Stringified serialized buffer = [b'43131617558264', b'\x00k\x8bEg', b'', b'\x08\x05*\x18\x08\x01\x12\x04pub2\x18\xf8\xfd\xf8\xe5\xa5\xe7\t(\xbe\xe6\x81\x82\xb3\x8f\x1a']
2023-03-17 15:46:11,044 - DiscoveryAppln DEBUG - DiscoveryMW::register_reply: send reply
2023-03-17 15:46:11,045 - DiscoveryAppln INFO - DiscoveryMW::register_reply: done replying to client register request
2023-03-17 15:46:11,045 - DiscoveryAppln DEBUG - DiscoveryMW::handle_request: done handling request with timeout = None
2023-03-17 15:46:11,045 - DiscoveryAppln INFO - control back to event loop
2023-03-17 15:46:11,045 - DiscoveryAppln DEBUG - waiting for events...
2023-03-17 15:46:11,058 - DiscoveryAppln DEBUG - {<zmq.Socket(zmq.ROUTER) at 0x7f66d65394e0>: 1}
2023-03-17 15:46:11,058 - DiscoveryAppln DEBUG - Calling handle_request()
2023-03-17 15:46:11,059 - DiscoveryAppln INFO - DiscoveryMW::handle_request:
2023-03-17 15:46:11,059 - DiscoveryAppln DEBUG - [b'110977344024584', b'92788796846446', b'80647304915107', b'75339516044248', b'53174729515853', b'49112187787524', b'43131617558264', b'16229785994540', b'261274528407611', b'245206622529518', b'216848632664479', b'\x00k\x8bEg', b'', b'\x08\x062\x0c\x08\x01\x10\x01\x18\x9f\xa3\xe1\x8d\x90\xa71']
2023-03-17 15:46:11,059 - DiscoveryAppln INFO - [b'110977344024584', b'92788796846446', b'80647304915107', b'75339516044248', b'53174729515853', b'49112187787524', b'43131617558264', b'16229785994540', b'261274528407611', b'245206622529518', b'216848632664479', b'\x00k\x8bEg']
2023-03-17 15:46:11,059 - DiscoveryAppln INFO - msg_type: TYPE_ISREADY_DHT
isready_req_dht {
  count_sub: 1
  count_pub: 1
  src: 216848632664479
}

2023-03-17 15:46:11,059 - DiscoveryAppln DEBUG - DiscoveryAppln::isready_loop src = 216848632664479
2023-03-17 15:46:11,059 - DiscoveryAppln DEBUG - DiscoveryAppln::isready_loop current node = 114878299796286
2023-03-17 15:46:11,059 - DiscoveryAppln INFO - DiscoveryMW::propagateIsReady: building dht request to send to disc19 from src disc18
2023-03-17 15:46:11,059 - DiscoveryAppln DEBUG - DiscoveryMW::propagateIsReaedy: done building dht request
2023-03-17 15:46:11,059 - DiscoveryAppln DEBUG - Stringified serialized buffer = [b'110977344024584', b'92788796846446', b'80647304915107', b'75339516044248', b'53174729515853', b'49112187787524', b'43131617558264', b'16229785994540', b'261274528407611', b'245206622529518', b'216848632664479', b'\x00k\x8bEg', b'', b'\x08\x062\x0c\x08\x01\x10\x01\x18\x9f\xa3\xe1\x8d\x90\xa71']
2023-03-17 15:46:11,059 - DiscoveryAppln DEBUG - DiscoveryMW::handle_request: done handling request with timeout = None
2023-03-17 15:46:11,059 - DiscoveryAppln INFO - control back to event loop
2023-03-17 15:46:11,060 - DiscoveryAppln DEBUG - waiting for events...
2023-03-17 15:46:11,120 - DiscoveryAppln DEBUG - {<zmq.Socket(zmq.ROUTER) at 0x7f66d65394e0>: 1}
2023-03-17 15:46:11,120 - DiscoveryAppln DEBUG - Calling handle_request()
2023-03-17 15:46:11,120 - DiscoveryAppln INFO - DiscoveryMW::handle_request:
2023-03-17 15:46:11,120 - DiscoveryAppln DEBUG - [b'110977344024584', b'92788796846446', b'80647304915107', b'75339516044248', b'\x00k\x8bEg', b'', b'\x08\x062\n\x08\x01\x18\xd8\xc7\xdd\xc8\xd5\x90\x11']
2023-03-17 15:46:11,120 - DiscoveryAppln INFO - [b'110977344024584', b'92788796846446', b'80647304915107', b'75339516044248', b'\x00k\x8bEg']
2023-03-17 15:46:11,120 - DiscoveryAppln INFO - msg_type: TYPE_ISREADY_DHT
isready_req_dht {
  count_sub: 1
  src: 75339516044248
}

2023-03-17 15:46:11,120 - DiscoveryAppln DEBUG - DiscoveryAppln::isready_loop src = 75339516044248
2023-03-17 15:46:11,120 - DiscoveryAppln DEBUG - DiscoveryAppln::isready_loop current node = 114878299796286
2023-03-17 15:46:11,120 - DiscoveryAppln INFO - DiscoveryMW::propagateIsReady: building dht request to send to disc19 from src disc20
2023-03-17 15:46:11,120 - DiscoveryAppln DEBUG - DiscoveryMW::propagateIsReaedy: done building dht request
2023-03-17 15:46:11,120 - DiscoveryAppln DEBUG - Stringified serialized buffer = [b'110977344024584', b'92788796846446', b'80647304915107', b'75339516044248', b'\x00k\x8bEg', b'', b'\x08\x062\n\x08\x01\x18\xd8\xc7\xdd\xc8\xd5\x90\x11']
2023-03-17 15:46:11,120 - DiscoveryAppln DEBUG - DiscoveryMW::handle_request: done handling request with timeout = None
2023-03-17 15:46:11,120 - DiscoveryAppln INFO - control back to event loop
2023-03-17 15:46:11,120 - DiscoveryAppln DEBUG - waiting for events...
2023-03-17 15:46:11,174 - DiscoveryAppln DEBUG - {<zmq.Socket(zmq.ROUTER) at 0x7f66d65394e0>: 1}
2023-03-17 15:46:11,174 - DiscoveryAppln DEBUG - Calling handle_request()
2023-03-17 15:46:11,174 - DiscoveryAppln INFO - DiscoveryMW::handle_request:
2023-03-17 15:46:11,175 - DiscoveryAppln DEBUG - [b'110977344024584', b'92788796846446', b'80647304915107', b'75339516044248', b'53174729515853', b'49112187787524', b'43131617558264', b'16229785994540', b'261274528407611', b'245206622529518', b'216848632664479', b'200736216270761', b'179284730639870', b'177038261674044', b'166891747590864', b'\x00k\x8bEg', b'', b'\x08\x062\x0c\x08\x03\x10\x01\x18\xd0\x85\xd3\x9a\x98\xf9%']
2023-03-17 15:46:11,175 - DiscoveryAppln INFO - [b'110977344024584', b'92788796846446', b'80647304915107', b'75339516044248', b'53174729515853', b'49112187787524', b'43131617558264', b'16229785994540', b'261274528407611', b'245206622529518', b'216848632664479', b'200736216270761', b'179284730639870', b'177038261674044', b'166891747590864', b'\x00k\x8bEg']
2023-03-17 15:46:11,175 - DiscoveryAppln INFO - msg_type: TYPE_ISREADY_DHT
isready_req_dht {
  count_sub: 3
  count_pub: 1
  src: 166891747590864
}

2023-03-17 15:46:11,175 - DiscoveryAppln DEBUG - DiscoveryAppln::isready_loop src = 166891747590864
2023-03-17 15:46:11,175 - DiscoveryAppln DEBUG - DiscoveryAppln::isready_loop current node = 114878299796286
2023-03-17 15:46:11,175 - DiscoveryAppln INFO - DiscoveryMW::propagateIsReady: building dht request to send to disc19 from src disc11
2023-03-17 15:46:11,175 - DiscoveryAppln DEBUG - DiscoveryMW::propagateIsReaedy: done building dht request
2023-03-17 15:46:11,175 - DiscoveryAppln DEBUG - Stringified serialized buffer = [b'110977344024584', b'92788796846446', b'80647304915107', b'75339516044248', b'53174729515853', b'49112187787524', b'43131617558264', b'16229785994540', b'261274528407611', b'245206622529518', b'216848632664479', b'200736216270761', b'179284730639870', b'177038261674044', b'166891747590864', b'\x00k\x8bEg', b'', b'\x08\x062\x0c\x08\x03\x10\x01\x18\xd0\x85\xd3\x9a\x98\xf9%']
2023-03-17 15:46:11,176 - DiscoveryAppln DEBUG - DiscoveryMW::handle_request: done handling request with timeout = None
2023-03-17 15:46:11,176 - DiscoveryAppln INFO - control back to event loop
2023-03-17 15:46:11,176 - DiscoveryAppln DEBUG - waiting for events...
2023-03-17 15:46:11,184 - DiscoveryAppln DEBUG - {<zmq.Socket(zmq.ROUTER) at 0x7f66d65394e0>: 1}
2023-03-17 15:46:11,184 - DiscoveryAppln DEBUG - Calling handle_request()
2023-03-17 15:46:11,184 - DiscoveryAppln INFO - DiscoveryMW::handle_request:
2023-03-17 15:46:11,184 - DiscoveryAppln DEBUG - [b'43131617558264', b'\x00k\x8bEh', b'', b'\x08\x05*f\x08\x01\x12\x13\n\x04pub5\x12\x0810.0.0.9\x18\xc9+\x1a\x08altitude\x1a\x05sound\x1a\x05light\x1a\x08location\x1a\x07weather\x1a\x08humidity\x1a\x08pressure(\xd4\xe5\x85\x93\xf0\xb4&0\xf8\xfd\xf8\xe5\xa5\xe7\t']
2023-03-17 15:46:11,184 - DiscoveryAppln INFO - [b'43131617558264', b'\x00k\x8bEh']
2023-03-17 15:46:11,184 - DiscoveryAppln INFO - msg_type: TYPE_REGISTER_DHT
register_req_dht {
  role: ROLE_PUBLISHER
  info {
    id: "pub5"
    addr: "10.0.0.9"
    port: 5577
  }
  topiclist: "altitude"
  topiclist: "sound"
  topiclist: "light"
  topiclist: "location"
  topiclist: "weather"
  topiclist: "humidity"
  topiclist: "pressure"
  dest: 168942578528980
  src: 43131617558264
}

2023-03-17 15:46:11,184 - DiscoveryAppln INFO - DiscoveryAppln::handle_register endpoint
2023-03-17 15:46:11,184 - DiscoveryAppln INFO - DiscoveryAppln::handle_register checking if name is unique
2023-03-17 15:46:11,184 - DiscoveryAppln INFO - DiscoveryAppln::handle_register assigning user id to info
2023-03-17 15:46:11,184 - DiscoveryAppln INFO - DiscoveryAppln::handle_register adding topics to publishers
2023-03-17 15:46:11,184 - DiscoveryAppln DEBUG - DiscoveryMW::register_reply
2023-03-17 15:46:11,185 - DiscoveryAppln DEBUG - DiscoveryMW::register_reply: done building reply
2023-03-17 15:46:11,185 - DiscoveryAppln DEBUG - Stringified serialized buffer = [b'43131617558264', b'\x00k\x8bEh', b'', b'\x08\x05*\x18\x08\x01\x12\x04pub5\x18\xf8\xfd\xf8\xe5\xa5\xe7\t(\xbe\xe6\x81\x82\xb3\x8f\x1a']
2023-03-17 15:46:11,185 - DiscoveryAppln DEBUG - DiscoveryMW::register_reply: send reply
2023-03-17 15:46:11,185 - DiscoveryAppln INFO - DiscoveryMW::register_reply: done replying to client register request
2023-03-17 15:46:11,185 - DiscoveryAppln DEBUG - DiscoveryMW::handle_request: done handling request with timeout = None
2023-03-17 15:46:11,185 - DiscoveryAppln INFO - control back to event loop
2023-03-17 15:46:11,185 - DiscoveryAppln DEBUG - waiting for events...
2023-03-17 15:46:11,198 - DiscoveryAppln DEBUG - {<zmq.Socket(zmq.ROUTER) at 0x7f66d65394e0>: 1, <zmq.Socket(zmq.DEALER) at 0x7f66d6539540>: 1}
2023-03-17 15:46:11,199 - DiscoveryAppln DEBUG - Calling handle_request()
2023-03-17 15:46:11,199 - DiscoveryAppln INFO - DiscoveryMW::handle_request:
2023-03-17 15:46:11,199 - DiscoveryAppln DEBUG - [b'43131617558264', b'\x00k\x8bEh', b'', b'\x08\x05*f\x08\x01\x12\x13\n\x04pub5\x12\x0810.0.0.9\x18\xc9+\x1a\x08altitude\x1a\x05sound\x1a\x05light\x1a\x08location\x1a\x07weather\x1a\x08humidity\x1a\x08pressure(\xb2\xdd\xb9\xa3\xf4\xcc-0\xf8\xfd\xf8\xe5\xa5\xe7\t']
2023-03-17 15:46:11,199 - DiscoveryAppln INFO - [b'43131617558264', b'\x00k\x8bEh']
2023-03-17 15:46:11,199 - DiscoveryAppln INFO - msg_type: TYPE_REGISTER_DHT
register_req_dht {
  role: ROLE_PUBLISHER
  info {
    id: "pub5"
    addr: "10.0.0.9"
    port: 5577
  }
  topiclist: "altitude"
  topiclist: "sound"
  topiclist: "light"
  topiclist: "location"
  topiclist: "weather"
  topiclist: "humidity"
  topiclist: "pressure"
  dest: 200554645974706
  src: 43131617558264
}

2023-03-17 15:46:11,199 - DiscoveryAppln INFO - DiscoveryAppln::handle_register endpoint
2023-03-17 15:46:11,199 - DiscoveryAppln INFO - DiscoveryAppln::handle_register checking if name is unique
2023-03-17 15:46:11,199 - DiscoveryAppln INFO - DiscoveryAppln::handle_register already registered
2023-03-17 15:46:11,200 - DiscoveryAppln DEBUG - DiscoveryMW::register_reply
2023-03-17 15:46:11,200 - DiscoveryAppln DEBUG - DiscoveryMW::register_reply: done building reply
2023-03-17 15:46:11,200 - DiscoveryAppln DEBUG - Stringified serialized buffer = [b'43131617558264', b'\x00k\x8bEh', b'', b'\x08\x05*\x18\x08\x01\x12\x04pub5\x18\xf8\xfd\xf8\xe5\xa5\xe7\t(\xbe\xe6\x81\x82\xb3\x8f\x1a']
2023-03-17 15:46:11,200 - DiscoveryAppln DEBUG - DiscoveryMW::register_reply: send reply
2023-03-17 15:46:11,200 - DiscoveryAppln INFO - DiscoveryMW::register_reply: done replying to client register request
2023-03-17 15:46:11,200 - DiscoveryAppln DEBUG - DiscoveryMW::handle_request: done handling request with timeout = None
2023-03-17 15:46:11,200 - DiscoveryAppln DEBUG - Calling handle_reply() for hash 117261750833392
2023-03-17 15:46:11,200 - DiscoveryAppln INFO - DiscoveryMW::handle_reply:
2023-03-17 15:46:11,200 - DiscoveryAppln DEBUG - [b'110977344024584', b'92788796846446', b'80647304915107', b'75339516044248', b'53174729515853', b'49112187787524', b'43131617558264', b'16229785994540', b'261274528407611', b'245206622529518', b'216848632664479', b'200736216270761', b'179284730639870', b'177038261674044', b'166891747590864', b'\x00k\x8bEg', b'', b'\x08\x062\x10\x10\xd0\x85\xd3\x9a\x98\xf9%\x18\xf0\xa1\x84\x88\xe2\xd4\x1a']
2023-03-17 15:46:11,200 - DiscoveryAppln DEBUG - DiscoveryMW::handle_reply: received [b'110977344024584', b'92788796846446', b'80647304915107', b'75339516044248', b'53174729515853', b'49112187787524', b'43131617558264', b'16229785994540', b'261274528407611', b'245206622529518', b'216848632664479', b'200736216270761', b'179284730639870', b'177038261674044', b'166891747590864', b'\x00k\x8bEg', b'']
2023-03-17 15:46:11,200 - DiscoveryAppln INFO - DiscoveryMW::handle_reply: received a reply from disc19
2023-03-17 15:46:11,201 - DiscoveryAppln INFO - DiscoveryAppln::handle_isready_reply_dht received reply from node 117261750833392
2023-03-17 15:46:11,201 - DiscoveryAppln INFO - DiscoveryAppln::handle_isready_reply_dht propagating reply to source
2023-03-17 15:46:11,201 - DiscoveryAppln DEBUG - DiscoveryMW::is_ready_reply_dht
2023-03-17 15:46:11,201 - DiscoveryAppln DEBUG - DiscoveryMW::is_ready_reply: done building reply
2023-03-17 15:46:11,201 - DiscoveryAppln DEBUG - Stringified serialized buffer = [b'110977344024584', b'92788796846446', b'80647304915107', b'75339516044248', b'53174729515853', b'49112187787524', b'43131617558264', b'16229785994540', b'261274528407611', b'245206622529518', b'216848632664479', b'200736216270761', b'179284730639870', b'177038261674044', b'166891747590864', b'\x00k\x8bEg', b'', b'\x08\x062\x10\x10\xd0\x85\xd3\x9a\x98\xf9%\x18\xbe\xe6\x81\x82\xb3\x8f\x1a']
2023-03-17 15:46:11,201 - DiscoveryAppln DEBUG - DiscoveryMW::register_reply: send reply
2023-03-17 15:46:11,201 - DiscoveryAppln INFO - DiscoveryMW::register_reply: done replying to client register request
2023-03-17 15:46:11,201 - DiscoveryAppln DEBUG - DiscoveryMW::handle_request: done handling reply with timeout None
2023-03-17 15:46:11,202 - DiscoveryAppln INFO - control back to event loop
2023-03-17 15:46:11,202 - DiscoveryAppln DEBUG - waiting for events...
2023-03-17 15:46:11,211 - DiscoveryAppln DEBUG - {<zmq.Socket(zmq.DEALER) at 0x7f66d6539540>: 1}
2023-03-17 15:46:11,212 - DiscoveryAppln DEBUG - Calling handle_reply() for hash 117261750833392
2023-03-17 15:46:11,212 - DiscoveryAppln INFO - DiscoveryMW::handle_reply:
2023-03-17 15:46:11,212 - DiscoveryAppln DEBUG - [b'110977344024584', b'92788796846446', b'80647304915107', b'75339516044248', b'53174729515853', b'49112187787524', b'43131617558264', b'16229785994540', b'261274528407611', b'245206622529518', b'216848632664479', b'\x00k\x8bEg', b'', b'\x08\x062\x10\x10\x9f\xa3\xe1\x8d\x90\xa71\x18\xf0\xa1\x84\x88\xe2\xd4\x1a']
2023-03-17 15:46:11,212 - DiscoveryAppln DEBUG - DiscoveryMW::handle_reply: received [b'110977344024584', b'92788796846446', b'80647304915107', b'75339516044248', b'53174729515853', b'49112187787524', b'43131617558264', b'16229785994540', b'261274528407611', b'245206622529518', b'216848632664479', b'\x00k\x8bEg', b'']
2023-03-17 15:46:11,213 - DiscoveryAppln INFO - DiscoveryMW::handle_reply: received a reply from disc19
2023-03-17 15:46:11,213 - DiscoveryAppln INFO - DiscoveryAppln::handle_isready_reply_dht received reply from node 117261750833392
2023-03-17 15:46:11,213 - DiscoveryAppln INFO - DiscoveryAppln::handle_isready_reply_dht propagating reply to source
2023-03-17 15:46:11,213 - DiscoveryAppln DEBUG - DiscoveryMW::is_ready_reply_dht
2023-03-17 15:46:11,213 - DiscoveryAppln DEBUG - DiscoveryMW::is_ready_reply: done building reply
2023-03-17 15:46:11,213 - DiscoveryAppln DEBUG - Stringified serialized buffer = [b'110977344024584', b'92788796846446', b'80647304915107', b'75339516044248', b'53174729515853', b'49112187787524', b'43131617558264', b'16229785994540', b'261274528407611', b'245206622529518', b'216848632664479', b'\x00k\x8bEg', b'', b'\x08\x062\x10\x10\x9f\xa3\xe1\x8d\x90\xa71\x18\xbe\xe6\x81\x82\xb3\x8f\x1a']
2023-03-17 15:46:11,213 - DiscoveryAppln DEBUG - DiscoveryMW::register_reply: send reply
2023-03-17 15:46:11,214 - DiscoveryAppln INFO - DiscoveryMW::register_reply: done replying to client register request
2023-03-17 15:46:11,214 - DiscoveryAppln DEBUG - DiscoveryMW::handle_request: done handling reply with timeout None
2023-03-17 15:46:11,214 - DiscoveryAppln INFO - control back to event loop
2023-03-17 15:46:11,214 - DiscoveryAppln DEBUG - waiting for events...
2023-03-17 15:46:11,244 - DiscoveryAppln DEBUG - {<zmq.Socket(zmq.ROUTER) at 0x7f66d65394e0>: 1}
2023-03-17 15:46:11,244 - DiscoveryAppln DEBUG - Calling handle_request()
2023-03-17 15:46:11,244 - DiscoveryAppln INFO - DiscoveryMW::handle_request:
2023-03-17 15:46:11,244 - DiscoveryAppln DEBUG - [b'110977344024584', b'92788796846446', b'80647304915107', b'75339516044248', b'53174729515853', b'49112187787524', b'43131617558264', b'\x00k\x8bEg', b'', b'\x08\x062\x0c\x08\x01\x10\x02\x18\xf8\xfd\xf8\xe5\xa5\xe7\t']
2023-03-17 15:46:11,244 - DiscoveryAppln INFO - [b'110977344024584', b'92788796846446', b'80647304915107', b'75339516044248', b'53174729515853', b'49112187787524', b'43131617558264', b'\x00k\x8bEg']
2023-03-17 15:46:11,244 - DiscoveryAppln INFO - msg_type: TYPE_ISREADY_DHT
isready_req_dht {
  count_sub: 1
  count_pub: 2
  src: 43131617558264
}

2023-03-17 15:46:11,244 - DiscoveryAppln DEBUG - DiscoveryAppln::isready_loop src = 43131617558264
2023-03-17 15:46:11,244 - DiscoveryAppln DEBUG - DiscoveryAppln::isready_loop current node = 114878299796286
2023-03-17 15:46:11,244 - DiscoveryAppln INFO - DiscoveryMW::propagateIsReady: building dht request to send to disc19 from src disc1
2023-03-17 15:46:11,244 - DiscoveryAppln DEBUG - DiscoveryMW::propagateIsReaedy: done building dht request
2023-03-17 15:46:11,244 - DiscoveryAppln DEBUG - Stringified serialized buffer = [b'110977344024584', b'92788796846446', b'80647304915107', b'75339516044248', b'53174729515853', b'49112187787524', b'43131617558264', b'\x00k\x8bEg', b'', b'\x08\x062\x0c\x08\x01\x10\x02\x18\xf8\xfd\xf8\xe5\xa5\xe7\t']
2023-03-17 15:46:11,244 - DiscoveryAppln DEBUG - DiscoveryMW::handle_request: done handling request with timeout = None
2023-03-17 15:46:11,244 - DiscoveryAppln INFO - control back to event loop
2023-03-17 15:46:11,245 - DiscoveryAppln DEBUG - waiting for events...
2023-03-17 15:46:11,275 - DiscoveryAppln DEBUG - {<zmq.Socket(zmq.ROUTER) at 0x7f66d65394e0>: 1}
2023-03-17 15:46:11,275 - DiscoveryAppln DEBUG - Calling handle_request()
2023-03-17 15:46:11,275 - DiscoveryAppln INFO - DiscoveryMW::handle_request:
2023-03-17 15:46:11,275 - DiscoveryAppln DEBUG - [b'110977344024584', b'92788796846446', b'80647304915107', b'75339516044248', b'53174729515853', b'49112187787524', b'43131617558264', b'16229785994540', b'261274528407611', b'245206622529518', b'216848632664479', b'\x00k\x8bEh', b'', b'\x08\x062\x0c\x08\x02\x10\x03\x18\x9f\xa3\xe1\x8d\x90\xa71']
2023-03-17 15:46:11,275 - DiscoveryAppln INFO - [b'110977344024584', b'92788796846446', b'80647304915107', b'75339516044248', b'53174729515853', b'49112187787524', b'43131617558264', b'16229785994540', b'261274528407611', b'245206622529518', b'216848632664479', b'\x00k\x8bEh']
2023-03-17 15:46:11,275 - DiscoveryAppln INFO - msg_type: TYPE_ISREADY_DHT
isready_req_dht {
  count_sub: 2
  count_pub: 3
  src: 216848632664479
}

2023-03-17 15:46:11,275 - DiscoveryAppln DEBUG - DiscoveryAppln::isready_loop src = 216848632664479
2023-03-17 15:46:11,275 - DiscoveryAppln DEBUG - DiscoveryAppln::isready_loop current node = 114878299796286
2023-03-17 15:46:11,276 - DiscoveryAppln INFO - DiscoveryMW::propagateIsReady: building dht request to send to disc19 from src disc18
2023-03-17 15:46:11,276 - DiscoveryAppln DEBUG - DiscoveryMW::propagateIsReaedy: done building dht request
2023-03-17 15:46:11,276 - DiscoveryAppln DEBUG - Stringified serialized buffer = [b'110977344024584', b'92788796846446', b'80647304915107', b'75339516044248', b'53174729515853', b'49112187787524', b'43131617558264', b'16229785994540', b'261274528407611', b'245206622529518', b'216848632664479', b'\x00k\x8bEh', b'', b'\x08\x062\x0c\x08\x02\x10\x03\x18\x9f\xa3\xe1\x8d\x90\xa71']
2023-03-17 15:46:11,276 - DiscoveryAppln DEBUG - DiscoveryMW::handle_request: done handling request with timeout = None
2023-03-17 15:46:11,276 - DiscoveryAppln INFO - control back to event loop
2023-03-17 15:46:11,276 - DiscoveryAppln DEBUG - waiting for events...
2023-03-17 15:46:11,287 - DiscoveryAppln DEBUG - {<zmq.Socket(zmq.ROUTER) at 0x7f66d65394e0>: 1}
2023-03-17 15:46:11,287 - DiscoveryAppln DEBUG - Calling handle_request()
2023-03-17 15:46:11,287 - DiscoveryAppln INFO - DiscoveryMW::handle_request:
2023-03-17 15:46:11,287 - DiscoveryAppln DEBUG - [b'110977344024584', b'92788796846446', b'80647304915107', b'75339516044248', b'53174729515853', b'49112187787524', b'43131617558264', b'16229785994540', b'261274528407611', b'245206622529518', b'216848632664479', b'200736216270761', b'179284730639870', b'177038261674044', b'166891747590864', b'149057202460357', b'\x00k\x8bEg', b'', b'\x08\x062\x0c\x08\x03\x10\x04\x18\xc5\xad\xea\xac\x91\xf2!']
2023-03-17 15:46:11,288 - DiscoveryAppln INFO - [b'110977344024584', b'92788796846446', b'80647304915107', b'75339516044248', b'53174729515853', b'49112187787524', b'43131617558264', b'16229785994540', b'261274528407611', b'245206622529518', b'216848632664479', b'200736216270761', b'179284730639870', b'177038261674044', b'166891747590864', b'149057202460357', b'\x00k\x8bEg']
2023-03-17 15:46:11,288 - DiscoveryAppln INFO - msg_type: TYPE_ISREADY_DHT
isready_req_dht {
  count_sub: 3
  count_pub: 4
  src: 149057202460357
}

2023-03-17 15:46:11,288 - DiscoveryAppln DEBUG - DiscoveryAppln::isready_loop src = 149057202460357
2023-03-17 15:46:11,288 - DiscoveryAppln DEBUG - DiscoveryAppln::isready_loop current node = 114878299796286
2023-03-17 15:46:11,288 - DiscoveryAppln INFO - DiscoveryMW::propagateIsReady: building dht request to send to disc19 from src disc14
2023-03-17 15:46:11,288 - DiscoveryAppln DEBUG - DiscoveryMW::propagateIsReaedy: done building dht request
2023-03-17 15:46:11,288 - DiscoveryAppln DEBUG - Stringified serialized buffer = [b'110977344024584', b'92788796846446', b'80647304915107', b'75339516044248', b'53174729515853', b'49112187787524', b'43131617558264', b'16229785994540', b'261274528407611', b'245206622529518', b'216848632664479', b'200736216270761', b'179284730639870', b'177038261674044', b'166891747590864', b'149057202460357', b'\x00k\x8bEg', b'', b'\x08\x062\x0c\x08\x03\x10\x04\x18\xc5\xad\xea\xac\x91\xf2!']
2023-03-17 15:46:11,288 - DiscoveryAppln DEBUG - DiscoveryMW::handle_request: done handling request with timeout = None
2023-03-17 15:46:11,288 - DiscoveryAppln INFO - control back to event loop
2023-03-17 15:46:11,288 - DiscoveryAppln DEBUG - waiting for events...
2023-03-17 15:46:11,314 - DiscoveryAppln DEBUG - {<zmq.Socket(zmq.DEALER) at 0x7f66d6539540>: 1}
2023-03-17 15:46:11,314 - DiscoveryAppln DEBUG - Calling handle_reply() for hash 117261750833392
2023-03-17 15:46:11,314 - DiscoveryAppln INFO - DiscoveryMW::handle_reply:
2023-03-17 15:46:11,314 - DiscoveryAppln DEBUG - [b'110977344024584', b'92788796846446', b'80647304915107', b'75339516044248', b'53174729515853', b'49112187787524', b'43131617558264', b'16229785994540', b'261274528407611', b'245206622529518', b'216848632664479', b'200736216270761', b'179284730639870', b'177038261674044', b'166891747590864', b'149057202460357', b'\x00k\x8bEg', b'', b'\x08\x062\x10\x10\xc5\xad\xea\xac\x91\xf2!\x18\xf0\xa1\x84\x88\xe2\xd4\x1a']
2023-03-17 15:46:11,314 - DiscoveryAppln DEBUG - DiscoveryMW::handle_reply: received [b'110977344024584', b'92788796846446', b'80647304915107', b'75339516044248', b'53174729515853', b'49112187787524', b'43131617558264', b'16229785994540', b'261274528407611', b'245206622529518', b'216848632664479', b'200736216270761', b'179284730639870', b'177038261674044', b'166891747590864', b'149057202460357', b'\x00k\x8bEg', b'']
2023-03-17 15:46:11,314 - DiscoveryAppln INFO - DiscoveryMW::handle_reply: received a reply from disc19
2023-03-17 15:46:11,315 - DiscoveryAppln INFO - DiscoveryAppln::handle_isready_reply_dht received reply from node 117261750833392
2023-03-17 15:46:11,315 - DiscoveryAppln INFO - DiscoveryAppln::handle_isready_reply_dht propagating reply to source
2023-03-17 15:46:11,315 - DiscoveryAppln DEBUG - DiscoveryMW::is_ready_reply_dht
2023-03-17 15:46:11,315 - DiscoveryAppln DEBUG - DiscoveryMW::is_ready_reply: done building reply
2023-03-17 15:46:11,315 - DiscoveryAppln DEBUG - Stringified serialized buffer = [b'110977344024584', b'92788796846446', b'80647304915107', b'75339516044248', b'53174729515853', b'49112187787524', b'43131617558264', b'16229785994540', b'261274528407611', b'245206622529518', b'216848632664479', b'200736216270761', b'179284730639870', b'177038261674044', b'166891747590864', b'149057202460357', b'\x00k\x8bEg', b'', b'\x08\x062\x10\x10\xc5\xad\xea\xac\x91\xf2!\x18\xbe\xe6\x81\x82\xb3\x8f\x1a']
2023-03-17 15:46:11,315 - DiscoveryAppln DEBUG - DiscoveryMW::register_reply: send reply
2023-03-17 15:46:11,315 - DiscoveryAppln INFO - DiscoveryMW::register_reply: done replying to client register request
2023-03-17 15:46:11,315 - DiscoveryAppln DEBUG - DiscoveryMW::handle_request: done handling reply with timeout None
2023-03-17 15:46:11,315 - DiscoveryAppln INFO - control back to event loop
2023-03-17 15:46:11,315 - DiscoveryAppln DEBUG - waiting for events...
2023-03-17 15:46:11,326 - DiscoveryAppln DEBUG - {<zmq.Socket(zmq.DEALER) at 0x7f66d6539540>: 1}
2023-03-17 15:46:11,326 - DiscoveryAppln DEBUG - Calling handle_reply() for hash 117261750833392
2023-03-17 15:46:11,326 - DiscoveryAppln INFO - DiscoveryMW::handle_reply:
2023-03-17 15:46:11,326 - DiscoveryAppln DEBUG - [b'110977344024584', b'92788796846446', b'80647304915107', b'75339516044248', b'53174729515853', b'49112187787524', b'43131617558264', b'16229785994540', b'261274528407611', b'245206622529518', b'216848632664479', b'\x00k\x8bEh', b'', b'\x08\x062\x10\x10\x9f\xa3\xe1\x8d\x90\xa71\x18\xf0\xa1\x84\x88\xe2\xd4\x1a']
2023-03-17 15:46:11,326 - DiscoveryAppln DEBUG - DiscoveryMW::handle_reply: received [b'110977344024584', b'92788796846446', b'80647304915107', b'75339516044248', b'53174729515853', b'49112187787524', b'43131617558264', b'16229785994540', b'261274528407611', b'245206622529518', b'216848632664479', b'\x00k\x8bEh', b'']
2023-03-17 15:46:11,326 - DiscoveryAppln INFO - DiscoveryMW::handle_reply: received a reply from disc19
2023-03-17 15:46:11,326 - DiscoveryAppln INFO - DiscoveryAppln::handle_isready_reply_dht received reply from node 117261750833392
2023-03-17 15:46:11,327 - DiscoveryAppln INFO - DiscoveryAppln::handle_isready_reply_dht propagating reply to source
2023-03-17 15:46:11,327 - DiscoveryAppln DEBUG - DiscoveryMW::is_ready_reply_dht
2023-03-17 15:46:11,327 - DiscoveryAppln DEBUG - DiscoveryMW::is_ready_reply: done building reply
2023-03-17 15:46:11,327 - DiscoveryAppln DEBUG - Stringified serialized buffer = [b'110977344024584', b'92788796846446', b'80647304915107', b'75339516044248', b'53174729515853', b'49112187787524', b'43131617558264', b'16229785994540', b'261274528407611', b'245206622529518', b'216848632664479', b'\x00k\x8bEh', b'', b'\x08\x062\x10\x10\x9f\xa3\xe1\x8d\x90\xa71\x18\xbe\xe6\x81\x82\xb3\x8f\x1a']
2023-03-17 15:46:11,327 - DiscoveryAppln DEBUG - DiscoveryMW::register_reply: send reply
2023-03-17 15:46:11,327 - DiscoveryAppln INFO - DiscoveryMW::register_reply: done replying to client register request
2023-03-17 15:46:11,327 - DiscoveryAppln DEBUG - DiscoveryMW::handle_request: done handling reply with timeout None
2023-03-17 15:46:11,327 - DiscoveryAppln INFO - control back to event loop
2023-03-17 15:46:11,327 - DiscoveryAppln DEBUG - waiting for events...
2023-03-17 15:46:11,327 - DiscoveryAppln DEBUG - {<zmq.Socket(zmq.DEALER) at 0x7f66d6539540>: 1}
2023-03-17 15:46:11,327 - DiscoveryAppln DEBUG - Calling handle_reply() for hash 117261750833392
2023-03-17 15:46:11,327 - DiscoveryAppln INFO - DiscoveryMW::handle_reply:
2023-03-17 15:46:11,327 - DiscoveryAppln DEBUG - [b'110977344024584', b'92788796846446', b'80647304915107', b'75339516044248', b'53174729515853', b'49112187787524', b'43131617558264', b'\x00k\x8bEg', b'', b'\x08\x062\x10\x10\xf8\xfd\xf8\xe5\xa5\xe7\t\x18\xf0\xa1\x84\x88\xe2\xd4\x1a']
2023-03-17 15:46:11,327 - DiscoveryAppln DEBUG - DiscoveryMW::handle_reply: received [b'110977344024584', b'92788796846446', b'80647304915107', b'75339516044248', b'53174729515853', b'49112187787524', b'43131617558264', b'\x00k\x8bEg', b'']
2023-03-17 15:46:11,327 - DiscoveryAppln INFO - DiscoveryMW::handle_reply: received a reply from disc19
2023-03-17 15:46:11,327 - DiscoveryAppln INFO - DiscoveryAppln::handle_isready_reply_dht received reply from node 117261750833392
2023-03-17 15:46:11,327 - DiscoveryAppln INFO - DiscoveryAppln::handle_isready_reply_dht propagating reply to source
2023-03-17 15:46:11,327 - DiscoveryAppln DEBUG - DiscoveryMW::is_ready_reply_dht
2023-03-17 15:46:11,328 - DiscoveryAppln DEBUG - DiscoveryMW::is_ready_reply: done building reply
2023-03-17 15:46:11,328 - DiscoveryAppln DEBUG - Stringified serialized buffer = [b'110977344024584', b'92788796846446', b'80647304915107', b'75339516044248', b'53174729515853', b'49112187787524', b'43131617558264', b'\x00k\x8bEg', b'', b'\x08\x062\x10\x10\xf8\xfd\xf8\xe5\xa5\xe7\t\x18\xbe\xe6\x81\x82\xb3\x8f\x1a']
2023-03-17 15:46:11,328 - DiscoveryAppln DEBUG - DiscoveryMW::register_reply: send reply
2023-03-17 15:46:11,328 - DiscoveryAppln INFO - DiscoveryMW::register_reply: done replying to client register request
2023-03-17 15:46:11,328 - DiscoveryAppln DEBUG - DiscoveryMW::handle_request: done handling reply with timeout None
2023-03-17 15:46:11,328 - DiscoveryAppln INFO - control back to event loop
2023-03-17 15:46:11,328 - DiscoveryAppln DEBUG - waiting for events...
2023-03-17 15:46:11,348 - DiscoveryAppln DEBUG - {<zmq.Socket(zmq.DEALER) at 0x7f66d6539540>: 1}
2023-03-17 15:46:11,348 - DiscoveryAppln DEBUG - Calling handle_reply() for hash 117261750833392
2023-03-17 15:46:11,348 - DiscoveryAppln INFO - DiscoveryMW::handle_reply:
2023-03-17 15:46:11,348 - DiscoveryAppln DEBUG - [b'110977344024584', b'92788796846446', b'80647304915107', b'75339516044248', b'\x00k\x8bEg', b'', b'\x08\x062\x10\x10\xd8\xc7\xdd\xc8\xd5\x90\x11\x18\xf0\xa1\x84\x88\xe2\xd4\x1a']
2023-03-17 15:46:11,348 - DiscoveryAppln DEBUG - DiscoveryMW::handle_reply: received [b'110977344024584', b'92788796846446', b'80647304915107', b'75339516044248', b'\x00k\x8bEg', b'']
2023-03-17 15:46:11,348 - DiscoveryAppln INFO - DiscoveryMW::handle_reply: received a reply from disc19
2023-03-17 15:46:11,348 - DiscoveryAppln INFO - DiscoveryAppln::handle_isready_reply_dht received reply from node 117261750833392
2023-03-17 15:46:11,348 - DiscoveryAppln INFO - DiscoveryAppln::handle_isready_reply_dht propagating reply to source
2023-03-17 15:46:11,349 - DiscoveryAppln DEBUG - DiscoveryMW::is_ready_reply_dht
2023-03-17 15:46:11,349 - DiscoveryAppln DEBUG - DiscoveryMW::is_ready_reply: done building reply
2023-03-17 15:46:11,349 - DiscoveryAppln DEBUG - Stringified serialized buffer = [b'110977344024584', b'92788796846446', b'80647304915107', b'75339516044248', b'\x00k\x8bEg', b'', b'\x08\x062\x10\x10\xd8\xc7\xdd\xc8\xd5\x90\x11\x18\xbe\xe6\x81\x82\xb3\x8f\x1a']
2023-03-17 15:46:11,349 - DiscoveryAppln DEBUG - DiscoveryMW::register_reply: send reply
2023-03-17 15:46:11,349 - DiscoveryAppln INFO - DiscoveryMW::register_reply: done replying to client register request
2023-03-17 15:46:11,349 - DiscoveryAppln DEBUG - DiscoveryMW::handle_request: done handling reply with timeout None
2023-03-17 15:46:11,349 - DiscoveryAppln INFO - control back to event loop
2023-03-17 15:46:11,349 - DiscoveryAppln DEBUG - waiting for events...
2023-03-17 15:46:11,360 - DiscoveryAppln DEBUG - {<zmq.Socket(zmq.ROUTER) at 0x7f66d65394e0>: 1}
2023-03-17 15:46:11,360 - DiscoveryAppln DEBUG - Calling handle_request()
2023-03-17 15:46:11,360 - DiscoveryAppln INFO - DiscoveryMW::handle_request:
2023-03-17 15:46:11,360 - DiscoveryAppln DEBUG - [b'110977344024584', b'92788796846446', b'80647304915107', b'75339516044248', b'53174729515853', b'49112187787524', b'43131617558264', b'\x00k\x8bEh', b'', b'\x08\x062\x0c\x08\x01\x10\x02\x18\xf8\xfd\xf8\xe5\xa5\xe7\t']
2023-03-17 15:46:11,360 - DiscoveryAppln INFO - [b'110977344024584', b'92788796846446', b'80647304915107', b'75339516044248', b'53174729515853', b'49112187787524', b'43131617558264', b'\x00k\x8bEh']
2023-03-17 15:46:11,360 - DiscoveryAppln INFO - msg_type: TYPE_ISREADY_DHT
isready_req_dht {
  count_sub: 1
  count_pub: 2
  src: 43131617558264
}

2023-03-17 15:46:11,361 - DiscoveryAppln DEBUG - DiscoveryAppln::isready_loop src = 43131617558264
2023-03-17 15:46:11,361 - DiscoveryAppln DEBUG - DiscoveryAppln::isready_loop current node = 114878299796286
2023-03-17 15:46:11,361 - DiscoveryAppln INFO - DiscoveryMW::propagateIsReady: building dht request to send to disc19 from src disc1
2023-03-17 15:46:11,361 - DiscoveryAppln DEBUG - DiscoveryMW::propagateIsReaedy: done building dht request
2023-03-17 15:46:11,361 - DiscoveryAppln DEBUG - Stringified serialized buffer = [b'110977344024584', b'92788796846446', b'80647304915107', b'75339516044248', b'53174729515853', b'49112187787524', b'43131617558264', b'\x00k\x8bEh', b'', b'\x08\x062\x0c\x08\x01\x10\x02\x18\xf8\xfd\xf8\xe5\xa5\xe7\t']
2023-03-17 15:46:11,361 - DiscoveryAppln DEBUG - DiscoveryMW::handle_request: done handling request with timeout = None
2023-03-17 15:46:11,361 - DiscoveryAppln INFO - control back to event loop
2023-03-17 15:46:11,361 - DiscoveryAppln DEBUG - waiting for events...
2023-03-17 15:46:11,368 - DiscoveryAppln DEBUG - {<zmq.Socket(zmq.ROUTER) at 0x7f66d65394e0>: 1}
2023-03-17 15:46:11,368 - DiscoveryAppln DEBUG - Calling handle_request()
2023-03-17 15:46:11,368 - DiscoveryAppln INFO - DiscoveryMW::handle_request:
2023-03-17 15:46:11,368 - DiscoveryAppln DEBUG - [b'110977344024584', b'92788796846446', b'80647304915107', b'75339516044248', b'53174729515853', b'49112187787524', b'43131617558264', b'16229785994540', b'\x00k\x8bEg', b'', b'\x08\x062\x0c\x08\x02\x10\x02\x18\xac\x8a\x84\xd5\xac\xd8\x03']
2023-03-17 15:46:11,368 - DiscoveryAppln INFO - [b'110977344024584', b'92788796846446', b'80647304915107', b'75339516044248', b'53174729515853', b'49112187787524', b'43131617558264', b'16229785994540', b'\x00k\x8bEg']
2023-03-17 15:46:11,368 - DiscoveryAppln INFO - msg_type: TYPE_ISREADY_DHT
isready_req_dht {
  count_sub: 2
  count_pub: 2
  src: 16229785994540
}

2023-03-17 15:46:11,368 - DiscoveryAppln DEBUG - DiscoveryAppln::isready_loop src = 16229785994540
2023-03-17 15:46:11,368 - DiscoveryAppln DEBUG - DiscoveryAppln::isready_loop current node = 114878299796286
2023-03-17 15:46:11,368 - DiscoveryAppln INFO - DiscoveryMW::propagateIsReady: building dht request to send to disc19 from src disc7
2023-03-17 15:46:11,368 - DiscoveryAppln DEBUG - DiscoveryMW::propagateIsReaedy: done building dht request
2023-03-17 15:46:11,368 - DiscoveryAppln DEBUG - Stringified serialized buffer = [b'110977344024584', b'92788796846446', b'80647304915107', b'75339516044248', b'53174729515853', b'49112187787524', b'43131617558264', b'16229785994540', b'\x00k\x8bEg', b'', b'\x08\x062\x0c\x08\x02\x10\x02\x18\xac\x8a\x84\xd5\xac\xd8\x03']
2023-03-17 15:46:11,368 - DiscoveryAppln DEBUG - DiscoveryMW::handle_request: done handling request with timeout = None
2023-03-17 15:46:11,369 - DiscoveryAppln INFO - control back to event loop
2023-03-17 15:46:11,369 - DiscoveryAppln DEBUG - waiting for events...
2023-03-17 15:46:11,371 - DiscoveryAppln DEBUG - {<zmq.Socket(zmq.ROUTER) at 0x7f66d65394e0>: 1}
2023-03-17 15:46:11,371 - DiscoveryAppln DEBUG - Calling handle_request()
2023-03-17 15:46:11,371 - DiscoveryAppln INFO - DiscoveryMW::handle_request:
2023-03-17 15:46:11,371 - DiscoveryAppln DEBUG - [b'110977344024584', b'92788796846446', b'80647304915107', b'75339516044248', b'53174729515853', b'49112187787524', b'43131617558264', b'16229785994540', b'261274528407611', b'245206622529518', b'216848632664479', b'200736216270761', b'179284730639870', b'177038261674044', b'166891747590864', b'149057202460357', b'129858881772006', b'121357477861072', b'\x00k\x8bEg', b'', b'\x08\x062\x0c\x08\x04\x10\x05\x18\xd0\xad\xef\xea\xfb\xcb\x1b']
2023-03-17 15:46:11,371 - DiscoveryAppln INFO - [b'110977344024584', b'92788796846446', b'80647304915107', b'75339516044248', b'53174729515853', b'49112187787524', b'43131617558264', b'16229785994540', b'261274528407611', b'245206622529518', b'216848632664479', b'200736216270761', b'179284730639870', b'177038261674044', b'166891747590864', b'149057202460357', b'129858881772006', b'121357477861072', b'\x00k\x8bEg']
2023-03-17 15:46:11,372 - DiscoveryAppln INFO - msg_type: TYPE_ISREADY_DHT
isready_req_dht {
  count_sub: 4
  count_pub: 5
  src: 121357477861072
}

2023-03-17 15:46:11,372 - DiscoveryAppln DEBUG - DiscoveryAppln::isready_loop src = 121357477861072
2023-03-17 15:46:11,372 - DiscoveryAppln DEBUG - DiscoveryAppln::isready_loop current node = 114878299796286
2023-03-17 15:46:11,372 - DiscoveryAppln INFO - DiscoveryMW::propagateIsReady: building dht request to send to disc19 from src disc12
2023-03-17 15:46:11,372 - DiscoveryAppln DEBUG - DiscoveryMW::propagateIsReaedy: done building dht request
2023-03-17 15:46:11,372 - DiscoveryAppln DEBUG - Stringified serialized buffer = [b'110977344024584', b'92788796846446', b'80647304915107', b'75339516044248', b'53174729515853', b'49112187787524', b'43131617558264', b'16229785994540', b'261274528407611', b'245206622529518', b'216848632664479', b'200736216270761', b'179284730639870', b'177038261674044', b'166891747590864', b'149057202460357', b'129858881772006', b'121357477861072', b'\x00k\x8bEg', b'', b'\x08\x062\x0c\x08\x04\x10\x05\x18\xd0\xad\xef\xea\xfb\xcb\x1b']
2023-03-17 15:46:11,372 - DiscoveryAppln DEBUG - DiscoveryMW::handle_request: done handling request with timeout = None
2023-03-17 15:46:11,372 - DiscoveryAppln INFO - control back to event loop
2023-03-17 15:46:11,372 - DiscoveryAppln DEBUG - waiting for events...
2023-03-17 15:46:11,382 - DiscoveryAppln DEBUG - {<zmq.Socket(zmq.ROUTER) at 0x7f66d65394e0>: 1, <zmq.Socket(zmq.DEALER) at 0x7f66d6539540>: 1}
2023-03-17 15:46:11,383 - DiscoveryAppln DEBUG - Calling handle_request()
2023-03-17 15:46:11,383 - DiscoveryAppln INFO - DiscoveryMW::handle_request:
2023-03-17 15:46:11,383 - DiscoveryAppln DEBUG - [b'110977344024584', b'92788796846446', b'80647304915107', b'75339516044248', b'53174729515853', b'\x00k\x8bEg', b'', b'\x08\x062\n\x08\x02\x18\xcd\xc6\xf4\xa6\xcb\x8b\x0c']
2023-03-17 15:46:11,383 - DiscoveryAppln INFO - [b'110977344024584', b'92788796846446', b'80647304915107', b'75339516044248', b'53174729515853', b'\x00k\x8bEg']
2023-03-17 15:46:11,383 - DiscoveryAppln INFO - msg_type: TYPE_ISREADY_DHT
isready_req_dht {
  count_sub: 2
  src: 53174729515853
}

2023-03-17 15:46:11,383 - DiscoveryAppln DEBUG - DiscoveryAppln::isready_loop src = 53174729515853
2023-03-17 15:46:11,383 - DiscoveryAppln DEBUG - DiscoveryAppln::isready_loop current node = 114878299796286
2023-03-17 15:46:11,383 - DiscoveryAppln INFO - DiscoveryMW::propagateIsReady: building dht request to send to disc19 from src disc3
2023-03-17 15:46:11,383 - DiscoveryAppln DEBUG - DiscoveryMW::propagateIsReaedy: done building dht request
2023-03-17 15:46:11,383 - DiscoveryAppln DEBUG - Stringified serialized buffer = [b'110977344024584', b'92788796846446', b'80647304915107', b'75339516044248', b'53174729515853', b'\x00k\x8bEg', b'', b'\x08\x062\n\x08\x02\x18\xcd\xc6\xf4\xa6\xcb\x8b\x0c']
2023-03-17 15:46:11,383 - DiscoveryAppln DEBUG - DiscoveryMW::handle_request: done handling request with timeout = None
2023-03-17 15:46:11,384 - DiscoveryAppln DEBUG - Calling handle_reply() for hash 117261750833392
2023-03-17 15:46:11,384 - DiscoveryAppln INFO - DiscoveryMW::handle_reply:
2023-03-17 15:46:11,384 - DiscoveryAppln DEBUG - [b'110977344024584', b'92788796846446', b'80647304915107', b'75339516044248', b'53174729515853', b'49112187787524', b'43131617558264', b'16229785994540', b'261274528407611', b'245206622529518', b'216848632664479', b'200736216270761', b'179284730639870', b'177038261674044', b'166891747590864', b'149057202460357', b'129858881772006', b'121357477861072', b'\x00k\x8bEg', b'', b'\x08\x062\x10\x10\xd0\xad\xef\xea\xfb\xcb\x1b\x18\xf0\xa1\x84\x88\xe2\xd4\x1a']
2023-03-17 15:46:11,384 - DiscoveryAppln DEBUG - DiscoveryMW::handle_reply: received [b'110977344024584', b'92788796846446', b'80647304915107', b'75339516044248', b'53174729515853', b'49112187787524', b'43131617558264', b'16229785994540', b'261274528407611', b'245206622529518', b'216848632664479', b'200736216270761', b'179284730639870', b'177038261674044', b'166891747590864', b'149057202460357', b'129858881772006', b'121357477861072', b'\x00k\x8bEg', b'']
2023-03-17 15:46:11,384 - DiscoveryAppln INFO - DiscoveryMW::handle_reply: received a reply from disc19
2023-03-17 15:46:11,384 - DiscoveryAppln INFO - DiscoveryAppln::handle_isready_reply_dht received reply from node 117261750833392
2023-03-17 15:46:11,384 - DiscoveryAppln INFO - DiscoveryAppln::handle_isready_reply_dht propagating reply to source
2023-03-17 15:46:11,384 - DiscoveryAppln DEBUG - DiscoveryMW::is_ready_reply_dht
2023-03-17 15:46:11,384 - DiscoveryAppln DEBUG - DiscoveryMW::is_ready_reply: done building reply
2023-03-17 15:46:11,384 - DiscoveryAppln DEBUG - Stringified serialized buffer = [b'110977344024584', b'92788796846446', b'80647304915107', b'75339516044248', b'53174729515853', b'49112187787524', b'43131617558264', b'16229785994540', b'261274528407611', b'245206622529518', b'216848632664479', b'200736216270761', b'179284730639870', b'177038261674044', b'166891747590864', b'149057202460357', b'129858881772006', b'121357477861072', b'\x00k\x8bEg', b'', b'\x08\x062\x10\x10\xd0\xad\xef\xea\xfb\xcb\x1b\x18\xbe\xe6\x81\x82\xb3\x8f\x1a']
2023-03-17 15:46:11,384 - DiscoveryAppln DEBUG - DiscoveryMW::register_reply: send reply
2023-03-17 15:46:11,384 - DiscoveryAppln INFO - DiscoveryMW::register_reply: done replying to client register request
2023-03-17 15:46:11,384 - DiscoveryAppln DEBUG - DiscoveryMW::handle_request: done handling reply with timeout None
2023-03-17 15:46:11,384 - DiscoveryAppln INFO - control back to event loop
2023-03-17 15:46:11,384 - DiscoveryAppln DEBUG - waiting for events...
2023-03-17 15:46:11,432 - DiscoveryAppln DEBUG - {<zmq.Socket(zmq.DEALER) at 0x7f66d6539540>: 1}
2023-03-17 15:46:11,432 - DiscoveryAppln DEBUG - Calling handle_reply() for hash 117261750833392
2023-03-17 15:46:11,432 - DiscoveryAppln INFO - DiscoveryMW::handle_reply:
2023-03-17 15:46:11,432 - DiscoveryAppln DEBUG - [b'110977344024584', b'92788796846446', b'80647304915107', b'75339516044248', b'53174729515853', b'49112187787524', b'43131617558264', b'16229785994540', b'\x00k\x8bEg', b'', b'\x08\x062\x10\x10\xac\x8a\x84\xd5\xac\xd8\x03\x18\xf0\xa1\x84\x88\xe2\xd4\x1a']
2023-03-17 15:46:11,432 - DiscoveryAppln DEBUG - DiscoveryMW::handle_reply: received [b'110977344024584', b'92788796846446', b'80647304915107', b'75339516044248', b'53174729515853', b'49112187787524', b'43131617558264', b'16229785994540', b'\x00k\x8bEg', b'']
2023-03-17 15:46:11,432 - DiscoveryAppln INFO - DiscoveryMW::handle_reply: received a reply from disc19
2023-03-17 15:46:11,432 - DiscoveryAppln INFO - DiscoveryAppln::handle_isready_reply_dht received reply from node 117261750833392
2023-03-17 15:46:11,432 - DiscoveryAppln INFO - DiscoveryAppln::handle_isready_reply_dht propagating reply to source
2023-03-17 15:46:11,432 - DiscoveryAppln DEBUG - DiscoveryMW::is_ready_reply_dht
2023-03-17 15:46:11,432 - DiscoveryAppln DEBUG - DiscoveryMW::is_ready_reply: done building reply
2023-03-17 15:46:11,432 - DiscoveryAppln DEBUG - Stringified serialized buffer = [b'110977344024584', b'92788796846446', b'80647304915107', b'75339516044248', b'53174729515853', b'49112187787524', b'43131617558264', b'16229785994540', b'\x00k\x8bEg', b'', b'\x08\x062\x10\x10\xac\x8a\x84\xd5\xac\xd8\x03\x18\xbe\xe6\x81\x82\xb3\x8f\x1a']
2023-03-17 15:46:11,432 - DiscoveryAppln DEBUG - DiscoveryMW::register_reply: send reply
2023-03-17 15:46:11,432 - DiscoveryAppln INFO - DiscoveryMW::register_reply: done replying to client register request
2023-03-17 15:46:11,432 - DiscoveryAppln DEBUG - DiscoveryMW::handle_request: done handling reply with timeout None
2023-03-17 15:46:11,432 - DiscoveryAppln INFO - control back to event loop
2023-03-17 15:46:11,432 - DiscoveryAppln DEBUG - waiting for events...
2023-03-17 15:46:11,438 - DiscoveryAppln DEBUG - {<zmq.Socket(zmq.DEALER) at 0x7f66d6539540>: 1}
2023-03-17 15:46:11,438 - DiscoveryAppln DEBUG - Calling handle_reply() for hash 117261750833392
2023-03-17 15:46:11,438 - DiscoveryAppln INFO - DiscoveryMW::handle_reply:
2023-03-17 15:46:11,438 - DiscoveryAppln DEBUG - [b'110977344024584', b'92788796846446', b'80647304915107', b'75339516044248', b'53174729515853', b'49112187787524', b'43131617558264', b'\x00k\x8bEh', b'', b'\x08\x062\x10\x10\xf8\xfd\xf8\xe5\xa5\xe7\t\x18\xf0\xa1\x84\x88\xe2\xd4\x1a']
2023-03-17 15:46:11,438 - DiscoveryAppln DEBUG - DiscoveryMW::handle_reply: received [b'110977344024584', b'92788796846446', b'80647304915107', b'75339516044248', b'53174729515853', b'49112187787524', b'43131617558264', b'\x00k\x8bEh', b'']
2023-03-17 15:46:11,438 - DiscoveryAppln INFO - DiscoveryMW::handle_reply: received a reply from disc19
2023-03-17 15:46:11,438 - DiscoveryAppln INFO - DiscoveryAppln::handle_isready_reply_dht received reply from node 117261750833392
2023-03-17 15:46:11,438 - DiscoveryAppln INFO - DiscoveryAppln::handle_isready_reply_dht propagating reply to source
2023-03-17 15:46:11,438 - DiscoveryAppln DEBUG - DiscoveryMW::is_ready_reply_dht
2023-03-17 15:46:11,438 - DiscoveryAppln DEBUG - DiscoveryMW::is_ready_reply: done building reply
2023-03-17 15:46:11,438 - DiscoveryAppln DEBUG - Stringified serialized buffer = [b'110977344024584', b'92788796846446', b'80647304915107', b'75339516044248', b'53174729515853', b'49112187787524', b'43131617558264', b'\x00k\x8bEh', b'', b'\x08\x062\x10\x10\xf8\xfd\xf8\xe5\xa5\xe7\t\x18\xbe\xe6\x81\x82\xb3\x8f\x1a']
2023-03-17 15:46:11,438 - DiscoveryAppln DEBUG - DiscoveryMW::register_reply: send reply
2023-03-17 15:46:11,438 - DiscoveryAppln INFO - DiscoveryMW::register_reply: done replying to client register request
2023-03-17 15:46:11,439 - DiscoveryAppln DEBUG - DiscoveryMW::handle_request: done handling reply with timeout None
2023-03-17 15:46:11,439 - DiscoveryAppln INFO - control back to event loop
2023-03-17 15:46:11,439 - DiscoveryAppln DEBUG - waiting for events...
2023-03-17 15:46:11,475 - DiscoveryAppln DEBUG - {<zmq.Socket(zmq.DEALER) at 0x7f66d6539540>: 1}
2023-03-17 15:46:11,475 - DiscoveryAppln DEBUG - Calling handle_reply() for hash 117261750833392
2023-03-17 15:46:11,475 - DiscoveryAppln INFO - DiscoveryMW::handle_reply:
2023-03-17 15:46:11,475 - DiscoveryAppln DEBUG - [b'110977344024584', b'92788796846446', b'80647304915107', b'75339516044248', b'53174729515853', b'\x00k\x8bEg', b'', b'\x08\x062\x12\x08\x01\x10\xcd\xc6\xf4\xa6\xcb\x8b\x0c\x18\xf0\xa1\x84\x88\xe2\xd4\x1a']
2023-03-17 15:46:11,475 - DiscoveryAppln DEBUG - DiscoveryMW::handle_reply: received [b'110977344024584', b'92788796846446', b'80647304915107', b'75339516044248', b'53174729515853', b'\x00k\x8bEg', b'']
2023-03-17 15:46:11,476 - DiscoveryAppln INFO - DiscoveryMW::handle_reply: received a reply from disc19
2023-03-17 15:46:11,476 - DiscoveryAppln INFO - DiscoveryAppln::handle_isready_reply_dht received reply from node 117261750833392
2023-03-17 15:46:11,476 - DiscoveryAppln INFO - DiscoveryAppln::handle_isready_reply_dht propagating reply to source
2023-03-17 15:46:11,476 - DiscoveryAppln DEBUG - DiscoveryMW::is_ready_reply_dht
2023-03-17 15:46:11,476 - DiscoveryAppln DEBUG - DiscoveryMW::is_ready_reply: done building reply
2023-03-17 15:46:11,476 - DiscoveryAppln DEBUG - Stringified serialized buffer = [b'110977344024584', b'92788796846446', b'80647304915107', b'75339516044248', b'53174729515853', b'\x00k\x8bEg', b'', b'\x08\x062\x12\x08\x01\x10\xcd\xc6\xf4\xa6\xcb\x8b\x0c\x18\xbe\xe6\x81\x82\xb3\x8f\x1a']
2023-03-17 15:46:11,476 - DiscoveryAppln DEBUG - DiscoveryMW::register_reply: send reply
2023-03-17 15:46:11,476 - DiscoveryAppln INFO - DiscoveryMW::register_reply: done replying to client register request
2023-03-17 15:46:11,476 - DiscoveryAppln DEBUG - DiscoveryMW::handle_request: done handling reply with timeout None
2023-03-17 15:46:11,476 - DiscoveryAppln INFO - control back to event loop
2023-03-17 15:46:11,477 - DiscoveryAppln DEBUG - waiting for events...
2023-03-17 15:46:21,318 - DiscoveryAppln DEBUG - {<zmq.Socket(zmq.ROUTER) at 0x7f66d65394e0>: 1}
2023-03-17 15:46:21,318 - DiscoveryAppln DEBUG - Calling handle_request()
2023-03-17 15:46:21,318 - DiscoveryAppln INFO - DiscoveryMW::handle_request:
2023-03-17 15:46:21,319 - DiscoveryAppln DEBUG - [b'110977344024584', b'92788796846446', b'80647304915107', b'75339516044248', b'53174729515853', b'49112187787524', b'43131617558264', b'16229785994540', b'261274528407611', b'245206622529518', b'216848632664479', b'200736216270761', b'179284730639870', b'177038261674044', b'166891747590864', b'\x00k\x8bEg', b'', b'\x08\x062\x0c\x08\x05\x10\x03\x18\xd0\x85\xd3\x9a\x98\xf9%']
2023-03-17 15:46:21,319 - DiscoveryAppln INFO - [b'110977344024584', b'92788796846446', b'80647304915107', b'75339516044248', b'53174729515853', b'49112187787524', b'43131617558264', b'16229785994540', b'261274528407611', b'245206622529518', b'216848632664479', b'200736216270761', b'179284730639870', b'177038261674044', b'166891747590864', b'\x00k\x8bEg']
2023-03-17 15:46:21,319 - DiscoveryAppln INFO - msg_type: TYPE_ISREADY_DHT
isready_req_dht {
  count_sub: 5
  count_pub: 3
  src: 166891747590864
}

2023-03-17 15:46:21,319 - DiscoveryAppln DEBUG - DiscoveryAppln::isready_loop src = 166891747590864
2023-03-17 15:46:21,319 - DiscoveryAppln DEBUG - DiscoveryAppln::isready_loop current node = 114878299796286
2023-03-17 15:46:21,319 - DiscoveryAppln INFO - DiscoveryMW::propagateIsReady: building dht request to send to disc19 from src disc11
2023-03-17 15:46:21,319 - DiscoveryAppln DEBUG - DiscoveryMW::propagateIsReaedy: done building dht request
2023-03-17 15:46:21,319 - DiscoveryAppln DEBUG - Stringified serialized buffer = [b'110977344024584', b'92788796846446', b'80647304915107', b'75339516044248', b'53174729515853', b'49112187787524', b'43131617558264', b'16229785994540', b'261274528407611', b'245206622529518', b'216848632664479', b'200736216270761', b'179284730639870', b'177038261674044', b'166891747590864', b'\x00k\x8bEg', b'', b'\x08\x062\x0c\x08\x05\x10\x03\x18\xd0\x85\xd3\x9a\x98\xf9%']
2023-03-17 15:46:21,319 - DiscoveryAppln DEBUG - DiscoveryMW::handle_request: done handling request with timeout = None
2023-03-17 15:46:21,319 - DiscoveryAppln INFO - control back to event loop
2023-03-17 15:46:21,319 - DiscoveryAppln DEBUG - waiting for events...
2023-03-17 15:46:21,333 - DiscoveryAppln DEBUG - {<zmq.Socket(zmq.DEALER) at 0x7f66d6539540>: 1}
2023-03-17 15:46:21,333 - DiscoveryAppln DEBUG - Calling handle_reply() for hash 117261750833392
2023-03-17 15:46:21,333 - DiscoveryAppln INFO - DiscoveryMW::handle_reply:
2023-03-17 15:46:21,333 - DiscoveryAppln DEBUG - [b'110977344024584', b'92788796846446', b'80647304915107', b'75339516044248', b'53174729515853', b'49112187787524', b'43131617558264', b'16229785994540', b'261274528407611', b'245206622529518', b'216848632664479', b'200736216270761', b'179284730639870', b'177038261674044', b'166891747590864', b'\x00k\x8bEg', b'', b'\x08\x062\x12\x08\x01\x10\xd0\x85\xd3\x9a\x98\xf9%\x18\xf0\xa1\x84\x88\xe2\xd4\x1a']
2023-03-17 15:46:21,333 - DiscoveryAppln DEBUG - DiscoveryMW::handle_reply: received [b'110977344024584', b'92788796846446', b'80647304915107', b'75339516044248', b'53174729515853', b'49112187787524', b'43131617558264', b'16229785994540', b'261274528407611', b'245206622529518', b'216848632664479', b'200736216270761', b'179284730639870', b'177038261674044', b'166891747590864', b'\x00k\x8bEg', b'']
2023-03-17 15:46:21,334 - DiscoveryAppln INFO - DiscoveryMW::handle_reply: received a reply from disc19
2023-03-17 15:46:21,334 - DiscoveryAppln INFO - DiscoveryAppln::handle_isready_reply_dht received reply from node 117261750833392
2023-03-17 15:46:21,334 - DiscoveryAppln INFO - DiscoveryAppln::handle_isready_reply_dht propagating reply to source
2023-03-17 15:46:21,334 - DiscoveryAppln DEBUG - DiscoveryMW::is_ready_reply_dht
2023-03-17 15:46:21,334 - DiscoveryAppln DEBUG - DiscoveryMW::is_ready_reply: done building reply
2023-03-17 15:46:21,334 - DiscoveryAppln DEBUG - Stringified serialized buffer = [b'110977344024584', b'92788796846446', b'80647304915107', b'75339516044248', b'53174729515853', b'49112187787524', b'43131617558264', b'16229785994540', b'261274528407611', b'245206622529518', b'216848632664479', b'200736216270761', b'179284730639870', b'177038261674044', b'166891747590864', b'\x00k\x8bEg', b'', b'\x08\x062\x12\x08\x01\x10\xd0\x85\xd3\x9a\x98\xf9%\x18\xbe\xe6\x81\x82\xb3\x8f\x1a']
2023-03-17 15:46:21,334 - DiscoveryAppln DEBUG - DiscoveryMW::register_reply: send reply
2023-03-17 15:46:21,334 - DiscoveryAppln INFO - DiscoveryMW::register_reply: done replying to client register request
2023-03-17 15:46:21,334 - DiscoveryAppln DEBUG - DiscoveryMW::handle_request: done handling reply with timeout None
2023-03-17 15:46:21,334 - DiscoveryAppln INFO - control back to event loop
2023-03-17 15:46:21,334 - DiscoveryAppln DEBUG - waiting for events...
2023-03-17 15:46:21,378 - DiscoveryAppln DEBUG - {<zmq.Socket(zmq.ROUTER) at 0x7f66d65394e0>: 1}
2023-03-17 15:46:21,378 - DiscoveryAppln DEBUG - Calling handle_request()
2023-03-17 15:46:21,378 - DiscoveryAppln INFO - DiscoveryMW::handle_request:
2023-03-17 15:46:21,378 - DiscoveryAppln DEBUG - [b'110977344024584', b'92788796846446', b'80647304915107', b'75339516044248', b'\x00k\x8bEg', b'', b'\x08\x062\n\x08\x01\x18\xd8\xc7\xdd\xc8\xd5\x90\x11']
2023-03-17 15:46:21,378 - DiscoveryAppln INFO - [b'110977344024584', b'92788796846446', b'80647304915107', b'75339516044248', b'\x00k\x8bEg']
2023-03-17 15:46:21,379 - DiscoveryAppln INFO - msg_type: TYPE_ISREADY_DHT
isready_req_dht {
  count_sub: 1
  src: 75339516044248
}

2023-03-17 15:46:21,379 - DiscoveryAppln DEBUG - DiscoveryAppln::isready_loop src = 75339516044248
2023-03-17 15:46:21,379 - DiscoveryAppln DEBUG - DiscoveryAppln::isready_loop current node = 114878299796286
2023-03-17 15:46:21,379 - DiscoveryAppln INFO - DiscoveryMW::propagateIsReady: building dht request to send to disc19 from src disc20
2023-03-17 15:46:21,379 - DiscoveryAppln DEBUG - DiscoveryMW::propagateIsReaedy: done building dht request
2023-03-17 15:46:21,379 - DiscoveryAppln DEBUG - Stringified serialized buffer = [b'110977344024584', b'92788796846446', b'80647304915107', b'75339516044248', b'\x00k\x8bEg', b'', b'\x08\x062\n\x08\x01\x18\xd8\xc7\xdd\xc8\xd5\x90\x11']
2023-03-17 15:46:21,379 - DiscoveryAppln DEBUG - DiscoveryMW::handle_request: done handling request with timeout = None
2023-03-17 15:46:21,379 - DiscoveryAppln INFO - control back to event loop
2023-03-17 15:46:21,380 - DiscoveryAppln DEBUG - waiting for events...
2023-03-17 15:46:21,390 - DiscoveryAppln DEBUG - {<zmq.Socket(zmq.ROUTER) at 0x7f66d65394e0>: 1}
2023-03-17 15:46:21,390 - DiscoveryAppln DEBUG - Calling handle_request()
2023-03-17 15:46:21,391 - DiscoveryAppln INFO - DiscoveryMW::handle_request:
2023-03-17 15:46:21,391 - DiscoveryAppln DEBUG - [b'110977344024584', b'92788796846446', b'80647304915107', b'75339516044248', b'53174729515853', b'49112187787524', b'43131617558264', b'16229785994540', b'261274528407611', b'245206622529518', b'216848632664479', b'\x00k\x8bEg', b'', b'\x08\x062\x0c\x08\x04\x10\x03\x18\x9f\xa3\xe1\x8d\x90\xa71']
2023-03-17 15:46:21,391 - DiscoveryAppln INFO - [b'110977344024584', b'92788796846446', b'80647304915107', b'75339516044248', b'53174729515853', b'49112187787524', b'43131617558264', b'16229785994540', b'261274528407611', b'245206622529518', b'216848632664479', b'\x00k\x8bEg']
2023-03-17 15:46:21,391 - DiscoveryAppln INFO - msg_type: TYPE_ISREADY_DHT
isready_req_dht {
  count_sub: 4
  count_pub: 3
  src: 216848632664479
}

2023-03-17 15:46:21,391 - DiscoveryAppln DEBUG - DiscoveryAppln::isready_loop src = 216848632664479
2023-03-17 15:46:21,391 - DiscoveryAppln DEBUG - DiscoveryAppln::isready_loop current node = 114878299796286
2023-03-17 15:46:21,391 - DiscoveryAppln INFO - DiscoveryMW::propagateIsReady: building dht request to send to disc19 from src disc18
2023-03-17 15:46:21,391 - DiscoveryAppln DEBUG - DiscoveryMW::propagateIsReaedy: done building dht request
2023-03-17 15:46:21,391 - DiscoveryAppln DEBUG - Stringified serialized buffer = [b'110977344024584', b'92788796846446', b'80647304915107', b'75339516044248', b'53174729515853', b'49112187787524', b'43131617558264', b'16229785994540', b'261274528407611', b'245206622529518', b'216848632664479', b'\x00k\x8bEg', b'', b'\x08\x062\x0c\x08\x04\x10\x03\x18\x9f\xa3\xe1\x8d\x90\xa71']
2023-03-17 15:46:21,392 - DiscoveryAppln DEBUG - DiscoveryMW::handle_request: done handling request with timeout = None
2023-03-17 15:46:21,392 - DiscoveryAppln INFO - control back to event loop
2023-03-17 15:46:21,392 - DiscoveryAppln DEBUG - waiting for events...
2023-03-17 15:46:21,403 - DiscoveryAppln DEBUG - {<zmq.Socket(zmq.ROUTER) at 0x7f66d65394e0>: 1}
2023-03-17 15:46:21,403 - DiscoveryAppln DEBUG - Calling handle_request()
2023-03-17 15:46:21,403 - DiscoveryAppln INFO - DiscoveryMW::handle_request:
2023-03-17 15:46:21,403 - DiscoveryAppln DEBUG - [b'110977344024584', b'92788796846446', b'80647304915107', b'75339516044248', b'53174729515853', b'49112187787524', b'43131617558264', b'\x00k\x8bEg', b'', b'\x08\x062\x0c\x08\x02\x10\x02\x18\xf8\xfd\xf8\xe5\xa5\xe7\t']
2023-03-17 15:46:21,403 - DiscoveryAppln INFO - [b'110977344024584', b'92788796846446', b'80647304915107', b'75339516044248', b'53174729515853', b'49112187787524', b'43131617558264', b'\x00k\x8bEg']
2023-03-17 15:46:21,403 - DiscoveryAppln INFO - msg_type: TYPE_ISREADY_DHT
isready_req_dht {
  count_sub: 2
  count_pub: 2
  src: 43131617558264
}

2023-03-17 15:46:21,403 - DiscoveryAppln DEBUG - DiscoveryAppln::isready_loop src = 43131617558264
2023-03-17 15:46:21,403 - DiscoveryAppln DEBUG - DiscoveryAppln::isready_loop current node = 114878299796286
2023-03-17 15:46:21,403 - DiscoveryAppln INFO - DiscoveryMW::propagateIsReady: building dht request to send to disc19 from src disc1
2023-03-17 15:46:21,403 - DiscoveryAppln DEBUG - DiscoveryMW::propagateIsReaedy: done building dht request
2023-03-17 15:46:21,403 - DiscoveryAppln DEBUG - Stringified serialized buffer = [b'110977344024584', b'92788796846446', b'80647304915107', b'75339516044248', b'53174729515853', b'49112187787524', b'43131617558264', b'\x00k\x8bEg', b'', b'\x08\x062\x0c\x08\x02\x10\x02\x18\xf8\xfd\xf8\xe5\xa5\xe7\t']
2023-03-17 15:46:21,404 - DiscoveryAppln DEBUG - DiscoveryMW::handle_request: done handling request with timeout = None
2023-03-17 15:46:21,404 - DiscoveryAppln INFO - control back to event loop
2023-03-17 15:46:21,404 - DiscoveryAppln DEBUG - waiting for events...
2023-03-17 15:46:21,436 - DiscoveryAppln DEBUG - {<zmq.Socket(zmq.ROUTER) at 0x7f66d65394e0>: 1}
2023-03-17 15:46:21,436 - DiscoveryAppln DEBUG - Calling handle_request()
2023-03-17 15:46:21,437 - DiscoveryAppln INFO - DiscoveryMW::handle_request:
2023-03-17 15:46:21,437 - DiscoveryAppln DEBUG - [b'110977344024584', b'92788796846446', b'80647304915107', b'75339516044248', b'53174729515853', b'49112187787524', b'43131617558264', b'16229785994540', b'261274528407611', b'245206622529518', b'216848632664479', b'\x00k\x8bEh', b'', b'\x08\x062\x0c\x08\x04\x10\x03\x18\x9f\xa3\xe1\x8d\x90\xa71']
2023-03-17 15:46:21,437 - DiscoveryAppln INFO - [b'110977344024584', b'92788796846446', b'80647304915107', b'75339516044248', b'53174729515853', b'49112187787524', b'43131617558264', b'16229785994540', b'261274528407611', b'245206622529518', b'216848632664479', b'\x00k\x8bEh']
2023-03-17 15:46:21,437 - DiscoveryAppln INFO - msg_type: TYPE_ISREADY_DHT
isready_req_dht {
  count_sub: 4
  count_pub: 3
  src: 216848632664479
}

2023-03-17 15:46:21,437 - DiscoveryAppln DEBUG - DiscoveryAppln::isready_loop src = 216848632664479
2023-03-17 15:46:21,437 - DiscoveryAppln DEBUG - DiscoveryAppln::isready_loop current node = 114878299796286
2023-03-17 15:46:21,437 - DiscoveryAppln INFO - DiscoveryMW::propagateIsReady: building dht request to send to disc19 from src disc18
2023-03-17 15:46:21,437 - DiscoveryAppln DEBUG - DiscoveryMW::propagateIsReaedy: done building dht request
2023-03-17 15:46:21,437 - DiscoveryAppln DEBUG - Stringified serialized buffer = [b'110977344024584', b'92788796846446', b'80647304915107', b'75339516044248', b'53174729515853', b'49112187787524', b'43131617558264', b'16229785994540', b'261274528407611', b'245206622529518', b'216848632664479', b'\x00k\x8bEh', b'', b'\x08\x062\x0c\x08\x04\x10\x03\x18\x9f\xa3\xe1\x8d\x90\xa71']
2023-03-17 15:46:21,437 - DiscoveryAppln DEBUG - DiscoveryMW::handle_request: done handling request with timeout = None
2023-03-17 15:46:21,437 - DiscoveryAppln INFO - control back to event loop
2023-03-17 15:46:21,437 - DiscoveryAppln DEBUG - waiting for events...
2023-03-17 15:46:21,458 - DiscoveryAppln DEBUG - {<zmq.Socket(zmq.ROUTER) at 0x7f66d65394e0>: 1}
2023-03-17 15:46:21,458 - DiscoveryAppln DEBUG - Calling handle_request()
2023-03-17 15:46:21,458 - DiscoveryAppln INFO - DiscoveryMW::handle_request:
2023-03-17 15:46:21,458 - DiscoveryAppln DEBUG - [b'110977344024584', b'92788796846446', b'80647304915107', b'75339516044248', b'53174729515853', b'49112187787524', b'43131617558264', b'16229785994540', b'261274528407611', b'245206622529518', b'216848632664479', b'200736216270761', b'179284730639870', b'177038261674044', b'166891747590864', b'149057202460357', b'\x00k\x8bEg', b'', b'\x08\x062\x0c\x08\x05\x10\x04\x18\xc5\xad\xea\xac\x91\xf2!']
2023-03-17 15:46:21,458 - DiscoveryAppln INFO - [b'110977344024584', b'92788796846446', b'80647304915107', b'75339516044248', b'53174729515853', b'49112187787524', b'43131617558264', b'16229785994540', b'261274528407611', b'245206622529518', b'216848632664479', b'200736216270761', b'179284730639870', b'177038261674044', b'166891747590864', b'149057202460357', b'\x00k\x8bEg']
2023-03-17 15:46:21,458 - DiscoveryAppln INFO - msg_type: TYPE_ISREADY_DHT
isready_req_dht {
  count_sub: 5
  count_pub: 4
  src: 149057202460357
}

2023-03-17 15:46:21,458 - DiscoveryAppln DEBUG - DiscoveryAppln::isready_loop src = 149057202460357
2023-03-17 15:46:21,458 - DiscoveryAppln DEBUG - DiscoveryAppln::isready_loop current node = 114878299796286
2023-03-17 15:46:21,458 - DiscoveryAppln INFO - DiscoveryMW::propagateIsReady: building dht request to send to disc19 from src disc14
2023-03-17 15:46:21,461 - DiscoveryAppln DEBUG - DiscoveryMW::propagateIsReaedy: done building dht request
2023-03-17 15:46:21,461 - DiscoveryAppln DEBUG - Stringified serialized buffer = [b'110977344024584', b'92788796846446', b'80647304915107', b'75339516044248', b'53174729515853', b'49112187787524', b'43131617558264', b'16229785994540', b'261274528407611', b'245206622529518', b'216848632664479', b'200736216270761', b'179284730639870', b'177038261674044', b'166891747590864', b'149057202460357', b'\x00k\x8bEg', b'', b'\x08\x062\x0c\x08\x05\x10\x04\x18\xc5\xad\xea\xac\x91\xf2!']
2023-03-17 15:46:21,462 - DiscoveryAppln DEBUG - DiscoveryMW::handle_request: done handling request with timeout = None
2023-03-17 15:46:21,462 - DiscoveryAppln INFO - control back to event loop
2023-03-17 15:46:21,462 - DiscoveryAppln DEBUG - waiting for events...
2023-03-17 15:46:21,478 - DiscoveryAppln DEBUG - {<zmq.Socket(zmq.DEALER) at 0x7f66d6539540>: 1}
2023-03-17 15:46:21,478 - DiscoveryAppln DEBUG - Calling handle_reply() for hash 117261750833392
2023-03-17 15:46:21,478 - DiscoveryAppln INFO - DiscoveryMW::handle_reply:
2023-03-17 15:46:21,478 - DiscoveryAppln DEBUG - [b'110977344024584', b'92788796846446', b'80647304915107', b'75339516044248', b'53174729515853', b'49112187787524', b'43131617558264', b'16229785994540', b'261274528407611', b'245206622529518', b'216848632664479', b'200736216270761', b'179284730639870', b'177038261674044', b'166891747590864', b'149057202460357', b'\x00k\x8bEg', b'', b'\x08\x062\x12\x08\x01\x10\xc5\xad\xea\xac\x91\xf2!\x18\xf0\xa1\x84\x88\xe2\xd4\x1a']
2023-03-17 15:46:21,478 - DiscoveryAppln DEBUG - DiscoveryMW::handle_reply: received [b'110977344024584', b'92788796846446', b'80647304915107', b'75339516044248', b'53174729515853', b'49112187787524', b'43131617558264', b'16229785994540', b'261274528407611', b'245206622529518', b'216848632664479', b'200736216270761', b'179284730639870', b'177038261674044', b'166891747590864', b'149057202460357', b'\x00k\x8bEg', b'']
2023-03-17 15:46:21,478 - DiscoveryAppln INFO - DiscoveryMW::handle_reply: received a reply from disc19
2023-03-17 15:46:21,478 - DiscoveryAppln INFO - DiscoveryAppln::handle_isready_reply_dht received reply from node 117261750833392
2023-03-17 15:46:21,478 - DiscoveryAppln INFO - DiscoveryAppln::handle_isready_reply_dht propagating reply to source
2023-03-17 15:46:21,479 - DiscoveryAppln DEBUG - DiscoveryMW::is_ready_reply_dht
2023-03-17 15:46:21,479 - DiscoveryAppln DEBUG - DiscoveryMW::is_ready_reply: done building reply
2023-03-17 15:46:21,479 - DiscoveryAppln DEBUG - Stringified serialized buffer = [b'110977344024584', b'92788796846446', b'80647304915107', b'75339516044248', b'53174729515853', b'49112187787524', b'43131617558264', b'16229785994540', b'261274528407611', b'245206622529518', b'216848632664479', b'200736216270761', b'179284730639870', b'177038261674044', b'166891747590864', b'149057202460357', b'\x00k\x8bEg', b'', b'\x08\x062\x12\x08\x01\x10\xc5\xad\xea\xac\x91\xf2!\x18\xbe\xe6\x81\x82\xb3\x8f\x1a']
2023-03-17 15:46:21,479 - DiscoveryAppln DEBUG - DiscoveryMW::register_reply: send reply
2023-03-17 15:46:21,479 - DiscoveryAppln INFO - DiscoveryMW::register_reply: done replying to client register request
2023-03-17 15:46:21,479 - DiscoveryAppln DEBUG - DiscoveryMW::handle_request: done handling reply with timeout None
2023-03-17 15:46:21,479 - DiscoveryAppln INFO - control back to event loop
2023-03-17 15:46:21,479 - DiscoveryAppln DEBUG - waiting for events...
2023-03-17 15:46:21,489 - DiscoveryAppln DEBUG - {<zmq.Socket(zmq.ROUTER) at 0x7f66d65394e0>: 1}
2023-03-17 15:46:21,489 - DiscoveryAppln DEBUG - Calling handle_request()
2023-03-17 15:46:21,489 - DiscoveryAppln INFO - DiscoveryMW::handle_request:
2023-03-17 15:46:21,489 - DiscoveryAppln DEBUG - [b'110977344024584', b'92788796846446', b'80647304915107', b'75339516044248', b'53174729515853', b'49112187787524', b'43131617558264', b'16229785994540', b'\x00k\x8bEg', b'', b'\x08\x062\x0c\x08\x03\x10\x02\x18\xac\x8a\x84\xd5\xac\xd8\x03']
2023-03-17 15:46:21,489 - DiscoveryAppln INFO - [b'110977344024584', b'92788796846446', b'80647304915107', b'75339516044248', b'53174729515853', b'49112187787524', b'43131617558264', b'16229785994540', b'\x00k\x8bEg']
2023-03-17 15:46:21,489 - DiscoveryAppln INFO - msg_type: TYPE_ISREADY_DHT
isready_req_dht {
  count_sub: 3
  count_pub: 2
  src: 16229785994540
}

2023-03-17 15:46:21,489 - DiscoveryAppln DEBUG - DiscoveryAppln::isready_loop src = 16229785994540
2023-03-17 15:46:21,489 - DiscoveryAppln DEBUG - DiscoveryAppln::isready_loop current node = 114878299796286
2023-03-17 15:46:21,489 - DiscoveryAppln INFO - DiscoveryMW::propagateIsReady: building dht request to send to disc19 from src disc7
2023-03-17 15:46:21,489 - DiscoveryAppln DEBUG - DiscoveryMW::propagateIsReaedy: done building dht request
2023-03-17 15:46:21,489 - DiscoveryAppln DEBUG - Stringified serialized buffer = [b'110977344024584', b'92788796846446', b'80647304915107', b'75339516044248', b'53174729515853', b'49112187787524', b'43131617558264', b'16229785994540', b'\x00k\x8bEg', b'', b'\x08\x062\x0c\x08\x03\x10\x02\x18\xac\x8a\x84\xd5\xac\xd8\x03']
2023-03-17 15:46:21,490 - DiscoveryAppln DEBUG - DiscoveryMW::handle_request: done handling request with timeout = None
2023-03-17 15:46:21,490 - DiscoveryAppln INFO - control back to event loop
2023-03-17 15:46:21,490 - DiscoveryAppln DEBUG - waiting for events...
2023-03-17 15:46:21,498 - DiscoveryAppln DEBUG - {<zmq.Socket(zmq.ROUTER) at 0x7f66d65394e0>: 1, <zmq.Socket(zmq.DEALER) at 0x7f66d6539540>: 1}
2023-03-17 15:46:21,499 - DiscoveryAppln DEBUG - Calling handle_request()
2023-03-17 15:46:21,499 - DiscoveryAppln INFO - DiscoveryMW::handle_request:
2023-03-17 15:46:21,499 - DiscoveryAppln DEBUG - [b'110977344024584', b'92788796846446', b'80647304915107', b'75339516044248', b'53174729515853', b'49112187787524', b'43131617558264', b'\x00k\x8bEh', b'', b'\x08\x062\x0c\x08\x02\x10\x02\x18\xf8\xfd\xf8\xe5\xa5\xe7\t']
2023-03-17 15:46:21,499 - DiscoveryAppln INFO - [b'110977344024584', b'92788796846446', b'80647304915107', b'75339516044248', b'53174729515853', b'49112187787524', b'43131617558264', b'\x00k\x8bEh']
2023-03-17 15:46:21,499 - DiscoveryAppln INFO - msg_type: TYPE_ISREADY_DHT
isready_req_dht {
  count_sub: 2
  count_pub: 2
  src: 43131617558264
}

2023-03-17 15:46:21,499 - DiscoveryAppln DEBUG - DiscoveryAppln::isready_loop src = 43131617558264
2023-03-17 15:46:21,499 - DiscoveryAppln DEBUG - DiscoveryAppln::isready_loop current node = 114878299796286
2023-03-17 15:46:21,499 - DiscoveryAppln INFO - DiscoveryMW::propagateIsReady: building dht request to send to disc19 from src disc1
2023-03-17 15:46:21,499 - DiscoveryAppln DEBUG - DiscoveryMW::propagateIsReaedy: done building dht request
2023-03-17 15:46:21,499 - DiscoveryAppln DEBUG - Stringified serialized buffer = [b'110977344024584', b'92788796846446', b'80647304915107', b'75339516044248', b'53174729515853', b'49112187787524', b'43131617558264', b'\x00k\x8bEh', b'', b'\x08\x062\x0c\x08\x02\x10\x02\x18\xf8\xfd\xf8\xe5\xa5\xe7\t']
2023-03-17 15:46:21,499 - DiscoveryAppln DEBUG - DiscoveryMW::handle_request: done handling request with timeout = None
2023-03-17 15:46:21,499 - DiscoveryAppln DEBUG - Calling handle_reply() for hash 117261750833392
2023-03-17 15:46:21,499 - DiscoveryAppln INFO - DiscoveryMW::handle_reply:
2023-03-17 15:46:21,500 - DiscoveryAppln DEBUG - [b'110977344024584', b'92788796846446', b'80647304915107', b'75339516044248', b'53174729515853', b'49112187787524', b'43131617558264', b'16229785994540', b'261274528407611', b'245206622529518', b'216848632664479', b'\x00k\x8bEg', b'', b'\x08\x062\x12\x08\x01\x10\x9f\xa3\xe1\x8d\x90\xa71\x18\xf0\xa1\x84\x88\xe2\xd4\x1a']
2023-03-17 15:46:21,500 - DiscoveryAppln DEBUG - DiscoveryMW::handle_reply: received [b'110977344024584', b'92788796846446', b'80647304915107', b'75339516044248', b'53174729515853', b'49112187787524', b'43131617558264', b'16229785994540', b'261274528407611', b'245206622529518', b'216848632664479', b'\x00k\x8bEg', b'']
2023-03-17 15:46:21,500 - DiscoveryAppln INFO - DiscoveryMW::handle_reply: received a reply from disc19
2023-03-17 15:46:21,500 - DiscoveryAppln INFO - DiscoveryAppln::handle_isready_reply_dht received reply from node 117261750833392
2023-03-17 15:46:21,500 - DiscoveryAppln INFO - DiscoveryAppln::handle_isready_reply_dht propagating reply to source
2023-03-17 15:46:21,500 - DiscoveryAppln DEBUG - DiscoveryMW::is_ready_reply_dht
2023-03-17 15:46:21,500 - DiscoveryAppln DEBUG - DiscoveryMW::is_ready_reply: done building reply
2023-03-17 15:46:21,500 - DiscoveryAppln DEBUG - Stringified serialized buffer = [b'110977344024584', b'92788796846446', b'80647304915107', b'75339516044248', b'53174729515853', b'49112187787524', b'43131617558264', b'16229785994540', b'261274528407611', b'245206622529518', b'216848632664479', b'\x00k\x8bEg', b'', b'\x08\x062\x12\x08\x01\x10\x9f\xa3\xe1\x8d\x90\xa71\x18\xbe\xe6\x81\x82\xb3\x8f\x1a']
2023-03-17 15:46:21,500 - DiscoveryAppln DEBUG - DiscoveryMW::register_reply: send reply
2023-03-17 15:46:21,500 - DiscoveryAppln INFO - DiscoveryMW::register_reply: done replying to client register request
2023-03-17 15:46:21,500 - DiscoveryAppln DEBUG - DiscoveryMW::handle_request: done handling reply with timeout None
2023-03-17 15:46:21,500 - DiscoveryAppln INFO - control back to event loop
2023-03-17 15:46:21,500 - DiscoveryAppln DEBUG - waiting for events...
2023-03-17 15:46:21,511 - DiscoveryAppln DEBUG - {<zmq.Socket(zmq.DEALER) at 0x7f66d6539540>: 1}
2023-03-17 15:46:21,511 - DiscoveryAppln DEBUG - Calling handle_reply() for hash 117261750833392
2023-03-17 15:46:21,511 - DiscoveryAppln INFO - DiscoveryMW::handle_reply:
2023-03-17 15:46:21,511 - DiscoveryAppln DEBUG - [b'110977344024584', b'92788796846446', b'80647304915107', b'75339516044248', b'53174729515853', b'49112187787524', b'43131617558264', b'16229785994540', b'261274528407611', b'245206622529518', b'216848632664479', b'\x00k\x8bEh', b'', b'\x08\x062\x12\x08\x01\x10\x9f\xa3\xe1\x8d\x90\xa71\x18\xf0\xa1\x84\x88\xe2\xd4\x1a']
2023-03-17 15:46:21,511 - DiscoveryAppln DEBUG - DiscoveryMW::handle_reply: received [b'110977344024584', b'92788796846446', b'80647304915107', b'75339516044248', b'53174729515853', b'49112187787524', b'43131617558264', b'16229785994540', b'261274528407611', b'245206622529518', b'216848632664479', b'\x00k\x8bEh', b'']
2023-03-17 15:46:21,511 - DiscoveryAppln INFO - DiscoveryMW::handle_reply: received a reply from disc19
2023-03-17 15:46:21,511 - DiscoveryAppln INFO - DiscoveryAppln::handle_isready_reply_dht received reply from node 117261750833392
2023-03-17 15:46:21,511 - DiscoveryAppln INFO - DiscoveryAppln::handle_isready_reply_dht propagating reply to source
2023-03-17 15:46:21,511 - DiscoveryAppln DEBUG - DiscoveryMW::is_ready_reply_dht
2023-03-17 15:46:21,511 - DiscoveryAppln DEBUG - DiscoveryMW::is_ready_reply: done building reply
2023-03-17 15:46:21,512 - DiscoveryAppln DEBUG - Stringified serialized buffer = [b'110977344024584', b'92788796846446', b'80647304915107', b'75339516044248', b'53174729515853', b'49112187787524', b'43131617558264', b'16229785994540', b'261274528407611', b'245206622529518', b'216848632664479', b'\x00k\x8bEh', b'', b'\x08\x062\x12\x08\x01\x10\x9f\xa3\xe1\x8d\x90\xa71\x18\xbe\xe6\x81\x82\xb3\x8f\x1a']
2023-03-17 15:46:21,512 - DiscoveryAppln DEBUG - DiscoveryMW::register_reply: send reply
2023-03-17 15:46:21,512 - DiscoveryAppln INFO - DiscoveryMW::register_reply: done replying to client register request
2023-03-17 15:46:21,512 - DiscoveryAppln DEBUG - DiscoveryMW::handle_request: done handling reply with timeout None
2023-03-17 15:46:21,512 - DiscoveryAppln INFO - control back to event loop
2023-03-17 15:46:21,512 - DiscoveryAppln DEBUG - waiting for events...
2023-03-17 15:46:21,538 - DiscoveryAppln DEBUG - {<zmq.Socket(zmq.ROUTER) at 0x7f66d65394e0>: 1}
2023-03-17 15:46:21,539 - DiscoveryAppln DEBUG - Calling handle_request()
2023-03-17 15:46:21,539 - DiscoveryAppln INFO - DiscoveryMW::handle_request:
2023-03-17 15:46:21,539 - DiscoveryAppln DEBUG - [b'110977344024584', b'92788796846446', b'80647304915107', b'75339516044248', b'53174729515853', b'49112187787524', b'43131617558264', b'16229785994540', b'261274528407611', b'245206622529518', b'216848632664479', b'200736216270761', b'179284730639870', b'177038261674044', b'166891747590864', b'149057202460357', b'129858881772006', b'121357477861072', b'\x00k\x8bEg', b'', b'\x08\x062\x0c\x08\x05\x10\x05\x18\xd0\xad\xef\xea\xfb\xcb\x1b']
2023-03-17 15:46:21,539 - DiscoveryAppln INFO - [b'110977344024584', b'92788796846446', b'80647304915107', b'75339516044248', b'53174729515853', b'49112187787524', b'43131617558264', b'16229785994540', b'261274528407611', b'245206622529518', b'216848632664479', b'200736216270761', b'179284730639870', b'177038261674044', b'166891747590864', b'149057202460357', b'129858881772006', b'121357477861072', b'\x00k\x8bEg']
2023-03-17 15:46:21,539 - DiscoveryAppln INFO - msg_type: TYPE_ISREADY_DHT
isready_req_dht {
  count_sub: 5
  count_pub: 5
  src: 121357477861072
}

2023-03-17 15:46:21,539 - DiscoveryAppln DEBUG - DiscoveryAppln::isready_loop src = 121357477861072
2023-03-17 15:46:21,539 - DiscoveryAppln DEBUG - DiscoveryAppln::isready_loop current node = 114878299796286
2023-03-17 15:46:21,539 - DiscoveryAppln INFO - DiscoveryMW::propagateIsReady: building dht request to send to disc19 from src disc12
2023-03-17 15:46:21,539 - DiscoveryAppln DEBUG - DiscoveryMW::propagateIsReaedy: done building dht request
2023-03-17 15:46:21,539 - DiscoveryAppln DEBUG - Stringified serialized buffer = [b'110977344024584', b'92788796846446', b'80647304915107', b'75339516044248', b'53174729515853', b'49112187787524', b'43131617558264', b'16229785994540', b'261274528407611', b'245206622529518', b'216848632664479', b'200736216270761', b'179284730639870', b'177038261674044', b'166891747590864', b'149057202460357', b'129858881772006', b'121357477861072', b'\x00k\x8bEg', b'', b'\x08\x062\x0c\x08\x05\x10\x05\x18\xd0\xad\xef\xea\xfb\xcb\x1b']
2023-03-17 15:46:21,540 - DiscoveryAppln DEBUG - DiscoveryMW::handle_request: done handling request with timeout = None
2023-03-17 15:46:21,540 - DiscoveryAppln INFO - control back to event loop
2023-03-17 15:46:21,540 - DiscoveryAppln DEBUG - waiting for events...
2023-03-17 15:46:21,546 - DiscoveryAppln DEBUG - {<zmq.Socket(zmq.DEALER) at 0x7f66d6539540>: 1}
2023-03-17 15:46:21,546 - DiscoveryAppln DEBUG - Calling handle_reply() for hash 117261750833392
2023-03-17 15:46:21,546 - DiscoveryAppln INFO - DiscoveryMW::handle_reply:
2023-03-17 15:46:21,546 - DiscoveryAppln DEBUG - [b'110977344024584', b'92788796846446', b'80647304915107', b'75339516044248', b'53174729515853', b'49112187787524', b'43131617558264', b'16229785994540', b'261274528407611', b'245206622529518', b'216848632664479', b'200736216270761', b'179284730639870', b'177038261674044', b'166891747590864', b'149057202460357', b'129858881772006', b'121357477861072', b'\x00k\x8bEg', b'', b'\x08\x062\x12\x08\x01\x10\xd0\xad\xef\xea\xfb\xcb\x1b\x18\xf0\xa1\x84\x88\xe2\xd4\x1a']
2023-03-17 15:46:21,546 - DiscoveryAppln DEBUG - DiscoveryMW::handle_reply: received [b'110977344024584', b'92788796846446', b'80647304915107', b'75339516044248', b'53174729515853', b'49112187787524', b'43131617558264', b'16229785994540', b'261274528407611', b'245206622529518', b'216848632664479', b'200736216270761', b'179284730639870', b'177038261674044', b'166891747590864', b'149057202460357', b'129858881772006', b'121357477861072', b'\x00k\x8bEg', b'']
2023-03-17 15:46:21,546 - DiscoveryAppln INFO - DiscoveryMW::handle_reply: received a reply from disc19
2023-03-17 15:46:21,547 - DiscoveryAppln INFO - DiscoveryAppln::handle_isready_reply_dht received reply from node 117261750833392
2023-03-17 15:46:21,547 - DiscoveryAppln INFO - DiscoveryAppln::handle_isready_reply_dht propagating reply to source
2023-03-17 15:46:21,547 - DiscoveryAppln DEBUG - DiscoveryMW::is_ready_reply_dht
2023-03-17 15:46:21,547 - DiscoveryAppln DEBUG - DiscoveryMW::is_ready_reply: done building reply
2023-03-17 15:46:21,547 - DiscoveryAppln DEBUG - Stringified serialized buffer = [b'110977344024584', b'92788796846446', b'80647304915107', b'75339516044248', b'53174729515853', b'49112187787524', b'43131617558264', b'16229785994540', b'261274528407611', b'245206622529518', b'216848632664479', b'200736216270761', b'179284730639870', b'177038261674044', b'166891747590864', b'149057202460357', b'129858881772006', b'121357477861072', b'\x00k\x8bEg', b'', b'\x08\x062\x12\x08\x01\x10\xd0\xad\xef\xea\xfb\xcb\x1b\x18\xbe\xe6\x81\x82\xb3\x8f\x1a']
2023-03-17 15:46:21,547 - DiscoveryAppln DEBUG - DiscoveryMW::register_reply: send reply
2023-03-17 15:46:21,547 - DiscoveryAppln INFO - DiscoveryMW::register_reply: done replying to client register request
2023-03-17 15:46:21,547 - DiscoveryAppln DEBUG - DiscoveryMW::handle_request: done handling reply with timeout None
2023-03-17 15:46:21,547 - DiscoveryAppln INFO - control back to event loop
2023-03-17 15:46:21,547 - DiscoveryAppln DEBUG - waiting for events...
2023-03-17 15:46:21,577 - DiscoveryAppln DEBUG - {<zmq.Socket(zmq.DEALER) at 0x7f66d6539540>: 1}
2023-03-17 15:46:21,577 - DiscoveryAppln DEBUG - Calling handle_reply() for hash 117261750833392
2023-03-17 15:46:21,577 - DiscoveryAppln INFO - DiscoveryMW::handle_reply:
2023-03-17 15:46:21,577 - DiscoveryAppln DEBUG - [b'110977344024584', b'92788796846446', b'80647304915107', b'75339516044248', b'53174729515853', b'49112187787524', b'43131617558264', b'\x00k\x8bEg', b'', b'\x08\x062\x12\x08\x01\x10\xf8\xfd\xf8\xe5\xa5\xe7\t\x18\xf0\xa1\x84\x88\xe2\xd4\x1a']
2023-03-17 15:46:21,577 - DiscoveryAppln DEBUG - DiscoveryMW::handle_reply: received [b'110977344024584', b'92788796846446', b'80647304915107', b'75339516044248', b'53174729515853', b'49112187787524', b'43131617558264', b'\x00k\x8bEg', b'']
2023-03-17 15:46:21,577 - DiscoveryAppln INFO - DiscoveryMW::handle_reply: received a reply from disc19
2023-03-17 15:46:21,577 - DiscoveryAppln INFO - DiscoveryAppln::handle_isready_reply_dht received reply from node 117261750833392
2023-03-17 15:46:21,577 - DiscoveryAppln INFO - DiscoveryAppln::handle_isready_reply_dht propagating reply to source
2023-03-17 15:46:21,577 - DiscoveryAppln DEBUG - DiscoveryMW::is_ready_reply_dht
2023-03-17 15:46:21,577 - DiscoveryAppln DEBUG - DiscoveryMW::is_ready_reply: done building reply
2023-03-17 15:46:21,577 - DiscoveryAppln DEBUG - Stringified serialized buffer = [b'110977344024584', b'92788796846446', b'80647304915107', b'75339516044248', b'53174729515853', b'49112187787524', b'43131617558264', b'\x00k\x8bEg', b'', b'\x08\x062\x12\x08\x01\x10\xf8\xfd\xf8\xe5\xa5\xe7\t\x18\xbe\xe6\x81\x82\xb3\x8f\x1a']
2023-03-17 15:46:21,577 - DiscoveryAppln DEBUG - DiscoveryMW::register_reply: send reply
2023-03-17 15:46:21,577 - DiscoveryAppln INFO - DiscoveryMW::register_reply: done replying to client register request
2023-03-17 15:46:21,577 - DiscoveryAppln DEBUG - DiscoveryMW::handle_request: done handling reply with timeout None
2023-03-17 15:46:21,577 - DiscoveryAppln INFO - control back to event loop
2023-03-17 15:46:21,577 - DiscoveryAppln DEBUG - waiting for events...
2023-03-17 15:46:21,582 - DiscoveryAppln DEBUG - {<zmq.Socket(zmq.DEALER) at 0x7f66d6539540>: 1}
2023-03-17 15:46:21,582 - DiscoveryAppln DEBUG - Calling handle_reply() for hash 117261750833392
2023-03-17 15:46:21,582 - DiscoveryAppln INFO - DiscoveryMW::handle_reply:
2023-03-17 15:46:21,582 - DiscoveryAppln DEBUG - [b'110977344024584', b'92788796846446', b'80647304915107', b'75339516044248', b'\x00k\x8bEg', b'', b'\x08\x062\x12\x08\x01\x10\xd8\xc7\xdd\xc8\xd5\x90\x11\x18\xf0\xa1\x84\x88\xe2\xd4\x1a']
2023-03-17 15:46:21,582 - DiscoveryAppln DEBUG - DiscoveryMW::handle_reply: received [b'110977344024584', b'92788796846446', b'80647304915107', b'75339516044248', b'\x00k\x8bEg', b'']
2023-03-17 15:46:21,582 - DiscoveryAppln INFO - DiscoveryMW::handle_reply: received a reply from disc19
2023-03-17 15:46:21,583 - DiscoveryAppln INFO - DiscoveryAppln::handle_isready_reply_dht received reply from node 117261750833392
2023-03-17 15:46:21,583 - DiscoveryAppln INFO - DiscoveryAppln::handle_isready_reply_dht propagating reply to source
2023-03-17 15:46:21,583 - DiscoveryAppln DEBUG - DiscoveryMW::is_ready_reply_dht
2023-03-17 15:46:21,583 - DiscoveryAppln DEBUG - DiscoveryMW::is_ready_reply: done building reply
2023-03-17 15:46:21,583 - DiscoveryAppln DEBUG - Stringified serialized buffer = [b'110977344024584', b'92788796846446', b'80647304915107', b'75339516044248', b'\x00k\x8bEg', b'', b'\x08\x062\x12\x08\x01\x10\xd8\xc7\xdd\xc8\xd5\x90\x11\x18\xbe\xe6\x81\x82\xb3\x8f\x1a']
2023-03-17 15:46:21,583 - DiscoveryAppln DEBUG - DiscoveryMW::register_reply: send reply
2023-03-17 15:46:21,583 - DiscoveryAppln INFO - DiscoveryMW::register_reply: done replying to client register request
2023-03-17 15:46:21,583 - DiscoveryAppln DEBUG - DiscoveryMW::handle_request: done handling reply with timeout None
2023-03-17 15:46:21,583 - DiscoveryAppln INFO - control back to event loop
2023-03-17 15:46:21,583 - DiscoveryAppln DEBUG - waiting for events...
2023-03-17 15:46:21,588 - DiscoveryAppln DEBUG - {<zmq.Socket(zmq.DEALER) at 0x7f66d6539540>: 1}
2023-03-17 15:46:21,588 - DiscoveryAppln DEBUG - Calling handle_reply() for hash 117261750833392
2023-03-17 15:46:21,588 - DiscoveryAppln INFO - DiscoveryMW::handle_reply:
2023-03-17 15:46:21,589 - DiscoveryAppln DEBUG - [b'110977344024584', b'92788796846446', b'80647304915107', b'75339516044248', b'53174729515853', b'49112187787524', b'43131617558264', b'16229785994540', b'\x00k\x8bEg', b'', b'\x08\x062\x12\x08\x01\x10\xac\x8a\x84\xd5\xac\xd8\x03\x18\xf0\xa1\x84\x88\xe2\xd4\x1a']
2023-03-17 15:46:21,589 - DiscoveryAppln DEBUG - DiscoveryMW::handle_reply: received [b'110977344024584', b'92788796846446', b'80647304915107', b'75339516044248', b'53174729515853', b'49112187787524', b'43131617558264', b'16229785994540', b'\x00k\x8bEg', b'']
2023-03-17 15:46:21,589 - DiscoveryAppln INFO - DiscoveryMW::handle_reply: received a reply from disc19
2023-03-17 15:46:21,589 - DiscoveryAppln INFO - DiscoveryAppln::handle_isready_reply_dht received reply from node 117261750833392
2023-03-17 15:46:21,589 - DiscoveryAppln INFO - DiscoveryAppln::handle_isready_reply_dht propagating reply to source
2023-03-17 15:46:21,589 - DiscoveryAppln DEBUG - DiscoveryMW::is_ready_reply_dht
2023-03-17 15:46:21,589 - DiscoveryAppln DEBUG - DiscoveryMW::is_ready_reply: done building reply
2023-03-17 15:46:21,589 - DiscoveryAppln DEBUG - Stringified serialized buffer = [b'110977344024584', b'92788796846446', b'80647304915107', b'75339516044248', b'53174729515853', b'49112187787524', b'43131617558264', b'16229785994540', b'\x00k\x8bEg', b'', b'\x08\x062\x12\x08\x01\x10\xac\x8a\x84\xd5\xac\xd8\x03\x18\xbe\xe6\x81\x82\xb3\x8f\x1a']
2023-03-17 15:46:21,589 - DiscoveryAppln DEBUG - DiscoveryMW::register_reply: send reply
2023-03-17 15:46:21,589 - DiscoveryAppln INFO - DiscoveryMW::register_reply: done replying to client register request
2023-03-17 15:46:21,589 - DiscoveryAppln DEBUG - DiscoveryMW::handle_request: done handling reply with timeout None
2023-03-17 15:46:21,589 - DiscoveryAppln INFO - control back to event loop
2023-03-17 15:46:21,589 - DiscoveryAppln DEBUG - waiting for events...
2023-03-17 15:46:21,646 - DiscoveryAppln DEBUG - {<zmq.Socket(zmq.DEALER) at 0x7f66d6539540>: 1}
2023-03-17 15:46:21,647 - DiscoveryAppln DEBUG - Calling handle_reply() for hash 117261750833392
2023-03-17 15:46:21,647 - DiscoveryAppln INFO - DiscoveryMW::handle_reply:
2023-03-17 15:46:21,647 - DiscoveryAppln DEBUG - [b'110977344024584', b'92788796846446', b'80647304915107', b'75339516044248', b'53174729515853', b'49112187787524', b'43131617558264', b'\x00k\x8bEh', b'', b'\x08\x062\x12\x08\x01\x10\xf8\xfd\xf8\xe5\xa5\xe7\t\x18\xf0\xa1\x84\x88\xe2\xd4\x1a']
2023-03-17 15:46:21,647 - DiscoveryAppln DEBUG - DiscoveryMW::handle_reply: received [b'110977344024584', b'92788796846446', b'80647304915107', b'75339516044248', b'53174729515853', b'49112187787524', b'43131617558264', b'\x00k\x8bEh', b'']
2023-03-17 15:46:21,647 - DiscoveryAppln INFO - DiscoveryMW::handle_reply: received a reply from disc19
2023-03-17 15:46:21,647 - DiscoveryAppln INFO - DiscoveryAppln::handle_isready_reply_dht received reply from node 117261750833392
2023-03-17 15:46:21,647 - DiscoveryAppln INFO - DiscoveryAppln::handle_isready_reply_dht propagating reply to source
2023-03-17 15:46:21,647 - DiscoveryAppln DEBUG - DiscoveryMW::is_ready_reply_dht
2023-03-17 15:46:21,647 - DiscoveryAppln DEBUG - DiscoveryMW::is_ready_reply: done building reply
2023-03-17 15:46:21,647 - DiscoveryAppln DEBUG - Stringified serialized buffer = [b'110977344024584', b'92788796846446', b'80647304915107', b'75339516044248', b'53174729515853', b'49112187787524', b'43131617558264', b'\x00k\x8bEh', b'', b'\x08\x062\x12\x08\x01\x10\xf8\xfd\xf8\xe5\xa5\xe7\t\x18\xbe\xe6\x81\x82\xb3\x8f\x1a']
2023-03-17 15:46:21,647 - DiscoveryAppln DEBUG - DiscoveryMW::register_reply: send reply
2023-03-17 15:46:21,647 - DiscoveryAppln INFO - DiscoveryMW::register_reply: done replying to client register request
2023-03-17 15:46:21,647 - DiscoveryAppln DEBUG - DiscoveryMW::handle_request: done handling reply with timeout None
2023-03-17 15:46:21,647 - DiscoveryAppln INFO - control back to event loop
2023-03-17 15:46:21,647 - DiscoveryAppln DEBUG - waiting for events...
