2023-03-07 20:31:05,037 - root INFO - Main - acquire a child logger and then log messages in the child
2023-03-07 20:31:05,041 - DiscoveryAppln DEBUG - Main: parse command line arguments
2023-03-07 20:31:05,074 - DiscoveryAppln DEBUG - Main: resetting log level to 10
2023-03-07 20:31:05,074 - DiscoveryAppln DEBUG - Main: effective log level is 10
2023-03-07 20:31:05,074 - DiscoveryAppln DEBUG - Main: obtain a discovery application object
2023-03-07 20:31:05,074 - DiscoveryAppln DEBUG - Main: configure the discovery application object
2023-03-07 20:31:05,075 - DiscoveryAppln INFO - DiscoveryAppln::configure
2023-03-07 20:31:05,075 - DiscoveryAppln DEBUG - DiscoveryAppln::configure - parsing config.ini
2023-03-07 20:31:05,075 - DiscoveryAppln DEBUG - DiscoveryAppln::configure - setup underlying middleware object
2023-03-07 20:31:05,076 - DiscoveryAppln DEBUG - DiscoveryAppln::configure - getting hash and finger table
2023-03-07 20:31:05,076 - DiscoveryAppln INFO - DiscoveryMW::configure
2023-03-07 20:31:05,077 - DiscoveryAppln DEBUG - DiscoveryMW::configure: obtain ZMQ context
2023-03-07 20:31:05,078 - DiscoveryAppln DEBUG - DiscoveryMW::configure: create ZMQ POLLER
2023-03-07 20:31:05,078 - DiscoveryAppln DEBUG - DiscoveryMW::configure: create ZMQ REP socket
2023-03-07 20:31:05,078 - DiscoveryAppln DEBUG - DiscoveryMW::configure: register poller
2023-03-07 20:31:05,079 - DiscoveryAppln DEBUG - DiscoveryMW::configure: bind REP socket to address
2023-03-07 20:31:05,079 - DiscoveryAppln DEBUG - DiscoveryMW::configure: reading hash to ip json
2023-03-07 20:31:05,079 - DiscoveryAppln INFO - DiscoveryMW::configure completed
2023-03-07 20:31:05,080 - DiscoveryAppln DEBUG - DiscoveryAppln::configure - generating table for node
2023-03-07 20:31:05,080 - DiscoveryAppln DEBUG - DiscoveryMW::connectTable: connecting to all nodes in finger table
2023-03-07 20:31:05,082 - DiscoveryAppln DEBUG - DiscoveryMW::connectTable: 154413254332420 - <zmq.Socket(zmq.REQ) at 0x7f906a741720> connected to disc1
2023-03-07 20:31:05,083 - DiscoveryAppln DEBUG - DiscoveryMW::connectTable: 200736216270761 - <zmq.Socket(zmq.REQ) at 0x7f906a741780> connected to disc6
2023-03-07 20:31:05,084 - DiscoveryAppln DEBUG - DiscoveryMW::connectTable: 235620439270881 - <zmq.Socket(zmq.REQ) at 0x7f906a7417e0> connected to disc8
2023-03-07 20:31:05,084 - DiscoveryAppln DEBUG - DiscoveryMW::connectTable: 20187637881426 - <zmq.Socket(zmq.REQ) at 0x7f906a741840> connected to disc10
2023-03-07 20:31:05,085 - DiscoveryAppln DEBUG - DiscoveryMW::connectTable: connected in dictionary self.req
2023-03-07 20:31:05,085 - DiscoveryAppln INFO - DiscoveryAppln::configure completed
2023-03-07 20:31:05,085 - DiscoveryAppln DEBUG - Main: invoke the discovery application driver
2023-03-07 20:31:05,085 - DiscoveryAppln INFO - DiscoveryAppln::driver
2023-03-07 20:31:05,085 - DiscoveryAppln INFO - **********************************
2023-03-07 20:31:05,085 - DiscoveryAppln INFO - DiscoveryAppln::dump
2023-03-07 20:31:05,086 - DiscoveryAppln INFO - ------------------------------
2023-03-07 20:31:05,086 - DiscoveryAppln INFO -      Lookup: Distributed
2023-03-07 20:31:05,086 - DiscoveryAppln INFO -      Dissemination: Direct
2023-03-07 20:31:05,086 - DiscoveryAppln INFO -      Expected Subscribers: 1
2023-03-07 20:31:05,087 - DiscoveryAppln INFO -      Expected Publishers: 1
2023-03-07 20:31:05,087 - DiscoveryAppln INFO - **********************************
2023-03-07 20:31:05,087 - DiscoveryAppln DEBUG - DiscoveryAppln::driver - setting upcall handle
2023-03-07 20:31:05,088 - DiscoveryAppln INFO - DiscoveryMW::event_loop: start
2023-03-07 20:31:05,088 - DiscoveryAppln DEBUG - waiting for events...
2023-03-07 20:31:05,089 - DiscoveryAppln DEBUG - {}
2023-03-07 20:31:05,089 - DiscoveryAppln INFO - DiscoveryAppln::invoke_operation
2023-03-07 20:31:05,090 - DiscoveryAppln INFO - control back to event loop
2023-03-07 20:31:05,090 - DiscoveryAppln DEBUG - waiting for events...
