2023-03-07 20:31:04,743 - root INFO - Main - acquire a child logger and then log messages in the child
2023-03-07 20:31:04,747 - DiscoveryAppln DEBUG - Main: parse command line arguments
2023-03-07 20:31:04,770 - DiscoveryAppln DEBUG - Main: resetting log level to 10
2023-03-07 20:31:04,771 - DiscoveryAppln DEBUG - Main: effective log level is 10
2023-03-07 20:31:04,771 - DiscoveryAppln DEBUG - Main: obtain a discovery application object
2023-03-07 20:31:04,771 - DiscoveryAppln DEBUG - Main: configure the discovery application object
2023-03-07 20:31:04,771 - DiscoveryAppln INFO - DiscoveryAppln::configure
2023-03-07 20:31:04,771 - DiscoveryAppln DEBUG - DiscoveryAppln::configure - parsing config.ini
2023-03-07 20:31:04,771 - DiscoveryAppln DEBUG - DiscoveryAppln::configure - setup underlying middleware object
2023-03-07 20:31:04,787 - DiscoveryAppln DEBUG - DiscoveryAppln::configure - getting hash and finger table
2023-03-07 20:31:04,788 - DiscoveryAppln INFO - DiscoveryMW::configure
2023-03-07 20:31:04,788 - DiscoveryAppln DEBUG - DiscoveryMW::configure: obtain ZMQ context
2023-03-07 20:31:04,788 - DiscoveryAppln DEBUG - DiscoveryMW::configure: create ZMQ POLLER
2023-03-07 20:31:04,788 - DiscoveryAppln DEBUG - DiscoveryMW::configure: create ZMQ REP socket
2023-03-07 20:31:04,788 - DiscoveryAppln DEBUG - DiscoveryMW::configure: register poller
2023-03-07 20:31:04,789 - DiscoveryAppln DEBUG - DiscoveryMW::configure: bind REP socket to address
2023-03-07 20:31:04,789 - DiscoveryAppln DEBUG - DiscoveryMW::configure: reading hash to ip json
2023-03-07 20:31:04,789 - DiscoveryAppln INFO - DiscoveryMW::configure completed
2023-03-07 20:31:04,796 - DiscoveryAppln DEBUG - DiscoveryAppln::configure - generating table for node
2023-03-07 20:31:04,796 - DiscoveryAppln DEBUG - DiscoveryMW::connectTable: connecting to all nodes in finger table
2023-03-07 20:31:04,796 - DiscoveryAppln DEBUG - DiscoveryMW::connectTable: 221923006406920 - <zmq.Socket(zmq.REQ) at 0x7fc0baad9720> connected to disc3
2023-03-07 20:31:04,797 - DiscoveryAppln DEBUG - DiscoveryMW::connectTable: 269907035879001 - <zmq.Socket(zmq.REQ) at 0x7fc0baad9780> connected to disc19
2023-03-07 20:31:04,797 - DiscoveryAppln DEBUG - DiscoveryMW::connectTable: 20187637881426 - <zmq.Socket(zmq.REQ) at 0x7fc0baad97e0> connected to disc10
2023-03-07 20:31:04,797 - DiscoveryAppln DEBUG - DiscoveryMW::connectTable: 69136966752643 - <zmq.Socket(zmq.REQ) at 0x7fc0baad9840> connected to disc7
2023-03-07 20:31:04,797 - DiscoveryAppln DEBUG - DiscoveryMW::connectTable: connected in dictionary self.req
2023-03-07 20:31:04,797 - DiscoveryAppln INFO - DiscoveryAppln::configure completed
2023-03-07 20:31:04,797 - DiscoveryAppln DEBUG - Main: invoke the discovery application driver
2023-03-07 20:31:04,797 - DiscoveryAppln INFO - DiscoveryAppln::driver
2023-03-07 20:31:04,797 - DiscoveryAppln INFO - **********************************
2023-03-07 20:31:04,797 - DiscoveryAppln INFO - DiscoveryAppln::dump
2023-03-07 20:31:04,797 - DiscoveryAppln INFO - ------------------------------
2023-03-07 20:31:04,797 - DiscoveryAppln INFO -      Lookup: Distributed
2023-03-07 20:31:04,797 - DiscoveryAppln INFO -      Dissemination: Direct
2023-03-07 20:31:04,797 - DiscoveryAppln INFO -      Expected Subscribers: 1
2023-03-07 20:31:04,797 - DiscoveryAppln INFO -      Expected Publishers: 1
2023-03-07 20:31:04,797 - DiscoveryAppln INFO - **********************************
2023-03-07 20:31:04,797 - DiscoveryAppln DEBUG - DiscoveryAppln::driver - setting upcall handle
2023-03-07 20:31:04,797 - DiscoveryAppln INFO - DiscoveryMW::event_loop: start
2023-03-07 20:31:04,797 - DiscoveryAppln DEBUG - waiting for events...
2023-03-07 20:31:04,797 - DiscoveryAppln DEBUG - {}
2023-03-07 20:31:04,798 - DiscoveryAppln INFO - DiscoveryAppln::invoke_operation
2023-03-07 20:31:04,798 - DiscoveryAppln INFO - control back to event loop
2023-03-07 20:31:04,798 - DiscoveryAppln DEBUG - waiting for events...
2023-03-07 20:31:05,012 - DiscoveryAppln DEBUG - {<zmq.Socket(zmq.REP) at 0x7fc0baad96c0>: 1}
2023-03-07 20:31:05,012 - DiscoveryAppln DEBUG - Calling handle_request()
2023-03-07 20:31:05,012 - DiscoveryAppln INFO - DiscoveryMW::handle_request:
2023-03-07 20:31:05,013 - DiscoveryAppln INFO - DiscoveryAppln::handle_register building requests and sending them to chord
2023-03-07 20:31:05,013 - DiscoveryAppln DEBUG - ExperimentGenerator::hash_func
2023-03-07 20:31:05,013 - DiscoveryAppln INFO - DiscoveryAppln::register_chord received chord request for hash 253896624236677
2023-03-07 20:31:05,013 - DiscoveryAppln INFO - DiscoveryAppln::closest_preceding_node - found closest preceding node 221923006406920
2023-03-07 20:31:05,013 - DiscoveryAppln INFO - DiscoveryAppln::register_chord - propagating lookup request to node 221923006406920 
2023-03-07 20:31:05,013 - DiscoveryAppln INFO - DiscoveryMW::propagateRegister: building dht request to send to disc3
2023-03-07 20:31:05,013 - DiscoveryAppln DEBUG - DiscoveryMW::propagateRegister: done building dht request
2023-03-07 20:31:05,013 - DiscoveryAppln DEBUG - Stringified serialized buffer = b'\x08\x05*j\x08\x01\x12\x13\n\x04pub2\x12\x0810.0.0.5\x18\xc9+\x1a\x08location\x1a\x05sound\x1a\x08pressure\x1a\x08humidity\x1a\x05light\x1a\x0btemperature\x1a\x08altitude(\x85\xd1\xe3\xd0\xae\xdd90\xa9\x8f\xf5\xd6\x98\xd2-'
2023-03-07 20:31:05,013 - DiscoveryAppln DEBUG - DiscoveryMW::propagateRegister: next not in send_buffer, initializing empty
2023-03-07 20:31:05,013 - DiscoveryAppln INFO - DiscoveryMW::propagateRegister: sending dht request
2023-03-07 20:31:05,014 - DiscoveryAppln INFO - DiscoveryMW::propagateRegister: next = <zmq.Socket(zmq.REQ) at 0x7fc0baad9720>
2023-03-07 20:31:05,014 - DiscoveryAppln INFO - DiscoveryMW::propagateRegister: done sending dht request
2023-03-07 20:31:05,014 - DiscoveryAppln DEBUG - ExperimentGenerator::hash_func
2023-03-07 20:31:05,014 - DiscoveryAppln INFO - DiscoveryAppln::register_chord received chord request for hash 243169307258022
2023-03-07 20:31:05,014 - DiscoveryAppln INFO - DiscoveryAppln::closest_preceding_node - found closest preceding node 221923006406920
2023-03-07 20:31:05,014 - DiscoveryAppln INFO - DiscoveryAppln::register_chord - propagating lookup request to node 221923006406920 
2023-03-07 20:31:05,015 - DiscoveryAppln INFO - DiscoveryMW::propagateRegister: building dht request to send to disc3
2023-03-07 20:31:05,015 - DiscoveryAppln DEBUG - DiscoveryMW::propagateRegister: done building dht request
2023-03-07 20:31:05,015 - DiscoveryAppln DEBUG - Stringified serialized buffer = b'\x08\x05*j\x08\x01\x12\x13\n\x04pub2\x12\x0810.0.0.5\x18\xc9+\x1a\x08location\x1a\x05sound\x1a\x08pressure\x1a\x08humidity\x1a\x05light\x1a\x0btemperature\x1a\x08altitude(\xa6\xd9\xb7\xa1\x94\xa570\xa9\x8f\xf5\xd6\x98\xd2-'
2023-03-07 20:31:05,015 - DiscoveryAppln INFO - DiscoveryMW::propagateRegister: socket busy, queueing dht request
2023-03-07 20:31:05,015 - DiscoveryAppln DEBUG - ExperimentGenerator::hash_func
2023-03-07 20:31:05,015 - DiscoveryAppln INFO - DiscoveryAppln::register_chord received chord request for hash 200554645974706
2023-03-07 20:31:05,015 - DiscoveryAppln INFO - DiscoveryAppln::closest_preceding_node - found closest preceding node 69136966752643
2023-03-07 20:31:05,015 - DiscoveryAppln INFO - DiscoveryAppln::register_chord - propagating lookup request to node 69136966752643 
2023-03-07 20:31:05,015 - DiscoveryAppln INFO - DiscoveryMW::propagateRegister: building dht request to send to disc7
2023-03-07 20:31:05,015 - DiscoveryAppln DEBUG - DiscoveryMW::propagateRegister: done building dht request
2023-03-07 20:31:05,015 - DiscoveryAppln DEBUG - Stringified serialized buffer = b'\x08\x05*j\x08\x01\x12\x13\n\x04pub2\x12\x0810.0.0.5\x18\xc9+\x1a\x08location\x1a\x05sound\x1a\x08pressure\x1a\x08humidity\x1a\x05light\x1a\x0btemperature\x1a\x08altitude(\xb2\xdd\xb9\xa3\xf4\xcc-0\xa9\x8f\xf5\xd6\x98\xd2-'
2023-03-07 20:31:05,016 - DiscoveryAppln DEBUG - DiscoveryMW::propagateRegister: next not in send_buffer, initializing empty
2023-03-07 20:31:05,016 - DiscoveryAppln INFO - DiscoveryMW::propagateRegister: sending dht request
2023-03-07 20:31:05,016 - DiscoveryAppln INFO - DiscoveryMW::propagateRegister: next = <zmq.Socket(zmq.REQ) at 0x7fc0baad9840>
2023-03-07 20:31:05,016 - DiscoveryAppln INFO - DiscoveryMW::propagateRegister: done sending dht request
2023-03-07 20:31:05,016 - DiscoveryAppln DEBUG - ExperimentGenerator::hash_func
2023-03-07 20:31:05,016 - DiscoveryAppln INFO - DiscoveryAppln::register_chord received chord request for hash 204782700643486
2023-03-07 20:31:05,016 - DiscoveryAppln INFO - DiscoveryAppln::register_chord - propagating lookup request to node 221923006406920 
2023-03-07 20:31:05,016 - DiscoveryAppln INFO - DiscoveryMW::propagateRegister: building dht request to send to disc3
2023-03-07 20:31:05,016 - DiscoveryAppln DEBUG - DiscoveryMW::propagateRegister: done building dht request
2023-03-07 20:31:05,016 - DiscoveryAppln DEBUG - Stringified serialized buffer = b'\x08\x05*l\x08\x01\x12\x13\n\x04pub2\x12\x0810.0.0.5\x18\xc9+\x1a\x08location\x1a\x05sound\x1a\x08pressure\x1a\x08humidity\x1a\x05light\x1a\x0btemperature\x1a\x08altitude \x01(\x9e\x89\x83\x81\xfb\xc7.0\xa9\x8f\xf5\xd6\x98\xd2-'
2023-03-07 20:31:05,016 - DiscoveryAppln INFO - DiscoveryMW::propagateRegister: socket busy, queueing dht request
2023-03-07 20:31:05,016 - DiscoveryAppln DEBUG - ExperimentGenerator::hash_func
2023-03-07 20:31:05,016 - DiscoveryAppln INFO - DiscoveryAppln::register_chord received chord request for hash 168942578528980
2023-03-07 20:31:05,016 - DiscoveryAppln INFO - DiscoveryAppln::closest_preceding_node - found closest preceding node 69136966752643
2023-03-07 20:31:05,017 - DiscoveryAppln INFO - DiscoveryAppln::register_chord - propagating lookup request to node 69136966752643 
2023-03-07 20:31:05,017 - DiscoveryAppln INFO - DiscoveryMW::propagateRegister: building dht request to send to disc7
2023-03-07 20:31:05,017 - DiscoveryAppln DEBUG - DiscoveryMW::propagateRegister: done building dht request
2023-03-07 20:31:05,017 - DiscoveryAppln DEBUG - Stringified serialized buffer = b'\x08\x05*j\x08\x01\x12\x13\n\x04pub2\x12\x0810.0.0.5\x18\xc9+\x1a\x08location\x1a\x05sound\x1a\x08pressure\x1a\x08humidity\x1a\x05light\x1a\x0btemperature\x1a\x08altitude(\xd4\xe5\x85\x93\xf0\xb4&0\xa9\x8f\xf5\xd6\x98\xd2-'
2023-03-07 20:31:05,017 - DiscoveryAppln INFO - DiscoveryMW::propagateRegister: socket busy, queueing dht request
2023-03-07 20:31:05,017 - DiscoveryAppln DEBUG - ExperimentGenerator::hash_func
2023-03-07 20:31:05,017 - DiscoveryAppln INFO - DiscoveryAppln::register_chord received chord request for hash 196901406296948
2023-03-07 20:31:05,017 - DiscoveryAppln INFO - DiscoveryAppln::closest_preceding_node - found closest preceding node 69136966752643
2023-03-07 20:31:05,017 - DiscoveryAppln INFO - DiscoveryAppln::register_chord - propagating lookup request to node 69136966752643 
2023-03-07 20:31:05,017 - DiscoveryAppln INFO - DiscoveryMW::propagateRegister: building dht request to send to disc7
2023-03-07 20:31:05,017 - DiscoveryAppln DEBUG - DiscoveryMW::propagateRegister: done building dht request
2023-03-07 20:31:05,017 - DiscoveryAppln DEBUG - Stringified serialized buffer = b'\x08\x05*j\x08\x01\x12\x13\n\x04pub2\x12\x0810.0.0.5\x18\xc9+\x1a\x08location\x1a\x05sound\x1a\x08pressure\x1a\x08humidity\x1a\x05light\x1a\x0btemperature\x1a\x08altitude(\xf4\x96\x83\xf3\xca\xe2,0\xa9\x8f\xf5\xd6\x98\xd2-'
2023-03-07 20:31:05,017 - DiscoveryAppln INFO - DiscoveryMW::propagateRegister: socket busy, queueing dht request
2023-03-07 20:31:05,017 - DiscoveryAppln DEBUG - ExperimentGenerator::hash_func
2023-03-07 20:31:05,018 - DiscoveryAppln INFO - DiscoveryAppln::register_chord received chord request for hash 229415826467248
2023-03-07 20:31:05,018 - DiscoveryAppln INFO - DiscoveryAppln::closest_preceding_node - found closest preceding node 221923006406920
2023-03-07 20:31:05,018 - DiscoveryAppln INFO - DiscoveryAppln::register_chord - propagating lookup request to node 221923006406920 
2023-03-07 20:31:05,018 - DiscoveryAppln INFO - DiscoveryMW::propagateRegister: building dht request to send to disc3
2023-03-07 20:31:05,018 - DiscoveryAppln DEBUG - DiscoveryMW::propagateRegister: done building dht request
2023-03-07 20:31:05,018 - DiscoveryAppln DEBUG - Stringified serialized buffer = b'\x08\x05*j\x08\x01\x12\x13\n\x04pub2\x12\x0810.0.0.5\x18\xc9+\x1a\x08location\x1a\x05sound\x1a\x08pressure\x1a\x08humidity\x1a\x05light\x1a\x0btemperature\x1a\x08altitude(\xb0\xd3\xde\xc6\xf0\x9440\xa9\x8f\xf5\xd6\x98\xd2-'
2023-03-07 20:31:05,018 - DiscoveryAppln INFO - DiscoveryMW::propagateRegister: socket busy, queueing dht request
2023-03-07 20:31:05,018 - DiscoveryAppln INFO - DiscoveryAppln::handle_register sent 7 requests
2023-03-07 20:31:05,018 - DiscoveryAppln INFO - DiscoveryAppln::handle_register increment number of seen publishers
2023-03-07 20:31:05,018 - DiscoveryAppln DEBUG - DiscoveryMW::handle_request: done handling request with timeout = None
2023-03-07 20:31:05,018 - DiscoveryAppln INFO - control back to event loop
2023-03-07 20:31:05,018 - DiscoveryAppln DEBUG - waiting for events...
2023-03-07 20:31:05,082 - DiscoveryAppln DEBUG - {<zmq.Socket(zmq.REQ) at 0x7fc0baad9840>: 1}
2023-03-07 20:31:05,082 - DiscoveryAppln DEBUG - Calling handle_reply() for hash 69136966752643
2023-03-07 20:31:05,082 - DiscoveryAppln INFO - DiscoveryMW::handle_reply:
2023-03-07 20:31:05,082 - DiscoveryAppln INFO - DiscoveryMW::handle_reply: received a reply from disc7
2023-03-07 20:31:05,082 - DiscoveryAppln INFO - DiscoveryAppln::handle_register_reply_dht received reply from node 69136966752643
2023-03-07 20:31:05,083 - DiscoveryAppln INFO - DiscoveryAppln::handle_register_reply_dht reply at source
2023-03-07 20:31:05,083 - DiscoveryAppln DEBUG - DiscoveryAppln::handle_register_reply_dht 6 requests left
2023-03-07 20:31:05,083 - DiscoveryAppln INFO - DiscoveryMW::handle_reply: checking buffer of next is 69136966752643
2023-03-07 20:31:05,083 - DiscoveryAppln INFO - DiscoveryMW::handle_reply: sending next message in buffer to disc7
2023-03-07 20:31:05,083 - DiscoveryAppln DEBUG - DiscoveryMW::handle_request: done handling reply with timeout None
2023-03-07 20:31:05,083 - DiscoveryAppln INFO - control back to event loop
2023-03-07 20:31:05,083 - DiscoveryAppln DEBUG - waiting for events...
2023-03-07 20:31:05,095 - DiscoveryAppln DEBUG - {<zmq.Socket(zmq.REQ) at 0x7fc0baad9840>: 1}
2023-03-07 20:31:05,095 - DiscoveryAppln DEBUG - Calling handle_reply() for hash 69136966752643
2023-03-07 20:31:05,095 - DiscoveryAppln INFO - DiscoveryMW::handle_reply:
2023-03-07 20:31:05,095 - DiscoveryAppln INFO - DiscoveryMW::handle_reply: received a reply from disc7
2023-03-07 20:31:05,095 - DiscoveryAppln INFO - DiscoveryAppln::handle_register_reply_dht received reply from node 69136966752643
2023-03-07 20:31:05,095 - DiscoveryAppln INFO - DiscoveryAppln::handle_register_reply_dht reply at source
2023-03-07 20:31:05,095 - DiscoveryAppln DEBUG - DiscoveryAppln::handle_register_reply_dht 5 requests left
2023-03-07 20:31:05,095 - DiscoveryAppln INFO - DiscoveryMW::handle_reply: checking buffer of next is 69136966752643
2023-03-07 20:31:05,095 - DiscoveryAppln INFO - DiscoveryMW::handle_reply: sending next message in buffer to disc7
2023-03-07 20:31:05,095 - DiscoveryAppln DEBUG - DiscoveryMW::handle_request: done handling reply with timeout None
2023-03-07 20:31:05,095 - DiscoveryAppln INFO - control back to event loop
2023-03-07 20:31:05,095 - DiscoveryAppln DEBUG - waiting for events...
2023-03-07 20:31:05,098 - DiscoveryAppln DEBUG - {<zmq.Socket(zmq.REQ) at 0x7fc0baad9840>: 1}
2023-03-07 20:31:05,099 - DiscoveryAppln DEBUG - Calling handle_reply() for hash 69136966752643
2023-03-07 20:31:05,099 - DiscoveryAppln INFO - DiscoveryMW::handle_reply:
2023-03-07 20:31:05,099 - DiscoveryAppln INFO - DiscoveryMW::handle_reply: received a reply from disc7
2023-03-07 20:31:05,101 - DiscoveryAppln INFO - DiscoveryAppln::handle_register_reply_dht received reply from node 69136966752643
2023-03-07 20:31:05,101 - DiscoveryAppln INFO - DiscoveryAppln::handle_register_reply_dht reply at source
2023-03-07 20:31:05,101 - DiscoveryAppln DEBUG - DiscoveryAppln::handle_register_reply_dht 4 requests left
2023-03-07 20:31:05,101 - DiscoveryAppln INFO - DiscoveryMW::handle_reply: checking buffer of next is 69136966752643
2023-03-07 20:31:05,102 - DiscoveryAppln DEBUG - DiscoveryMW::handle_request: done handling reply with timeout None
2023-03-07 20:31:05,102 - DiscoveryAppln INFO - control back to event loop
2023-03-07 20:31:05,102 - DiscoveryAppln DEBUG - waiting for events...
2023-03-07 20:31:05,286 - DiscoveryAppln DEBUG - {<zmq.Socket(zmq.REQ) at 0x7fc0baad9720>: 1}
2023-03-07 20:31:05,286 - DiscoveryAppln DEBUG - Calling handle_reply() for hash 221923006406920
2023-03-07 20:31:05,286 - DiscoveryAppln INFO - DiscoveryMW::handle_reply:
2023-03-07 20:31:05,286 - DiscoveryAppln INFO - DiscoveryMW::handle_reply: received a reply from disc3
2023-03-07 20:31:05,287 - DiscoveryAppln INFO - DiscoveryAppln::handle_register_reply_dht received reply from node 221923006406920
2023-03-07 20:31:05,287 - DiscoveryAppln INFO - DiscoveryAppln::handle_register_reply_dht reply at source
2023-03-07 20:31:05,287 - DiscoveryAppln DEBUG - DiscoveryAppln::handle_register_reply_dht 3 requests left
2023-03-07 20:31:05,287 - DiscoveryAppln INFO - DiscoveryMW::handle_reply: checking buffer of next is 221923006406920
2023-03-07 20:31:05,287 - DiscoveryAppln INFO - DiscoveryMW::handle_reply: sending next message in buffer to disc3
2023-03-07 20:31:05,287 - DiscoveryAppln DEBUG - DiscoveryMW::handle_request: done handling reply with timeout None
2023-03-07 20:31:05,287 - DiscoveryAppln INFO - control back to event loop
2023-03-07 20:31:05,287 - DiscoveryAppln DEBUG - waiting for events...
2023-03-07 20:31:05,288 - DiscoveryAppln DEBUG - {<zmq.Socket(zmq.REQ) at 0x7fc0baad9720>: 1}
2023-03-07 20:31:05,288 - DiscoveryAppln DEBUG - Calling handle_reply() for hash 221923006406920
2023-03-07 20:31:05,288 - DiscoveryAppln INFO - DiscoveryMW::handle_reply:
2023-03-07 20:31:05,288 - DiscoveryAppln INFO - DiscoveryMW::handle_reply: received a reply from disc3
2023-03-07 20:31:05,288 - DiscoveryAppln INFO - DiscoveryAppln::handle_register_reply_dht received reply from node 221923006406920
2023-03-07 20:31:05,288 - DiscoveryAppln INFO - DiscoveryAppln::handle_register_reply_dht reply at source
2023-03-07 20:31:05,288 - DiscoveryAppln DEBUG - DiscoveryAppln::handle_register_reply_dht 2 requests left
2023-03-07 20:31:05,288 - DiscoveryAppln INFO - DiscoveryMW::handle_reply: checking buffer of next is 221923006406920
2023-03-07 20:31:05,288 - DiscoveryAppln INFO - DiscoveryMW::handle_reply: sending next message in buffer to disc3
2023-03-07 20:31:05,288 - DiscoveryAppln DEBUG - DiscoveryMW::handle_request: done handling reply with timeout None
2023-03-07 20:31:05,288 - DiscoveryAppln INFO - control back to event loop
2023-03-07 20:31:05,288 - DiscoveryAppln DEBUG - waiting for events...
2023-03-07 20:31:05,290 - DiscoveryAppln DEBUG - {<zmq.Socket(zmq.REQ) at 0x7fc0baad9720>: 1}
2023-03-07 20:31:05,290 - DiscoveryAppln DEBUG - Calling handle_reply() for hash 221923006406920
2023-03-07 20:31:05,290 - DiscoveryAppln INFO - DiscoveryMW::handle_reply:
2023-03-07 20:31:05,290 - DiscoveryAppln INFO - DiscoveryMW::handle_reply: received a reply from disc3
2023-03-07 20:31:05,290 - DiscoveryAppln INFO - DiscoveryAppln::handle_register_reply_dht received reply from node 221923006406920
2023-03-07 20:31:05,290 - DiscoveryAppln INFO - DiscoveryAppln::handle_register_reply_dht reply at source
2023-03-07 20:31:05,290 - DiscoveryAppln DEBUG - DiscoveryAppln::handle_register_reply_dht 1 requests left
2023-03-07 20:31:05,290 - DiscoveryAppln INFO - DiscoveryMW::handle_reply: checking buffer of next is 221923006406920
2023-03-07 20:31:05,290 - DiscoveryAppln INFO - DiscoveryMW::handle_reply: sending next message in buffer to disc3
2023-03-07 20:31:05,290 - DiscoveryAppln DEBUG - DiscoveryMW::handle_request: done handling reply with timeout None
2023-03-07 20:31:05,291 - DiscoveryAppln INFO - control back to event loop
2023-03-07 20:31:05,291 - DiscoveryAppln DEBUG - waiting for events...
2023-03-07 20:31:05,292 - DiscoveryAppln DEBUG - {<zmq.Socket(zmq.REQ) at 0x7fc0baad9720>: 1}
2023-03-07 20:31:05,292 - DiscoveryAppln DEBUG - Calling handle_reply() for hash 221923006406920
2023-03-07 20:31:05,292 - DiscoveryAppln INFO - DiscoveryMW::handle_reply:
2023-03-07 20:31:05,292 - DiscoveryAppln INFO - DiscoveryMW::handle_reply: received a reply from disc3
2023-03-07 20:31:05,292 - DiscoveryAppln INFO - DiscoveryAppln::handle_register_reply_dht received reply from node 221923006406920
2023-03-07 20:31:05,292 - DiscoveryAppln INFO - DiscoveryAppln::handle_register_reply_dht reply at source
2023-03-07 20:31:05,292 - DiscoveryAppln DEBUG - DiscoveryAppln::handle_register_reply_dht 0 requests left
2023-03-07 20:31:05,292 - DiscoveryAppln INFO - DiscoveryAppln::handle_register_reply_dht all requests completed, sending reply to source
2023-03-07 20:31:05,292 - DiscoveryAppln DEBUG - DiscoveryMW::register_reply
2023-03-07 20:31:05,292 - DiscoveryAppln DEBUG - DiscoveryMW::register_reply: done building reply
2023-03-07 20:31:05,292 - DiscoveryAppln DEBUG - Stringified serialized buffer = b'\x08\x01\x12\x02\x08\x01'
2023-03-07 20:31:05,292 - DiscoveryAppln DEBUG - DiscoveryMW::register_reply: send reply
2023-03-07 20:31:05,292 - DiscoveryAppln INFO - DiscoveryMW::register_reply: done replying to client register request
2023-03-07 20:31:05,292 - DiscoveryAppln INFO - DiscoveryMW::handle_reply: checking buffer of next is 221923006406920
2023-03-07 20:31:05,292 - DiscoveryAppln DEBUG - DiscoveryMW::handle_request: done handling reply with timeout None
2023-03-07 20:31:05,292 - DiscoveryAppln INFO - control back to event loop
2023-03-07 20:31:05,292 - DiscoveryAppln DEBUG - waiting for events...
2023-03-07 20:31:05,292 - DiscoveryAppln DEBUG - {<zmq.Socket(zmq.REP) at 0x7fc0baad96c0>: 1}
2023-03-07 20:31:05,292 - DiscoveryAppln DEBUG - Calling handle_request()
2023-03-07 20:31:05,292 - DiscoveryAppln INFO - DiscoveryMW::handle_request:
2023-03-07 20:31:05,292 - DiscoveryAppln INFO - DiscoveryAppln::handle_register endpoint
2023-03-07 20:31:05,293 - DiscoveryAppln INFO - DiscoveryAppln::handle_register checking if name is unique
2023-03-07 20:31:05,293 - DiscoveryAppln INFO - DiscoveryAppln::handle_register assigning user id to info
2023-03-07 20:31:05,293 - DiscoveryAppln INFO - DiscoveryAppln::handle_register adding topics to publishers
2023-03-07 20:31:05,293 - DiscoveryAppln DEBUG - DiscoveryMW::register_reply
2023-03-07 20:31:05,293 - DiscoveryAppln DEBUG - DiscoveryMW::register_reply: done building reply
2023-03-07 20:31:05,293 - DiscoveryAppln DEBUG - Stringified serialized buffer = b'\x08\x05*\x18\x08\x01\x12\x04pub1\x18\x8b\xd2\xb8\xfb\xbc\xb4"(\xa9\x8f\xf5\xd6\x98\xd2-'
2023-03-07 20:31:05,293 - DiscoveryAppln DEBUG - DiscoveryMW::register_reply: send reply
2023-03-07 20:31:05,293 - DiscoveryAppln INFO - DiscoveryMW::register_reply: done replying to client register request
2023-03-07 20:31:05,293 - DiscoveryAppln DEBUG - DiscoveryMW::handle_request: done handling request with timeout = None
2023-03-07 20:31:05,293 - DiscoveryAppln INFO - control back to event loop
2023-03-07 20:31:05,293 - DiscoveryAppln DEBUG - waiting for events...
2023-03-07 20:31:05,293 - DiscoveryAppln DEBUG - {<zmq.Socket(zmq.REP) at 0x7fc0baad96c0>: 1}
2023-03-07 20:31:05,293 - DiscoveryAppln DEBUG - Calling handle_request()
2023-03-07 20:31:05,293 - DiscoveryAppln INFO - DiscoveryMW::handle_request:
2023-03-07 20:31:05,293 - DiscoveryAppln DEBUG - DiscoveryAppln::isready_loop src = 200736216270761
2023-03-07 20:31:05,293 - DiscoveryAppln DEBUG - DiscoveryAppln::isready_loop current node = 200736216270761
2023-03-07 20:31:05,293 - DiscoveryAppln INFO - DiscoveryMW::propagateIsReady: building dht request to send to disc3 from src disc6
2023-03-07 20:31:05,293 - DiscoveryAppln DEBUG - DiscoveryMW::propagateIsReaedy: done building dht request
2023-03-07 20:31:05,294 - DiscoveryAppln DEBUG - Stringified serialized buffer = b'\x08\x062\n\x10\x01\x18\xa9\x8f\xf5\xd6\x98\xd2-'
2023-03-07 20:31:05,294 - DiscoveryAppln INFO - DiscoveryMW::propagateIsReady: done sending dht request
2023-03-07 20:31:05,294 - DiscoveryAppln DEBUG - DiscoveryMW::handle_request: done handling request with timeout = None
2023-03-07 20:31:05,294 - DiscoveryAppln INFO - control back to event loop
2023-03-07 20:31:05,294 - DiscoveryAppln DEBUG - waiting for events...
