2023-03-07 20:31:05,172 - root INFO - Main - acquire a child logger and then log messages in the child
2023-03-07 20:31:05,176 - DiscoveryAppln DEBUG - Main: parse command line arguments
2023-03-07 20:31:05,205 - DiscoveryAppln DEBUG - Main: resetting log level to 10
2023-03-07 20:31:05,205 - DiscoveryAppln DEBUG - Main: effective log level is 10
2023-03-07 20:31:05,205 - DiscoveryAppln DEBUG - Main: obtain a discovery application object
2023-03-07 20:31:05,208 - DiscoveryAppln DEBUG - Main: configure the discovery application object
2023-03-07 20:31:05,208 - DiscoveryAppln INFO - DiscoveryAppln::configure
2023-03-07 20:31:05,209 - DiscoveryAppln DEBUG - DiscoveryAppln::configure - parsing config.ini
2023-03-07 20:31:05,209 - DiscoveryAppln DEBUG - DiscoveryAppln::configure - setup underlying middleware object
2023-03-07 20:31:05,209 - DiscoveryAppln DEBUG - DiscoveryAppln::configure - getting hash and finger table
2023-03-07 20:31:05,210 - DiscoveryAppln INFO - DiscoveryMW::configure
2023-03-07 20:31:05,210 - DiscoveryAppln DEBUG - DiscoveryMW::configure: obtain ZMQ context
2023-03-07 20:31:05,210 - DiscoveryAppln DEBUG - DiscoveryMW::configure: create ZMQ POLLER
2023-03-07 20:31:05,210 - DiscoveryAppln DEBUG - DiscoveryMW::configure: create ZMQ REP socket
2023-03-07 20:31:05,211 - DiscoveryAppln DEBUG - DiscoveryMW::configure: register poller
2023-03-07 20:31:05,211 - DiscoveryAppln DEBUG - DiscoveryMW::configure: bind REP socket to address
2023-03-07 20:31:05,212 - DiscoveryAppln DEBUG - DiscoveryMW::configure: reading hash to ip json
2023-03-07 20:31:05,212 - DiscoveryAppln INFO - DiscoveryMW::configure completed
2023-03-07 20:31:05,216 - DiscoveryAppln DEBUG - DiscoveryAppln::configure - generating table for node
2023-03-07 20:31:05,217 - DiscoveryAppln DEBUG - DiscoveryMW::connectTable: connecting to all nodes in finger table
2023-03-07 20:31:05,218 - DiscoveryAppln DEBUG - DiscoveryMW::connectTable: 94670427364161 - <zmq.Socket(zmq.REQ) at 0x7f59d3541780> connected to disc2
2023-03-07 20:31:05,219 - DiscoveryAppln DEBUG - DiscoveryMW::connectTable: 118585073127976 - <zmq.Socket(zmq.REQ) at 0x7f59d3bb4d00> connected to disc20
2023-03-07 20:31:05,220 - DiscoveryAppln DEBUG - DiscoveryMW::connectTable: 144745002065491 - <zmq.Socket(zmq.REQ) at 0x7f59d35417e0> connected to disc13
2023-03-07 20:31:05,220 - DiscoveryAppln DEBUG - DiscoveryMW::connectTable: 154413254332420 - <zmq.Socket(zmq.REQ) at 0x7f59d3541840> connected to disc1
2023-03-07 20:31:05,222 - DiscoveryAppln DEBUG - DiscoveryMW::connectTable: 235620439270881 - <zmq.Socket(zmq.REQ) at 0x7f59d35418a0> connected to disc8
2023-03-07 20:31:05,235 - DiscoveryAppln DEBUG - DiscoveryMW::connectTable: connected in dictionary self.req
2023-03-07 20:31:05,236 - DiscoveryAppln INFO - DiscoveryAppln::configure completed
2023-03-07 20:31:05,236 - DiscoveryAppln DEBUG - Main: invoke the discovery application driver
2023-03-07 20:31:05,236 - DiscoveryAppln INFO - DiscoveryAppln::driver
2023-03-07 20:31:05,236 - DiscoveryAppln INFO - **********************************
2023-03-07 20:31:05,237 - DiscoveryAppln INFO - DiscoveryAppln::dump
2023-03-07 20:31:05,237 - DiscoveryAppln INFO - ------------------------------
2023-03-07 20:31:05,237 - DiscoveryAppln INFO -      Lookup: Distributed
2023-03-07 20:31:05,237 - DiscoveryAppln INFO -      Dissemination: Direct
2023-03-07 20:31:05,238 - DiscoveryAppln INFO -      Expected Subscribers: 1
2023-03-07 20:31:05,238 - DiscoveryAppln INFO -      Expected Publishers: 1
2023-03-07 20:31:05,238 - DiscoveryAppln INFO - **********************************
2023-03-07 20:31:05,238 - DiscoveryAppln DEBUG - DiscoveryAppln::driver - setting upcall handle
2023-03-07 20:31:05,239 - DiscoveryAppln INFO - DiscoveryMW::event_loop: start
2023-03-07 20:31:05,239 - DiscoveryAppln DEBUG - waiting for events...
2023-03-07 20:31:05,239 - DiscoveryAppln DEBUG - {}
2023-03-07 20:31:05,239 - DiscoveryAppln INFO - DiscoveryAppln::invoke_operation
2023-03-07 20:31:05,240 - DiscoveryAppln INFO - control back to event loop
2023-03-07 20:31:05,240 - DiscoveryAppln DEBUG - waiting for events...
2023-03-07 20:31:05,315 - DiscoveryAppln DEBUG - {<zmq.Socket(zmq.REP) at 0x7f59d3541720>: 1}
2023-03-07 20:31:05,315 - DiscoveryAppln DEBUG - Calling handle_request()
2023-03-07 20:31:05,315 - DiscoveryAppln INFO - DiscoveryMW::handle_request:
2023-03-07 20:31:05,316 - DiscoveryAppln DEBUG - DiscoveryAppln::isready_loop src = 200736216270761
2023-03-07 20:31:05,317 - DiscoveryAppln DEBUG - DiscoveryAppln::isready_loop current node = 83531280445706
2023-03-07 20:31:05,321 - DiscoveryAppln INFO - DiscoveryMW::propagateIsReady: building dht request to send to disc2 from src disc6
2023-03-07 20:31:05,321 - DiscoveryAppln DEBUG - DiscoveryMW::propagateIsReaedy: done building dht request
2023-03-07 20:31:05,321 - DiscoveryAppln DEBUG - Stringified serialized buffer = b'\x08\x062\n\x10\x01\x18\xa9\x8f\xf5\xd6\x98\xd2-'
2023-03-07 20:31:05,322 - DiscoveryAppln DEBUG - DiscoveryMW::propagateIsReady: next not in send_buffer, initializing empty
2023-03-07 20:31:05,322 - DiscoveryAppln INFO - DiscoveryMW::propagateIsReady: done sending dht request
2023-03-07 20:31:05,322 - DiscoveryAppln DEBUG - DiscoveryMW::handle_request: done handling request with timeout = None
2023-03-07 20:31:05,323 - DiscoveryAppln INFO - control back to event loop
2023-03-07 20:31:05,323 - DiscoveryAppln DEBUG - waiting for events...
