2023-03-07 20:31:05,047 - root INFO - Main - acquire a child logger and then log messages in the child
2023-03-07 20:31:05,048 - DiscoveryAppln DEBUG - Main: parse command line arguments
2023-03-07 20:31:05,053 - DiscoveryAppln DEBUG - Main: resetting log level to 10
2023-03-07 20:31:05,053 - DiscoveryAppln DEBUG - Main: effective log level is 10
2023-03-07 20:31:05,053 - DiscoveryAppln DEBUG - Main: obtain a discovery application object
2023-03-07 20:31:05,054 - DiscoveryAppln DEBUG - Main: configure the discovery application object
2023-03-07 20:31:05,054 - DiscoveryAppln INFO - DiscoveryAppln::configure
2023-03-07 20:31:05,054 - DiscoveryAppln DEBUG - DiscoveryAppln::configure - parsing config.ini
2023-03-07 20:31:05,056 - DiscoveryAppln DEBUG - DiscoveryAppln::configure - setup underlying middleware object
2023-03-07 20:31:05,056 - DiscoveryAppln DEBUG - DiscoveryAppln::configure - getting hash and finger table
2023-03-07 20:31:05,056 - DiscoveryAppln INFO - DiscoveryMW::configure
2023-03-07 20:31:05,056 - DiscoveryAppln DEBUG - DiscoveryMW::configure: obtain ZMQ context
2023-03-07 20:31:05,057 - DiscoveryAppln DEBUG - DiscoveryMW::configure: create ZMQ POLLER
2023-03-07 20:31:05,057 - DiscoveryAppln DEBUG - DiscoveryMW::configure: create ZMQ REP socket
2023-03-07 20:31:05,057 - DiscoveryAppln DEBUG - DiscoveryMW::configure: register poller
2023-03-07 20:31:05,057 - DiscoveryAppln DEBUG - DiscoveryMW::configure: bind REP socket to address
2023-03-07 20:31:05,057 - DiscoveryAppln DEBUG - DiscoveryMW::configure: reading hash to ip json
2023-03-07 20:31:05,057 - DiscoveryAppln INFO - DiscoveryMW::configure completed
2023-03-07 20:31:05,058 - DiscoveryAppln DEBUG - DiscoveryAppln::configure - generating table for node
2023-03-07 20:31:05,058 - DiscoveryAppln DEBUG - DiscoveryMW::connectTable: connecting to all nodes in finger table
2023-03-07 20:31:05,059 - DiscoveryAppln DEBUG - DiscoveryMW::connectTable: 83531280445706 - <zmq.Socket(zmq.REQ) at 0x7ff7a5545720> connected to disc17
2023-03-07 20:31:05,060 - DiscoveryAppln DEBUG - DiscoveryMW::connectTable: 94670427364161 - <zmq.Socket(zmq.REQ) at 0x7ff7a5545780> connected to disc2
2023-03-07 20:31:05,060 - DiscoveryAppln DEBUG - DiscoveryMW::connectTable: 118585073127976 - <zmq.Socket(zmq.REQ) at 0x7ff7a55457e0> connected to disc20
2023-03-07 20:31:05,060 - DiscoveryAppln DEBUG - DiscoveryMW::connectTable: 144745002065491 - <zmq.Socket(zmq.REQ) at 0x7ff7a5545840> connected to disc13
2023-03-07 20:31:05,060 - DiscoveryAppln DEBUG - DiscoveryMW::connectTable: 221923006406920 - <zmq.Socket(zmq.REQ) at 0x7ff7a55458a0> connected to disc3
2023-03-07 20:31:05,060 - DiscoveryAppln DEBUG - DiscoveryMW::connectTable: connected in dictionary self.req
2023-03-07 20:31:05,060 - DiscoveryAppln INFO - DiscoveryAppln::configure completed
2023-03-07 20:31:05,060 - DiscoveryAppln DEBUG - Main: invoke the discovery application driver
2023-03-07 20:31:05,060 - DiscoveryAppln INFO - DiscoveryAppln::driver
2023-03-07 20:31:05,060 - DiscoveryAppln INFO - **********************************
2023-03-07 20:31:05,060 - DiscoveryAppln INFO - DiscoveryAppln::dump
2023-03-07 20:31:05,060 - DiscoveryAppln INFO - ------------------------------
2023-03-07 20:31:05,060 - DiscoveryAppln INFO -      Lookup: Distributed
2023-03-07 20:31:05,060 - DiscoveryAppln INFO -      Dissemination: Direct
2023-03-07 20:31:05,060 - DiscoveryAppln INFO -      Expected Subscribers: 1
2023-03-07 20:31:05,061 - DiscoveryAppln INFO -      Expected Publishers: 1
2023-03-07 20:31:05,061 - DiscoveryAppln INFO - **********************************
2023-03-07 20:31:05,061 - DiscoveryAppln DEBUG - DiscoveryAppln::driver - setting upcall handle
2023-03-07 20:31:05,061 - DiscoveryAppln INFO - DiscoveryMW::event_loop: start
2023-03-07 20:31:05,061 - DiscoveryAppln DEBUG - waiting for events...
2023-03-07 20:31:05,061 - DiscoveryAppln DEBUG - {}
2023-03-07 20:31:05,061 - DiscoveryAppln INFO - DiscoveryAppln::invoke_operation
2023-03-07 20:31:05,061 - DiscoveryAppln INFO - control back to event loop
2023-03-07 20:31:05,061 - DiscoveryAppln DEBUG - waiting for events...
2023-03-07 20:31:05,080 - DiscoveryAppln DEBUG - {<zmq.Socket(zmq.REP) at 0x7ff7a55456c0>: 1}
2023-03-07 20:31:05,080 - DiscoveryAppln DEBUG - Calling handle_request()
2023-03-07 20:31:05,080 - DiscoveryAppln INFO - DiscoveryMW::handle_request:
2023-03-07 20:31:05,081 - DiscoveryAppln INFO - DiscoveryAppln::handle_register endpoint
2023-03-07 20:31:05,081 - DiscoveryAppln INFO - DiscoveryAppln::handle_register checking if name is unique
2023-03-07 20:31:05,081 - DiscoveryAppln INFO - DiscoveryAppln::handle_register assigning user id to info
2023-03-07 20:31:05,081 - DiscoveryAppln INFO - DiscoveryAppln::handle_register adding topics to publishers
2023-03-07 20:31:05,081 - DiscoveryAppln DEBUG - DiscoveryMW::register_reply
2023-03-07 20:31:05,081 - DiscoveryAppln DEBUG - DiscoveryMW::register_reply: done building reply
2023-03-07 20:31:05,081 - DiscoveryAppln DEBUG - Stringified serialized buffer = b'\x08\x05*\x18\x08\x01\x12\x04pub2\x18\xa9\x8f\xf5\xd6\x98\xd2-(\x83\xb3\xe0\xa2\x93\xdc\x0f'
2023-03-07 20:31:05,081 - DiscoveryAppln DEBUG - DiscoveryMW::register_reply: send reply
2023-03-07 20:31:05,081 - DiscoveryAppln INFO - DiscoveryMW::register_reply: done replying to client register request
2023-03-07 20:31:05,081 - DiscoveryAppln DEBUG - DiscoveryMW::handle_request: done handling request with timeout = None
2023-03-07 20:31:05,081 - DiscoveryAppln INFO - control back to event loop
2023-03-07 20:31:05,081 - DiscoveryAppln DEBUG - waiting for events...
2023-03-07 20:31:05,083 - DiscoveryAppln DEBUG - {<zmq.Socket(zmq.REP) at 0x7ff7a55456c0>: 1}
2023-03-07 20:31:05,083 - DiscoveryAppln DEBUG - Calling handle_request()
2023-03-07 20:31:05,083 - DiscoveryAppln INFO - DiscoveryMW::handle_request:
2023-03-07 20:31:05,083 - DiscoveryAppln INFO - DiscoveryAppln::handle_register endpoint
2023-03-07 20:31:05,083 - DiscoveryAppln INFO - DiscoveryAppln::handle_register checking if name is unique
2023-03-07 20:31:05,084 - DiscoveryAppln INFO - DiscoveryAppln::handle_register already registered
2023-03-07 20:31:05,084 - DiscoveryAppln DEBUG - DiscoveryMW::register_reply
2023-03-07 20:31:05,084 - DiscoveryAppln DEBUG - DiscoveryMW::register_reply: done building reply
2023-03-07 20:31:05,084 - DiscoveryAppln DEBUG - Stringified serialized buffer = b'\x08\x05*\x18\x08\x01\x12\x04pub2\x18\xa9\x8f\xf5\xd6\x98\xd2-(\x83\xb3\xe0\xa2\x93\xdc\x0f'
2023-03-07 20:31:05,084 - DiscoveryAppln DEBUG - DiscoveryMW::register_reply: send reply
2023-03-07 20:31:05,084 - DiscoveryAppln INFO - DiscoveryMW::register_reply: done replying to client register request
2023-03-07 20:31:05,084 - DiscoveryAppln DEBUG - DiscoveryMW::handle_request: done handling request with timeout = None
2023-03-07 20:31:05,084 - DiscoveryAppln INFO - control back to event loop
2023-03-07 20:31:05,084 - DiscoveryAppln DEBUG - waiting for events...
2023-03-07 20:31:05,096 - DiscoveryAppln DEBUG - {<zmq.Socket(zmq.REP) at 0x7ff7a55456c0>: 1}
2023-03-07 20:31:05,097 - DiscoveryAppln DEBUG - Calling handle_request()
2023-03-07 20:31:05,097 - DiscoveryAppln INFO - DiscoveryMW::handle_request:
2023-03-07 20:31:05,098 - DiscoveryAppln INFO - DiscoveryAppln::handle_register endpoint
2023-03-07 20:31:05,098 - DiscoveryAppln INFO - DiscoveryAppln::handle_register checking if name is unique
2023-03-07 20:31:05,098 - DiscoveryAppln INFO - DiscoveryAppln::handle_register already registered
2023-03-07 20:31:05,098 - DiscoveryAppln DEBUG - DiscoveryMW::register_reply
2023-03-07 20:31:05,098 - DiscoveryAppln DEBUG - DiscoveryMW::register_reply: done building reply
2023-03-07 20:31:05,098 - DiscoveryAppln DEBUG - Stringified serialized buffer = b'\x08\x05*\x18\x08\x01\x12\x04pub2\x18\xa9\x8f\xf5\xd6\x98\xd2-(\x83\xb3\xe0\xa2\x93\xdc\x0f'
2023-03-07 20:31:05,098 - DiscoveryAppln DEBUG - DiscoveryMW::register_reply: send reply
2023-03-07 20:31:05,098 - DiscoveryAppln INFO - DiscoveryMW::register_reply: done replying to client register request
2023-03-07 20:31:05,098 - DiscoveryAppln DEBUG - DiscoveryMW::handle_request: done handling request with timeout = None
2023-03-07 20:31:05,098 - DiscoveryAppln INFO - control back to event loop
2023-03-07 20:31:05,098 - DiscoveryAppln DEBUG - waiting for events...
2023-03-07 20:31:05,314 - DiscoveryAppln DEBUG - {<zmq.Socket(zmq.REP) at 0x7ff7a55456c0>: 1}
2023-03-07 20:31:05,314 - DiscoveryAppln DEBUG - Calling handle_request()
2023-03-07 20:31:05,314 - DiscoveryAppln INFO - DiscoveryMW::handle_request:
2023-03-07 20:31:05,314 - DiscoveryAppln DEBUG - DiscoveryAppln::isready_loop src = 200736216270761
2023-03-07 20:31:05,315 - DiscoveryAppln DEBUG - DiscoveryAppln::isready_loop current node = 69136966752643
2023-03-07 20:31:05,315 - DiscoveryAppln INFO - DiscoveryMW::propagateIsReady: building dht request to send to disc17 from src disc6
2023-03-07 20:31:05,315 - DiscoveryAppln DEBUG - DiscoveryMW::propagateIsReaedy: done building dht request
2023-03-07 20:31:05,315 - DiscoveryAppln DEBUG - Stringified serialized buffer = b'\x08\x062\n\x10\x01\x18\xa9\x8f\xf5\xd6\x98\xd2-'
2023-03-07 20:31:05,315 - DiscoveryAppln DEBUG - DiscoveryMW::propagateIsReady: next not in send_buffer, initializing empty
2023-03-07 20:31:05,315 - DiscoveryAppln INFO - DiscoveryMW::propagateIsReady: done sending dht request
2023-03-07 20:31:05,315 - DiscoveryAppln DEBUG - DiscoveryMW::handle_request: done handling request with timeout = None
2023-03-07 20:31:05,315 - DiscoveryAppln INFO - control back to event loop
2023-03-07 20:31:05,317 - DiscoveryAppln DEBUG - waiting for events...
