2023-03-07 20:31:04,700 - root INFO - Main - acquire a child logger and then log messages in the child
2023-03-07 20:31:04,701 - DiscoveryAppln DEBUG - Main: parse command line arguments
2023-03-07 20:31:04,722 - DiscoveryAppln DEBUG - Main: resetting log level to 10
2023-03-07 20:31:04,722 - DiscoveryAppln DEBUG - Main: effective log level is 10
2023-03-07 20:31:04,722 - DiscoveryAppln DEBUG - Main: obtain a discovery application object
2023-03-07 20:31:04,722 - DiscoveryAppln DEBUG - Main: configure the discovery application object
2023-03-07 20:31:04,722 - DiscoveryAppln INFO - DiscoveryAppln::configure
2023-03-07 20:31:04,722 - DiscoveryAppln DEBUG - DiscoveryAppln::configure - parsing config.ini
2023-03-07 20:31:04,723 - DiscoveryAppln DEBUG - DiscoveryAppln::configure - setup underlying middleware object
2023-03-07 20:31:04,723 - DiscoveryAppln DEBUG - DiscoveryAppln::configure - getting hash and finger table
2023-03-07 20:31:04,723 - DiscoveryAppln INFO - DiscoveryMW::configure
2023-03-07 20:31:04,735 - DiscoveryAppln DEBUG - DiscoveryMW::configure: obtain ZMQ context
2023-03-07 20:31:04,739 - DiscoveryAppln DEBUG - DiscoveryMW::configure: create ZMQ POLLER
2023-03-07 20:31:04,739 - DiscoveryAppln DEBUG - DiscoveryMW::configure: create ZMQ REP socket
2023-03-07 20:31:04,742 - DiscoveryAppln DEBUG - DiscoveryMW::configure: register poller
2023-03-07 20:31:04,742 - DiscoveryAppln DEBUG - DiscoveryMW::configure: bind REP socket to address
2023-03-07 20:31:04,743 - DiscoveryAppln DEBUG - DiscoveryMW::configure: reading hash to ip json
2023-03-07 20:31:04,744 - DiscoveryAppln INFO - DiscoveryMW::configure completed
2023-03-07 20:31:04,745 - DiscoveryAppln DEBUG - DiscoveryAppln::configure - generating table for node
2023-03-07 20:31:04,745 - DiscoveryAppln DEBUG - DiscoveryMW::connectTable: connecting to all nodes in finger table
2023-03-07 20:31:04,759 - DiscoveryAppln DEBUG - DiscoveryMW::connectTable: 269907035879001 - <zmq.Socket(zmq.REQ) at 0x7fc2b2541600> connected to disc19
2023-03-07 20:31:04,760 - DiscoveryAppln DEBUG - DiscoveryMW::connectTable: 20187637881426 - <zmq.Socket(zmq.REQ) at 0x7fc2b2541660> connected to disc10
2023-03-07 20:31:04,760 - DiscoveryAppln DEBUG - DiscoveryMW::connectTable: 32900113021510 - <zmq.Socket(zmq.REQ) at 0x7fc2b25416c0> connected to disc5
2023-03-07 20:31:04,760 - DiscoveryAppln DEBUG - DiscoveryMW::connectTable: 118585073127976 - <zmq.Socket(zmq.REQ) at 0x7fc2b2541720> connected to disc20
2023-03-07 20:31:04,760 - DiscoveryAppln DEBUG - DiscoveryMW::connectTable: connected in dictionary self.req
2023-03-07 20:31:04,760 - DiscoveryAppln INFO - DiscoveryAppln::configure completed
2023-03-07 20:31:04,760 - DiscoveryAppln DEBUG - Main: invoke the discovery application driver
2023-03-07 20:31:04,760 - DiscoveryAppln INFO - DiscoveryAppln::driver
2023-03-07 20:31:04,760 - DiscoveryAppln INFO - **********************************
2023-03-07 20:31:04,760 - DiscoveryAppln INFO - DiscoveryAppln::dump
2023-03-07 20:31:04,761 - DiscoveryAppln INFO - ------------------------------
2023-03-07 20:31:04,761 - DiscoveryAppln INFO -      Lookup: Distributed
2023-03-07 20:31:04,761 - DiscoveryAppln INFO -      Dissemination: Direct
2023-03-07 20:31:04,761 - DiscoveryAppln INFO -      Expected Subscribers: 1
2023-03-07 20:31:04,761 - DiscoveryAppln INFO -      Expected Publishers: 1
2023-03-07 20:31:04,761 - DiscoveryAppln INFO - **********************************
2023-03-07 20:31:04,761 - DiscoveryAppln DEBUG - DiscoveryAppln::driver - setting upcall handle
2023-03-07 20:31:04,761 - DiscoveryAppln INFO - DiscoveryMW::event_loop: start
2023-03-07 20:31:04,761 - DiscoveryAppln DEBUG - waiting for events...
2023-03-07 20:31:04,761 - DiscoveryAppln DEBUG - {}
2023-03-07 20:31:04,761 - DiscoveryAppln INFO - DiscoveryAppln::invoke_operation
2023-03-07 20:31:04,761 - DiscoveryAppln INFO - control back to event loop
2023-03-07 20:31:04,761 - DiscoveryAppln DEBUG - waiting for events...
2023-03-07 20:31:05,297 - DiscoveryAppln DEBUG - {<zmq.Socket(zmq.REP) at 0x7fc2b25415a0>: 1}
2023-03-07 20:31:05,297 - DiscoveryAppln DEBUG - Calling handle_request()
2023-03-07 20:31:05,297 - DiscoveryAppln INFO - DiscoveryMW::handle_request:
2023-03-07 20:31:05,297 - DiscoveryAppln DEBUG - DiscoveryAppln::isready_loop src = 200736216270761
2023-03-07 20:31:05,297 - DiscoveryAppln DEBUG - DiscoveryAppln::isready_loop current node = 235620439270881
2023-03-07 20:31:05,297 - DiscoveryAppln INFO - DiscoveryMW::propagateIsReady: building dht request to send to disc19 from src disc6
2023-03-07 20:31:05,297 - DiscoveryAppln DEBUG - DiscoveryMW::propagateIsReaedy: done building dht request
2023-03-07 20:31:05,298 - DiscoveryAppln DEBUG - Stringified serialized buffer = b'\x08\x062\n\x10\x01\x18\xa9\x8f\xf5\xd6\x98\xd2-'
2023-03-07 20:31:05,298 - DiscoveryAppln DEBUG - DiscoveryMW::propagateIsReady: next not in send_buffer, initializing empty
2023-03-07 20:31:05,298 - DiscoveryAppln INFO - DiscoveryMW::propagateIsReady: done sending dht request
2023-03-07 20:31:05,298 - DiscoveryAppln DEBUG - DiscoveryMW::handle_request: done handling request with timeout = None
2023-03-07 20:31:05,298 - DiscoveryAppln INFO - control back to event loop
2023-03-07 20:31:05,298 - DiscoveryAppln DEBUG - waiting for events...
