2023-03-07 20:31:04,777 - root INFO - Main - acquire a child logger and then log messages in the child
2023-03-07 20:31:04,789 - DiscoveryAppln DEBUG - Main: parse command line arguments
2023-03-07 20:31:04,802 - DiscoveryAppln DEBUG - Main: resetting log level to 10
2023-03-07 20:31:04,802 - DiscoveryAppln DEBUG - Main: effective log level is 10
2023-03-07 20:31:04,802 - DiscoveryAppln DEBUG - Main: obtain a discovery application object
2023-03-07 20:31:04,802 - DiscoveryAppln DEBUG - Main: configure the discovery application object
2023-03-07 20:31:04,802 - DiscoveryAppln INFO - DiscoveryAppln::configure
2023-03-07 20:31:04,802 - DiscoveryAppln DEBUG - DiscoveryAppln::configure - parsing config.ini
2023-03-07 20:31:04,829 - DiscoveryAppln DEBUG - DiscoveryAppln::configure - setup underlying middleware object
2023-03-07 20:31:04,829 - DiscoveryAppln DEBUG - DiscoveryAppln::configure - getting hash and finger table
2023-03-07 20:31:04,829 - DiscoveryAppln INFO - DiscoveryMW::configure
2023-03-07 20:31:04,830 - DiscoveryAppln DEBUG - DiscoveryMW::configure: obtain ZMQ context
2023-03-07 20:31:04,830 - DiscoveryAppln DEBUG - DiscoveryMW::configure: create ZMQ POLLER
2023-03-07 20:31:04,830 - DiscoveryAppln DEBUG - DiscoveryMW::configure: create ZMQ REP socket
2023-03-07 20:31:04,830 - DiscoveryAppln DEBUG - DiscoveryMW::configure: register poller
2023-03-07 20:31:04,830 - DiscoveryAppln DEBUG - DiscoveryMW::configure: bind REP socket to address
2023-03-07 20:31:04,830 - DiscoveryAppln DEBUG - DiscoveryMW::configure: reading hash to ip json
2023-03-07 20:31:04,830 - DiscoveryAppln INFO - DiscoveryMW::configure completed
2023-03-07 20:31:04,831 - DiscoveryAppln DEBUG - DiscoveryAppln::configure - generating table for node
2023-03-07 20:31:04,831 - DiscoveryAppln DEBUG - DiscoveryMW::connectTable: connecting to all nodes in finger table
2023-03-07 20:31:04,853 - DiscoveryAppln DEBUG - DiscoveryMW::connectTable: 153407455842584 - <zmq.Socket(zmq.REQ) at 0x7f6c77141780> connected to disc18
2023-03-07 20:31:04,853 - DiscoveryAppln DEBUG - DiscoveryMW::connectTable: 154413254332420 - <zmq.Socket(zmq.REQ) at 0x7f6c777b4d00> connected to disc1
2023-03-07 20:31:04,853 - DiscoveryAppln DEBUG - DiscoveryMW::connectTable: 200736216270761 - <zmq.Socket(zmq.REQ) at 0x7f6c771417e0> connected to disc6
2023-03-07 20:31:04,853 - DiscoveryAppln DEBUG - DiscoveryMW::connectTable: 221923006406920 - <zmq.Socket(zmq.REQ) at 0x7f6c77141840> connected to disc3
2023-03-07 20:31:04,853 - DiscoveryAppln DEBUG - DiscoveryMW::connectTable: 20187637881426 - <zmq.Socket(zmq.REQ) at 0x7f6c771418a0> connected to disc10
2023-03-07 20:31:04,854 - DiscoveryAppln DEBUG - DiscoveryMW::connectTable: connected in dictionary self.req
2023-03-07 20:31:04,854 - DiscoveryAppln INFO - DiscoveryAppln::configure completed
2023-03-07 20:31:04,854 - DiscoveryAppln DEBUG - Main: invoke the discovery application driver
2023-03-07 20:31:04,854 - DiscoveryAppln INFO - DiscoveryAppln::driver
2023-03-07 20:31:04,854 - DiscoveryAppln INFO - **********************************
2023-03-07 20:31:04,854 - DiscoveryAppln INFO - DiscoveryAppln::dump
2023-03-07 20:31:04,854 - DiscoveryAppln INFO - ------------------------------
2023-03-07 20:31:04,854 - DiscoveryAppln INFO -      Lookup: Distributed
2023-03-07 20:31:04,854 - DiscoveryAppln INFO -      Dissemination: Direct
2023-03-07 20:31:04,854 - DiscoveryAppln INFO -      Expected Subscribers: 1
2023-03-07 20:31:04,854 - DiscoveryAppln INFO -      Expected Publishers: 1
2023-03-07 20:31:04,854 - DiscoveryAppln INFO - **********************************
2023-03-07 20:31:04,854 - DiscoveryAppln DEBUG - DiscoveryAppln::driver - setting upcall handle
2023-03-07 20:31:04,854 - DiscoveryAppln INFO - DiscoveryMW::event_loop: start
2023-03-07 20:31:04,854 - DiscoveryAppln DEBUG - waiting for events...
2023-03-07 20:31:04,854 - DiscoveryAppln DEBUG - {}
2023-03-07 20:31:04,854 - DiscoveryAppln INFO - DiscoveryAppln::invoke_operation
2023-03-07 20:31:04,854 - DiscoveryAppln INFO - control back to event loop
2023-03-07 20:31:04,854 - DiscoveryAppln DEBUG - waiting for events...
2023-03-07 20:31:05,259 - DiscoveryAppln DEBUG - {<zmq.Socket(zmq.REP) at 0x7f6c77141720>: 1}
2023-03-07 20:31:05,259 - DiscoveryAppln DEBUG - Calling handle_request()
2023-03-07 20:31:05,259 - DiscoveryAppln INFO - DiscoveryMW::handle_request:
2023-03-07 20:31:05,259 - DiscoveryAppln INFO - DiscoveryAppln::handle_register building requests and sending them to chord
2023-03-07 20:31:05,260 - DiscoveryAppln DEBUG - ExperimentGenerator::hash_func
2023-03-07 20:31:05,260 - DiscoveryAppln INFO - DiscoveryAppln::register_chord received chord request for hash 252781037047356
2023-03-07 20:31:05,260 - DiscoveryAppln INFO - DiscoveryAppln::closest_preceding_node - found closest preceding node 221923006406920
2023-03-07 20:31:05,260 - DiscoveryAppln INFO - DiscoveryAppln::register_chord - propagating lookup request to node 221923006406920 
2023-03-07 20:31:05,260 - DiscoveryAppln INFO - DiscoveryMW::propagateRegister: building dht request to send to disc3
2023-03-07 20:31:05,260 - DiscoveryAppln DEBUG - DiscoveryMW::propagateRegister: done building dht request
2023-03-07 20:31:05,260 - DiscoveryAppln DEBUG - Stringified serialized buffer = b'\x08\x05*k\x08\x01\x12\x13\n\x04pub1\x12\x0810.0.0.7\x18\xc9+\x1a\x07weather\x1a\x0btemperature\x1a\x05light\x1a\nairquality\x1a\x08location\x1a\x08humidity\x1a\x05sound(\xbc\x9c\xad\xdf\xf2\xbc90\x8b\xd2\xb8\xfb\xbc\xb4"'
2023-03-07 20:31:05,260 - DiscoveryAppln DEBUG - DiscoveryMW::propagateRegister: next not in send_buffer, initializing empty
2023-03-07 20:31:05,260 - DiscoveryAppln INFO - DiscoveryMW::propagateRegister: sending dht request
2023-03-07 20:31:05,260 - DiscoveryAppln INFO - DiscoveryMW::propagateRegister: next = <zmq.Socket(zmq.REQ) at 0x7f6c77141840>
2023-03-07 20:31:05,260 - DiscoveryAppln INFO - DiscoveryMW::propagateRegister: done sending dht request
2023-03-07 20:31:05,260 - DiscoveryAppln DEBUG - ExperimentGenerator::hash_func
2023-03-07 20:31:05,260 - DiscoveryAppln INFO - DiscoveryAppln::register_chord received chord request for hash 196901406296948
2023-03-07 20:31:05,260 - DiscoveryAppln INFO - DiscoveryAppln::closest_preceding_node - found closest preceding node 154413254332420
2023-03-07 20:31:05,261 - DiscoveryAppln INFO - DiscoveryAppln::register_chord - propagating lookup request to node 154413254332420 
2023-03-07 20:31:05,261 - DiscoveryAppln INFO - DiscoveryMW::propagateRegister: building dht request to send to disc1
2023-03-07 20:31:05,261 - DiscoveryAppln DEBUG - DiscoveryMW::propagateRegister: done building dht request
2023-03-07 20:31:05,261 - DiscoveryAppln DEBUG - Stringified serialized buffer = b'\x08\x05*k\x08\x01\x12\x13\n\x04pub1\x12\x0810.0.0.7\x18\xc9+\x1a\x07weather\x1a\x0btemperature\x1a\x05light\x1a\nairquality\x1a\x08location\x1a\x08humidity\x1a\x05sound(\xf4\x96\x83\xf3\xca\xe2,0\x8b\xd2\xb8\xfb\xbc\xb4"'
2023-03-07 20:31:05,261 - DiscoveryAppln DEBUG - DiscoveryMW::propagateRegister: next not in send_buffer, initializing empty
2023-03-07 20:31:05,261 - DiscoveryAppln INFO - DiscoveryMW::propagateRegister: sending dht request
2023-03-07 20:31:05,261 - DiscoveryAppln INFO - DiscoveryMW::propagateRegister: next = <zmq.Socket(zmq.REQ) at 0x7f6c777b4d00>
2023-03-07 20:31:05,261 - DiscoveryAppln INFO - DiscoveryMW::propagateRegister: done sending dht request
2023-03-07 20:31:05,261 - DiscoveryAppln DEBUG - ExperimentGenerator::hash_func
2023-03-07 20:31:05,261 - DiscoveryAppln INFO - DiscoveryAppln::register_chord received chord request for hash 168942578528980
2023-03-07 20:31:05,261 - DiscoveryAppln INFO - DiscoveryAppln::closest_preceding_node - found closest preceding node 154413254332420
2023-03-07 20:31:05,261 - DiscoveryAppln INFO - DiscoveryAppln::register_chord - propagating lookup request to node 154413254332420 
2023-03-07 20:31:05,262 - DiscoveryAppln INFO - DiscoveryMW::propagateRegister: building dht request to send to disc1
2023-03-07 20:31:05,262 - DiscoveryAppln DEBUG - DiscoveryMW::propagateRegister: done building dht request
2023-03-07 20:31:05,262 - DiscoveryAppln DEBUG - Stringified serialized buffer = b'\x08\x05*k\x08\x01\x12\x13\n\x04pub1\x12\x0810.0.0.7\x18\xc9+\x1a\x07weather\x1a\x0btemperature\x1a\x05light\x1a\nairquality\x1a\x08location\x1a\x08humidity\x1a\x05sound(\xd4\xe5\x85\x93\xf0\xb4&0\x8b\xd2\xb8\xfb\xbc\xb4"'
2023-03-07 20:31:05,262 - DiscoveryAppln INFO - DiscoveryMW::propagateRegister: socket busy, queueing dht request
2023-03-07 20:31:05,262 - DiscoveryAppln DEBUG - ExperimentGenerator::hash_func
2023-03-07 20:31:05,262 - DiscoveryAppln INFO - DiscoveryAppln::register_chord received chord request for hash 252913784501280
2023-03-07 20:31:05,262 - DiscoveryAppln INFO - DiscoveryAppln::closest_preceding_node - found closest preceding node 221923006406920
2023-03-07 20:31:05,262 - DiscoveryAppln INFO - DiscoveryAppln::register_chord - propagating lookup request to node 221923006406920 
2023-03-07 20:31:05,262 - DiscoveryAppln INFO - DiscoveryMW::propagateRegister: building dht request to send to disc3
2023-03-07 20:31:05,262 - DiscoveryAppln DEBUG - DiscoveryMW::propagateRegister: done building dht request
2023-03-07 20:31:05,262 - DiscoveryAppln DEBUG - Stringified serialized buffer = b'\x08\x05*k\x08\x01\x12\x13\n\x04pub1\x12\x0810.0.0.7\x18\xc9+\x1a\x07weather\x1a\x0btemperature\x1a\x05light\x1a\nairquality\x1a\x08location\x1a\x08humidity\x1a\x05sound(\xa0\xe8\xa2\xa2\xe1\xc090\x8b\xd2\xb8\xfb\xbc\xb4"'
2023-03-07 20:31:05,262 - DiscoveryAppln INFO - DiscoveryMW::propagateRegister: socket busy, queueing dht request
2023-03-07 20:31:05,264 - DiscoveryAppln DEBUG - ExperimentGenerator::hash_func
2023-03-07 20:31:05,264 - DiscoveryAppln INFO - DiscoveryAppln::register_chord received chord request for hash 253896624236677
2023-03-07 20:31:05,264 - DiscoveryAppln INFO - DiscoveryAppln::closest_preceding_node - found closest preceding node 221923006406920
2023-03-07 20:31:05,264 - DiscoveryAppln INFO - DiscoveryAppln::register_chord - propagating lookup request to node 221923006406920 
2023-03-07 20:31:05,264 - DiscoveryAppln INFO - DiscoveryMW::propagateRegister: building dht request to send to disc3
2023-03-07 20:31:05,264 - DiscoveryAppln DEBUG - DiscoveryMW::propagateRegister: done building dht request
2023-03-07 20:31:05,264 - DiscoveryAppln DEBUG - Stringified serialized buffer = b'\x08\x05*k\x08\x01\x12\x13\n\x04pub1\x12\x0810.0.0.7\x18\xc9+\x1a\x07weather\x1a\x0btemperature\x1a\x05light\x1a\nairquality\x1a\x08location\x1a\x08humidity\x1a\x05sound(\x85\xd1\xe3\xd0\xae\xdd90\x8b\xd2\xb8\xfb\xbc\xb4"'
2023-03-07 20:31:05,265 - DiscoveryAppln INFO - DiscoveryMW::propagateRegister: socket busy, queueing dht request
2023-03-07 20:31:05,265 - DiscoveryAppln DEBUG - ExperimentGenerator::hash_func
2023-03-07 20:31:05,265 - DiscoveryAppln INFO - DiscoveryAppln::register_chord received chord request for hash 204782700643486
2023-03-07 20:31:05,265 - DiscoveryAppln INFO - DiscoveryAppln::closest_preceding_node - found closest preceding node 200736216270761
2023-03-07 20:31:05,265 - DiscoveryAppln INFO - DiscoveryAppln::register_chord - propagating lookup request to node 200736216270761 
2023-03-07 20:31:05,265 - DiscoveryAppln INFO - DiscoveryMW::propagateRegister: building dht request to send to disc6
2023-03-07 20:31:05,265 - DiscoveryAppln DEBUG - DiscoveryMW::propagateRegister: done building dht request
2023-03-07 20:31:05,265 - DiscoveryAppln DEBUG - Stringified serialized buffer = b'\x08\x05*k\x08\x01\x12\x13\n\x04pub1\x12\x0810.0.0.7\x18\xc9+\x1a\x07weather\x1a\x0btemperature\x1a\x05light\x1a\nairquality\x1a\x08location\x1a\x08humidity\x1a\x05sound(\x9e\x89\x83\x81\xfb\xc7.0\x8b\xd2\xb8\xfb\xbc\xb4"'
2023-03-07 20:31:05,265 - DiscoveryAppln DEBUG - DiscoveryMW::propagateRegister: next not in send_buffer, initializing empty
2023-03-07 20:31:05,265 - DiscoveryAppln INFO - DiscoveryMW::propagateRegister: sending dht request
2023-03-07 20:31:05,265 - DiscoveryAppln INFO - DiscoveryMW::propagateRegister: next = <zmq.Socket(zmq.REQ) at 0x7f6c771417e0>
2023-03-07 20:31:05,265 - DiscoveryAppln INFO - DiscoveryMW::propagateRegister: done sending dht request
2023-03-07 20:31:05,265 - DiscoveryAppln DEBUG - ExperimentGenerator::hash_func
2023-03-07 20:31:05,265 - DiscoveryAppln INFO - DiscoveryAppln::register_chord received chord request for hash 243169307258022
2023-03-07 20:31:05,265 - DiscoveryAppln INFO - DiscoveryAppln::closest_preceding_node - found closest preceding node 221923006406920
2023-03-07 20:31:05,265 - DiscoveryAppln INFO - DiscoveryAppln::register_chord - propagating lookup request to node 221923006406920 
2023-03-07 20:31:05,265 - DiscoveryAppln INFO - DiscoveryMW::propagateRegister: building dht request to send to disc3
2023-03-07 20:31:05,266 - DiscoveryAppln DEBUG - DiscoveryMW::propagateRegister: done building dht request
2023-03-07 20:31:05,266 - DiscoveryAppln DEBUG - Stringified serialized buffer = b'\x08\x05*k\x08\x01\x12\x13\n\x04pub1\x12\x0810.0.0.7\x18\xc9+\x1a\x07weather\x1a\x0btemperature\x1a\x05light\x1a\nairquality\x1a\x08location\x1a\x08humidity\x1a\x05sound(\xa6\xd9\xb7\xa1\x94\xa570\x8b\xd2\xb8\xfb\xbc\xb4"'
2023-03-07 20:31:05,266 - DiscoveryAppln INFO - DiscoveryMW::propagateRegister: socket busy, queueing dht request
2023-03-07 20:31:05,266 - DiscoveryAppln INFO - DiscoveryAppln::handle_register sent 7 requests
2023-03-07 20:31:05,266 - DiscoveryAppln INFO - DiscoveryAppln::handle_register increment number of seen publishers
2023-03-07 20:31:05,266 - DiscoveryAppln DEBUG - DiscoveryMW::handle_request: done handling request with timeout = None
2023-03-07 20:31:05,266 - DiscoveryAppln INFO - control back to event loop
2023-03-07 20:31:05,266 - DiscoveryAppln DEBUG - waiting for events...
2023-03-07 20:31:05,266 - DiscoveryAppln DEBUG - {<zmq.Socket(zmq.REQ) at 0x7f6c777b4d00>: 1}
2023-03-07 20:31:05,266 - DiscoveryAppln DEBUG - Calling handle_reply() for hash 154413254332420
2023-03-07 20:31:05,266 - DiscoveryAppln INFO - DiscoveryMW::handle_reply:
2023-03-07 20:31:05,266 - DiscoveryAppln INFO - DiscoveryMW::handle_reply: received a reply from disc1
2023-03-07 20:31:05,266 - DiscoveryAppln INFO - DiscoveryAppln::handle_register_reply_dht received reply from node 154413254332420
2023-03-07 20:31:05,266 - DiscoveryAppln INFO - DiscoveryAppln::handle_register_reply_dht reply at source
2023-03-07 20:31:05,266 - DiscoveryAppln DEBUG - DiscoveryAppln::handle_register_reply_dht 6 requests left
2023-03-07 20:31:05,266 - DiscoveryAppln INFO - DiscoveryMW::handle_reply: checking buffer of next is 154413254332420
2023-03-07 20:31:05,266 - DiscoveryAppln INFO - DiscoveryMW::handle_reply: sending next message in buffer to disc1
2023-03-07 20:31:05,266 - DiscoveryAppln DEBUG - DiscoveryMW::handle_request: done handling reply with timeout None
2023-03-07 20:31:05,267 - DiscoveryAppln INFO - control back to event loop
2023-03-07 20:31:05,267 - DiscoveryAppln DEBUG - waiting for events...
2023-03-07 20:31:05,268 - DiscoveryAppln DEBUG - {<zmq.Socket(zmq.REQ) at 0x7f6c777b4d00>: 1}
2023-03-07 20:31:05,268 - DiscoveryAppln DEBUG - Calling handle_reply() for hash 154413254332420
2023-03-07 20:31:05,268 - DiscoveryAppln INFO - DiscoveryMW::handle_reply:
2023-03-07 20:31:05,268 - DiscoveryAppln INFO - DiscoveryMW::handle_reply: received a reply from disc1
2023-03-07 20:31:05,268 - DiscoveryAppln INFO - DiscoveryAppln::handle_register_reply_dht received reply from node 154413254332420
2023-03-07 20:31:05,268 - DiscoveryAppln INFO - DiscoveryAppln::handle_register_reply_dht reply at source
2023-03-07 20:31:05,268 - DiscoveryAppln DEBUG - DiscoveryAppln::handle_register_reply_dht 5 requests left
2023-03-07 20:31:05,268 - DiscoveryAppln INFO - DiscoveryMW::handle_reply: checking buffer of next is 154413254332420
2023-03-07 20:31:05,268 - DiscoveryAppln DEBUG - DiscoveryMW::handle_request: done handling reply with timeout None
2023-03-07 20:31:05,268 - DiscoveryAppln INFO - control back to event loop
2023-03-07 20:31:05,268 - DiscoveryAppln DEBUG - waiting for events...
2023-03-07 20:31:05,294 - DiscoveryAppln DEBUG - {<zmq.Socket(zmq.REQ) at 0x7f6c771417e0>: 1}
2023-03-07 20:31:05,294 - DiscoveryAppln DEBUG - Calling handle_reply() for hash 200736216270761
2023-03-07 20:31:05,294 - DiscoveryAppln INFO - DiscoveryMW::handle_reply:
2023-03-07 20:31:05,295 - DiscoveryAppln INFO - DiscoveryMW::handle_reply: received a reply from disc6
2023-03-07 20:31:05,295 - DiscoveryAppln INFO - DiscoveryAppln::handle_register_reply_dht received reply from node 200736216270761
2023-03-07 20:31:05,295 - DiscoveryAppln INFO - DiscoveryAppln::handle_register_reply_dht reply at source
2023-03-07 20:31:05,295 - DiscoveryAppln DEBUG - DiscoveryAppln::handle_register_reply_dht 4 requests left
2023-03-07 20:31:05,295 - DiscoveryAppln INFO - DiscoveryMW::handle_reply: checking buffer of next is 200736216270761
2023-03-07 20:31:05,295 - DiscoveryAppln DEBUG - DiscoveryMW::handle_request: done handling reply with timeout None
2023-03-07 20:31:05,295 - DiscoveryAppln INFO - control back to event loop
2023-03-07 20:31:05,295 - DiscoveryAppln DEBUG - waiting for events...
