2023-03-07 20:31:04,986 - root - INFO - Main - acquire a child logger and then log messages in the child
2023-03-07 20:31:04,986 - PublisherAppln - DEBUG - Main: parse command line arguments
2023-03-07 20:31:04,990 - PublisherAppln - DEBUG - Main: resetting log level to 20
2023-03-07 20:31:04,990 - PublisherAppln - INFO - PublisherAppln::configure
2023-03-07 20:31:04,991 - PublisherAppln - INFO - PublisherAppln::configure - discovery choice: disc6
2023-03-07 20:31:04,991 - PublisherAppln - INFO - PublisherMW::configure
2023-03-07 20:31:05,007 - PublisherAppln - INFO - PublisherMW::configure completed
2023-03-07 20:31:05,010 - PublisherAppln - INFO - PublisherAppln::configure - configuration complete
2023-03-07 20:31:05,010 - PublisherAppln - INFO - PublisherAppln::driver
2023-03-07 20:31:05,011 - PublisherAppln - INFO - **********************************
2023-03-07 20:31:05,011 - PublisherAppln - INFO - PublisherAppln::dump
2023-03-07 20:31:05,011 - PublisherAppln - INFO - ------------------------------
2023-03-07 20:31:05,011 - PublisherAppln - INFO -      Name: pub2
2023-03-07 20:31:05,011 - PublisherAppln - INFO -      Lookup: Distributed
2023-03-07 20:31:05,011 - PublisherAppln - INFO -      Dissemination: Direct
2023-03-07 20:31:05,011 - PublisherAppln - INFO -      Num Topics: 7
2023-03-07 20:31:05,011 - PublisherAppln - INFO -      TopicList: ['location', 'sound', 'pressure', 'humidity', 'light', 'temperature', 'altitude']
2023-03-07 20:31:05,011 - PublisherAppln - INFO -      Iterations: 1000
2023-03-07 20:31:05,011 - PublisherAppln - INFO -      Frequency: 1
2023-03-07 20:31:05,011 - PublisherAppln - INFO - **********************************
2023-03-07 20:31:05,011 - PublisherAppln - INFO - PublisherMW::event_loop - run the event loop
2023-03-07 20:31:05,012 - PublisherAppln - INFO - PublisherAppln::invoke_operation
2023-03-07 20:31:05,012 - PublisherAppln - INFO - PublisherAppln::invoke_operation - state = State.REGISTER
2023-03-07 20:31:05,012 - PublisherAppln - INFO - PublisherMW::register
2023-03-07 20:31:05,012 - PublisherAppln - INFO - PublisherMW::register - sent register message and now now wait for reply
2023-03-07 20:31:05,292 - PublisherAppln - INFO - PublisherMW::handle_reply
2023-03-07 20:31:05,293 - PublisherAppln - INFO - PublisherAppln::register_response
2023-03-07 20:31:05,293 - PublisherAppln - INFO - PublisherAppln::invoke_operation
2023-03-07 20:31:05,293 - PublisherAppln - INFO - PublisherAppln::invoke_operation - state = State.ISREADY
2023-03-07 20:31:05,293 - PublisherAppln - INFO - PublisherMW::is_ready
2023-03-07 20:31:05,293 - PublisherAppln - INFO - PublisherMW::is_ready - request sent and now wait for reply
