2023-03-17 15:46:11,082 - root - INFO - Main - acquire a child logger and then log messages in the child
2023-03-17 15:46:11,103 - PublisherAppln - DEBUG - Main: parse command line arguments
2023-03-17 15:46:11,181 - PublisherAppln - DEBUG - Main: resetting log level to 20
2023-03-17 15:46:11,182 - PublisherAppln - INFO - PublisherAppln::configure
2023-03-17 15:46:11,204 - PublisherAppln - INFO - PublisherAppln::configure - discovery choice: disc12
2023-03-17 15:46:11,204 - PublisherAppln - INFO - PublisherMW::configure
2023-03-17 15:46:11,207 - PublisherAppln - INFO - PublisherMW::configure completed
2023-03-17 15:46:11,207 - PublisherAppln - INFO - PublisherAppln::configure - configuration complete
2023-03-17 15:46:11,217 - PublisherAppln - INFO - PublisherAppln::driver
2023-03-17 15:46:11,217 - PublisherAppln - INFO - **********************************
2023-03-17 15:46:11,217 - PublisherAppln - INFO - PublisherAppln::dump
2023-03-17 15:46:11,217 - PublisherAppln - INFO - ------------------------------
2023-03-17 15:46:11,217 - PublisherAppln - INFO -      Name: pub4
2023-03-17 15:46:11,217 - PublisherAppln - INFO -      Lookup: Distributed
2023-03-17 15:46:11,217 - PublisherAppln - INFO -      Dissemination: Direct
2023-03-17 15:46:11,217 - PublisherAppln - INFO -      Num Topics: 9
2023-03-17 15:46:11,217 - PublisherAppln - INFO -      TopicList: ['airquality', 'light', 'pressure', 'altitude', 'location', 'weather', 'sound', 'humidity', 'temperature']
2023-03-17 15:46:11,217 - PublisherAppln - INFO -      Iterations: 1000
2023-03-17 15:46:11,217 - PublisherAppln - INFO -      Frequency: 1
2023-03-17 15:46:11,217 - PublisherAppln - INFO - **********************************
2023-03-17 15:46:11,217 - PublisherAppln - INFO - PublisherMW::event_loop - run the event loop
2023-03-17 15:46:11,218 - PublisherAppln - INFO - PublisherAppln::invoke_operation
2023-03-17 15:46:11,218 - PublisherAppln - INFO - PublisherAppln::invoke_operation - state = State.REGISTER
2023-03-17 15:46:11,218 - PublisherAppln - INFO - PublisherMW::register
2023-03-17 15:46:11,218 - PublisherAppln - INFO - PublisherMW::register - sent register message and now now wait for reply
2023-03-17 15:46:11,311 - PublisherAppln - INFO - PublisherMW::handle_reply
2023-03-17 15:46:11,311 - PublisherAppln - INFO - PublisherAppln::register_response
2023-03-17 15:46:11,311 - PublisherAppln - INFO - PublisherAppln::invoke_operation
2023-03-17 15:46:11,311 - PublisherAppln - INFO - PublisherAppln::invoke_operation - state = State.ISREADY
2023-03-17 15:46:11,311 - PublisherAppln - INFO - PublisherMW::is_ready
2023-03-17 15:46:11,312 - PublisherAppln - INFO - PublisherMW::is_ready - request sent and now wait for reply
2023-03-17 15:46:11,448 - PublisherAppln - INFO - PublisherMW::handle_reply
2023-03-17 15:46:11,449 - PublisherAppln - INFO - PublisherAppln::isready_response
2023-03-17 15:46:21,458 - PublisherAppln - INFO - PublisherAppln::invoke_operation
2023-03-17 15:46:21,459 - PublisherAppln - INFO - PublisherAppln::invoke_operation - state = State.ISREADY
2023-03-17 15:46:21,459 - PublisherAppln - INFO - PublisherMW::is_ready
2023-03-17 15:46:21,459 - PublisherAppln - INFO - PublisherMW::is_ready - request sent and now wait for reply
2023-03-17 15:46:21,620 - PublisherAppln - INFO - PublisherMW::handle_reply
2023-03-17 15:46:21,620 - PublisherAppln - INFO - PublisherAppln::isready_response
2023-03-17 15:46:21,620 - PublisherAppln - INFO - PublisherAppln::invoke_operation
2023-03-17 15:46:21,620 - PublisherAppln - INFO - PublisherAppln::invoke_operation - state = State.DISSEMINATE
